OpenROAD 8d53e9b018dec98fa63e907ddeb6c5406f035361 
This program is licensed under the BSD-3 license. See the LICENSE file for details.
Components of this program may be licensed under more restrictive licenses which must be honored.
[INFO ODB-0222] Reading LEF file: /home/younis/caravel_tutorial/caravel_example/openlane/core/runs/core/tmp/merged_unpadded.lef
[INFO ODB-0223]     Created 13 technology layers
[INFO ODB-0224]     Created 25 technology vias
[INFO ODB-0225]     Created 441 library cells
[INFO ODB-0226] Finished LEF file:  /home/younis/caravel_tutorial/caravel_example/openlane/core/runs/core/tmp/merged_unpadded.lef
[INFO ODB-0127] Reading DEF file: /home/younis/caravel_tutorial/caravel_example/openlane/core/runs/core/results/floorplan/core.def
[INFO ODB-0128] Design: core
[INFO ODB-0130]     Created 252 pins.
[INFO ODB-0131]     Created 33218 components and 72853 component-terminals.
[INFO ODB-0133]     Created 933 nets and 2577 connections.
[INFO ODB-0134] Finished DEF file: /home/younis/caravel_tutorial/caravel_example/openlane/core/runs/core/results/floorplan/core.def
[INFO PDN-0016] Power Delivery Network Generator: Generating PDN
  config: /openlane/scripts/openroad/pdn_cfg.tcl
[INFO PDN-0008] Design name is core.
[INFO PDN-0009] Reading technology data.
[INFO PDN-0011] ****** INFO ******
Type: stdcell, stdcell_grid
    Stdcell Rails
      Layer: met1  -  width: 0.480  pitch: 5.440 
    Straps
      Layer: met4  -  width: 1.600  pitch: 153.600  offset: 16.320 
      Layer: met5  -  width: 1.600  pitch: 153.180  offset: 16.650 
    Connect: {met4 met5} {met1 met4}
Type: macro, CORE_macro_grid_1
    Macro orientation: R0 R180 MX MY R90 R270 MXR90 MYR90
    Straps
    Connect: {met4_PIN_ver met5}
[INFO PDN-0012] **** END INFO ****
[INFO PDN-0013] Inserting stdcell grid - stdcell_grid.
[INFO PDN-0015] Writing to database.
[WARNING PSM-0016] Voltage pad location (VSRC) file not specified, defaulting pad location to checkerboard pattern on core area.
[WARNING PSM-0017] X direction bump pitch is not specified, defaulting to 140um.
[WARNING PSM-0018] Y direction bump pitch is not specified, defaulting to 140um.
[WARNING PSM-0019] Voltage on net vccd1 is not explicitly set.
[WARNING PSM-0022] Using voltage 1.800V for VDD network.
[WARNING PSM-0065] VSRC location not specified, using default checkerboard pattern with one VDD every size bumps in x-direction and one in two bumps in the y-direction
[WARNING PSM-0030] VSRC location at (5.520um, 10.880um) and size 10.000um, is not located on a power stripe. Moving to closest stripe at (5.400um, 27.290um).
[WARNING PSM-0030] VSRC location at (845.520um, 10.880um) and size 10.000um, is not located on a power stripe. Moving to closest stripe at (847.800um, 27.290um).
[WARNING PSM-0030] VSRC location at (285.520um, 150.880um) and size 10.000um, is not located on a power stripe. Moving to closest stripe at (286.200um, 180.470um).
[WARNING PSM-0030] VSRC location at (1125.520um, 150.880um) and size 10.000um, is not located on a power stripe. Moving to closest stripe at (1123.200um, 180.470um).
[WARNING PSM-0030] VSRC location at (565.520um, 290.880um) and size 10.000um, is not located on a power stripe. Moving to closest stripe at (567.000um, 333.650um).
[WARNING PSM-0030] VSRC location at (1405.520um, 290.880um) and size 10.000um, is not located on a power stripe. Moving to closest stripe at (1404.000um, 333.650um).
[WARNING PSM-0030] VSRC location at (5.520um, 430.880um) and size 10.000um, is not located on a power stripe. Moving to closest stripe at (5.400um, 486.830um).
[WARNING PSM-0030] VSRC location at (845.520um, 430.880um) and size 10.000um, is not located on a power stripe. Moving to closest stripe at (847.800um, 486.830um).
[WARNING PSM-0030] VSRC location at (285.520um, 570.880um) and size 10.000um, is not located on a power stripe. Moving to closest stripe at (286.200um, 640.010um).
[WARNING PSM-0030] VSRC location at (1125.520um, 570.880um) and size 10.000um, is not located on a power stripe. Moving to closest stripe at (1123.200um, 640.010um).
[WARNING PSM-0030] VSRC location at (565.520um, 710.880um) and size 10.000um, is not located on a power stripe. Moving to closest stripe at (567.000um, 640.010um).
[WARNING PSM-0030] VSRC location at (1405.520um, 710.880um) and size 10.000um, is not located on a power stripe. Moving to closest stripe at (1404.000um, 640.010um).
[WARNING PSM-0030] VSRC location at (5.520um, 850.880um) and size 10.000um, is not located on a power stripe. Moving to closest stripe at (5.400um, 793.190um).
[WARNING PSM-0030] VSRC location at (845.520um, 850.880um) and size 10.000um, is not located on a power stripe. Moving to closest stripe at (847.800um, 793.190um).
[WARNING PSM-0030] VSRC location at (285.520um, 990.880um) and size 10.000um, is not located on a power stripe. Moving to closest stripe at (286.200um, 946.370um).
[WARNING PSM-0030] VSRC location at (1125.520um, 990.880um) and size 10.000um, is not located on a power stripe. Moving to closest stripe at (1123.200um, 946.370um).
[WARNING PSM-0030] VSRC location at (565.520um, 1130.880um) and size 10.000um, is not located on a power stripe. Moving to closest stripe at (567.000um, 1099.550um).
[WARNING PSM-0030] VSRC location at (1405.520um, 1130.880um) and size 10.000um, is not located on a power stripe. Moving to closest stripe at (1404.000um, 1099.550um).
[WARNING PSM-0030] VSRC location at (5.520um, 1270.880um) and size 10.000um, is not located on a power stripe. Moving to closest stripe at (5.400um, 1252.730um).
[WARNING PSM-0030] VSRC location at (845.520um, 1270.880um) and size 10.000um, is not located on a power stripe. Moving to closest stripe at (847.800um, 1252.730um).
[INFO PSM-0031] Number of PDN nodes on net vccd1 = 102622.
[INFO PSM-0064] Number of voltage sources = 20.
[INFO PSM-0040] All PDN stripes on net vccd1 are connected.
[WARNING PSM-0016] Voltage pad location (VSRC) file not specified, defaulting pad location to checkerboard pattern on core area.
[WARNING PSM-0017] X direction bump pitch is not specified, defaulting to 140um.
[WARNING PSM-0018] Y direction bump pitch is not specified, defaulting to 140um.
[WARNING PSM-0019] Voltage on net vssd1 is not explicitly set.
[WARNING PSM-0021] Using voltage 0.000V for ground network.
[WARNING PSM-0065] VSRC location not specified, using default checkerboard pattern with one VDD every size bumps in x-direction and one in two bumps in the y-direction
[WARNING PSM-0030] VSRC location at (5.520um, 10.880um) and size 10.000um, is not located on a power stripe. Moving to closest stripe at (5.400um, 103.880um).
[WARNING PSM-0030] VSRC location at (845.520um, 10.880um) and size 10.000um, is not located on a power stripe. Moving to closest stripe at (847.800um, 103.880um).
[WARNING PSM-0030] VSRC location at (285.520um, 150.880um) and size 10.000um, is not located on a power stripe. Moving to closest stripe at (286.200um, 103.880um).
[WARNING PSM-0030] VSRC location at (1125.520um, 150.880um) and size 10.000um, is not located on a power stripe. Moving to closest stripe at (1123.200um, 103.880um).
[WARNING PSM-0030] VSRC location at (565.520um, 290.880um) and size 10.000um, is not located on a power stripe. Moving to closest stripe at (567.000um, 257.060um).
[WARNING PSM-0030] VSRC location at (1405.520um, 290.880um) and size 10.000um, is not located on a power stripe. Moving to closest stripe at (1404.000um, 257.060um).
[WARNING PSM-0030] VSRC location at (5.520um, 430.880um) and size 10.000um, is not located on a power stripe. Moving to closest stripe at (5.400um, 410.240um).
[WARNING PSM-0030] VSRC location at (845.520um, 430.880um) and size 10.000um, is not located on a power stripe. Moving to closest stripe at (847.800um, 410.240um).
[WARNING PSM-0030] VSRC location at (285.520um, 570.880um) and size 10.000um, is not located on a power stripe. Moving to closest stripe at (286.200um, 563.420um).
[WARNING PSM-0030] VSRC location at (1125.520um, 570.880um) and size 10.000um, is not located on a power stripe. Moving to closest stripe at (1123.200um, 563.420um).
[WARNING PSM-0030] VSRC location at (565.520um, 710.880um) and size 10.000um, is not located on a power stripe. Moving to closest stripe at (567.000um, 716.600um).
[WARNING PSM-0030] VSRC location at (1405.520um, 710.880um) and size 10.000um, is not located on a power stripe. Moving to closest stripe at (1404.000um, 716.600um).
[WARNING PSM-0030] VSRC location at (5.520um, 850.880um) and size 10.000um, is not located on a power stripe. Moving to closest stripe at (5.400um, 869.780um).
[WARNING PSM-0030] VSRC location at (845.520um, 850.880um) and size 10.000um, is not located on a power stripe. Moving to closest stripe at (847.800um, 869.780um).
[WARNING PSM-0030] VSRC location at (285.520um, 990.880um) and size 10.000um, is not located on a power stripe. Moving to closest stripe at (286.200um, 1022.960um).
[WARNING PSM-0030] VSRC location at (1125.520um, 990.880um) and size 10.000um, is not located on a power stripe. Moving to closest stripe at (1123.200um, 1022.960um).
[WARNING PSM-0030] VSRC location at (565.520um, 1130.880um) and size 10.000um, is not located on a power stripe. Moving to closest stripe at (567.000um, 1176.140um).
[WARNING PSM-0030] VSRC location at (1405.520um, 1130.880um) and size 10.000um, is not located on a power stripe. Moving to closest stripe at (1404.000um, 1176.140um).
[WARNING PSM-0030] VSRC location at (5.520um, 1270.880um) and size 10.000um, is not located on a power stripe. Moving to closest stripe at (5.400um, 1329.320um).
[WARNING PSM-0030] VSRC location at (845.520um, 1270.880um) and size 10.000um, is not located on a power stripe. Moving to closest stripe at (847.800um, 1329.320um).
[INFO PSM-0031] Number of PDN nodes on net vssd1 = 102612.
[INFO PSM-0064] Number of voltage sources = 20.
[INFO PSM-0040] All PDN stripes on net vssd1 are connected.
[INFO]: Setting RC values...
[INFO PSM-0002] Output voltage file is specified as: /home/younis/caravel_tutorial/caravel_example/openlane/core/runs/core/tmp/floorplan/6-pdn.pga.rpt.
[WARNING PSM-0016] Voltage pad location (VSRC) file not specified, defaulting pad location to checkerboard pattern on core area.
[WARNING PSM-0017] X direction bump pitch is not specified, defaulting to 140um.
[WARNING PSM-0018] Y direction bump pitch is not specified, defaulting to 140um.
[WARNING PSM-0019] Voltage on net vccd1 is not explicitly set.
[WARNING PSM-0022] Using voltage 1.800V for VDD network.
[WARNING PSM-0065] VSRC location not specified, using default checkerboard pattern with one VDD every size bumps in x-direction and one in two bumps in the y-direction
[WARNING PSM-0030] VSRC location at (5.520um, 10.880um) and size 10.000um, is not located on a power stripe. Moving to closest stripe at (5.400um, 27.290um).
[WARNING PSM-0030] VSRC location at (845.520um, 10.880um) and size 10.000um, is not located on a power stripe. Moving to closest stripe at (847.800um, 27.290um).
[WARNING PSM-0030] VSRC location at (285.520um, 150.880um) and size 10.000um, is not located on a power stripe. Moving to closest stripe at (286.200um, 180.470um).
[WARNING PSM-0030] VSRC location at (1125.520um, 150.880um) and size 10.000um, is not located on a power stripe. Moving to closest stripe at (1123.200um, 180.470um).
[WARNING PSM-0030] VSRC location at (565.520um, 290.880um) and size 10.000um, is not located on a power stripe. Moving to closest stripe at (567.000um, 333.650um).
[WARNING PSM-0030] VSRC location at (1405.520um, 290.880um) and size 10.000um, is not located on a power stripe. Moving to closest stripe at (1404.000um, 333.650um).
[WARNING PSM-0030] VSRC location at (5.520um, 430.880um) and size 10.000um, is not located on a power stripe. Moving to closest stripe at (5.400um, 486.830um).
[WARNING PSM-0030] VSRC location at (845.520um, 430.880um) and size 10.000um, is not located on a power stripe. Moving to closest stripe at (847.800um, 486.830um).
[WARNING PSM-0030] VSRC location at (285.520um, 570.880um) and size 10.000um, is not located on a power stripe. Moving to closest stripe at (286.200um, 640.010um).
[WARNING PSM-0030] VSRC location at (1125.520um, 570.880um) and size 10.000um, is not located on a power stripe. Moving to closest stripe at (1123.200um, 640.010um).
[WARNING PSM-0030] VSRC location at (565.520um, 710.880um) and size 10.000um, is not located on a power stripe. Moving to closest stripe at (567.000um, 640.010um).
[WARNING PSM-0030] VSRC location at (1405.520um, 710.880um) and size 10.000um, is not located on a power stripe. Moving to closest stripe at (1404.000um, 640.010um).
[WARNING PSM-0030] VSRC location at (5.520um, 850.880um) and size 10.000um, is not located on a power stripe. Moving to closest stripe at (5.400um, 793.190um).
[WARNING PSM-0030] VSRC location at (845.520um, 850.880um) and size 10.000um, is not located on a power stripe. Moving to closest stripe at (847.800um, 793.190um).
[WARNING PSM-0030] VSRC location at (285.520um, 990.880um) and size 10.000um, is not located on a power stripe. Moving to closest stripe at (286.200um, 946.370um).
[WARNING PSM-0030] VSRC location at (1125.520um, 990.880um) and size 10.000um, is not located on a power stripe. Moving to closest stripe at (1123.200um, 946.370um).
[WARNING PSM-0030] VSRC location at (565.520um, 1130.880um) and size 10.000um, is not located on a power stripe. Moving to closest stripe at (567.000um, 1099.550um).
[WARNING PSM-0030] VSRC location at (1405.520um, 1130.880um) and size 10.000um, is not located on a power stripe. Moving to closest stripe at (1404.000um, 1099.550um).
[WARNING PSM-0030] VSRC location at (5.520um, 1270.880um) and size 10.000um, is not located on a power stripe. Moving to closest stripe at (5.400um, 1252.730um).
[WARNING PSM-0030] VSRC location at (845.520um, 1270.880um) and size 10.000um, is not located on a power stripe. Moving to closest stripe at (847.800um, 1252.730um).
[INFO PSM-0031] Number of PDN nodes on net vccd1 = 102622.
[WARNING PSM-0024] Instance _0581_, current node at (5400, 13600) at layer 2 have been moved from (0, 0).
[WARNING PSM-0024] Instance _0582_, current node at (5400, 13600) at layer 2 have been moved from (0, 0).
[WARNING PSM-0024] Instance _0583_, current node at (5400, 13600) at layer 2 have been moved from (0, 0).
[WARNING PSM-0024] Instance _0584_, current node at (5400, 13600) at layer 2 have been moved from (0, 0).
[WARNING PSM-0024] Instance _0585_, current node at (5400, 13600) at layer 2 have been moved from (0, 0).
[WARNING PSM-0024] Instance _0586_, current node at (5400, 13600) at layer 2 have been moved from (0, 0).
[WARNING PSM-0024] Instance _0587_, current node at (5400, 13600) at layer 2 have been moved from (0, 0).
[WARNING PSM-0024] Instance _0588_, current node at (5400, 13600) at layer 2 have been moved from (0, 0).
[WARNING PSM-0024] Instance _0589_, current node at (5400, 13600) at layer 2 have been moved from (0, 0).
[WARNING PSM-0024] Instance _0590_, current node at (5400, 13600) at layer 2 have been moved from (0, 0).
[WARNING PSM-0024] Instance _0591_, current node at (5400, 13600) at layer 2 have been moved from (0, 0).
[WARNING PSM-0024] Instance _0592_, current node at (5400, 13600) at layer 2 have been moved from (0, 0).
[WARNING PSM-0024] Instance _0593_, current node at (5400, 13600) at layer 2 have been moved from (0, 0).
[WARNING PSM-0024] Instance _0594_, current node at (5400, 13600) at layer 2 have been moved from (0, 0).
[WARNING PSM-0024] Instance _0595_, current node at (5400, 13600) at layer 2 have been moved from (0, 0).
[WARNING PSM-0024] Instance _0596_, current node at (5400, 13600) at layer 2 have been moved from (0, 0).
[WARNING PSM-0024] Instance _0597_, current node at (5400, 13600) at layer 2 have been moved from (0, 0).
[WARNING PSM-0024] Instance _0598_, current node at (5400, 13600) at layer 2 have been moved from (0, 0).
[WARNING PSM-0024] Instance _0599_, current node at (5400, 13600) at layer 2 have been moved from (0, 0).
[WARNING PSM-0024] Instance _0600_, current node at (5400, 13600) at layer 2 have been moved from (0, 0).
[WARNING PSM-0024] Instance _0601_, current node at (5400, 13600) at layer 2 have been moved from (0, 0).
[WARNING PSM-0024] Instance _0602_, current node at (5400, 13600) at layer 2 have been moved from (0, 0).
[WARNING PSM-0024] Instance _0603_, current node at (5400, 13600) at layer 2 have been moved from (0, 0).
[WARNING PSM-0024] Instance _0604_, current node at (5400, 13600) at layer 2 have been moved from (0, 0).
[WARNING PSM-0024] Instance _0605_, current node at (5400, 13600) at layer 2 have been moved from (0, 0).
[WARNING PSM-0024] Instance _0606_, current node at (5400, 13600) at layer 2 have been moved from (0, 0).
[WARNING PSM-0024] Instance _0607_, current node at (5400, 13600) at layer 2 have been moved from (0, 0).
[WARNING PSM-0024] Instance _0608_, current node at (5400, 13600) at layer 2 have been moved from (0, 0).
[WARNING PSM-0024] Instance _0609_, current node at (5400, 13600) at layer 2 have been moved from (0, 0).
[WARNING PSM-0024] Instance _0610_, current node at (5400, 13600) at layer 2 have been moved from (0, 0).
[WARNING PSM-0024] Instance _0611_, current node at (5400, 13600) at layer 2 have been moved from (0, 0).
[WARNING PSM-0024] Instance _0612_, current node at (5400, 13600) at layer 2 have been moved from (0, 0).
[WARNING PSM-0024] Instance _0613_, current node at (5400, 13600) at layer 2 have been moved from (0, 0).
[WARNING PSM-0024] Instance _0614_, current node at (5400, 13600) at layer 2 have been moved from (0, 0).
[WARNING PSM-0024] Instance _0615_, current node at (5400, 13600) at layer 2 have been moved from (0, 0).
[WARNING PSM-0024] Instance _0616_, current node at (5400, 13600) at layer 2 have been moved from (0, 0).
[WARNING PSM-0024] Instance _0617_, current node at (5400, 13600) at layer 2 have been moved from (0, 0).
[WARNING PSM-0024] Instance _0618_, current node at (5400, 13600) at layer 2 have been moved from (0, 0).
[WARNING PSM-0024] Instance _0619_, current node at (5400, 13600) at layer 2 have been moved from (0, 0).
[WARNING PSM-0024] Instance _0620_, current node at (5400, 13600) at layer 2 have been moved from (0, 0).
[WARNING PSM-0024] Instance _0621_, current node at (5400, 13600) at layer 2 have been moved from (0, 0).
[WARNING PSM-0024] Instance _0622_, current node at (5400, 13600) at layer 2 have been moved from (0, 0).
[WARNING PSM-0024] Instance _0623_, current node at (5400, 13600) at layer 2 have been moved from (0, 0).
[WARNING PSM-0024] Instance _0624_, current node at (5400, 13600) at layer 2 have been moved from (0, 0).
[WARNING PSM-0024] Instance _0625_, current node at (5400, 13600) at layer 2 have been moved from (0, 0).
[WARNING PSM-0024] Instance _0626_, current node at (5400, 13600) at layer 2 have been moved from (0, 0).
[WARNING PSM-0024] Instance _0627_, current node at (5400, 13600) at layer 2 have been moved from (0, 0).
[WARNING PSM-0024] Instance _0628_, current node at (5400, 13600) at layer 2 have been moved from (0, 0).
[WARNING PSM-0024] Instance _0629_, current node at (5400, 13600) at layer 2 have been moved from (0, 0).
[WARNING PSM-0024] Instance _0630_, current node at (5400, 13600) at layer 2 have been moved from (0, 0).
[WARNING PSM-0024] Instance _0631_, current node at (5400, 13600) at layer 2 have been moved from (0, 0).
[WARNING PSM-0024] Instance _0632_, current node at (5400, 13600) at layer 2 have been moved from (0, 0).
[WARNING PSM-0024] Instance _0633_, current node at (5400, 13600) at layer 2 have been moved from (0, 0).
[WARNING PSM-0024] Instance _0634_, current node at (5400, 13600) at layer 2 have been moved from (0, 0).
[WARNING PSM-0024] Instance _0635_, current node at (5400, 13600) at layer 2 have been moved from (0, 0).
[WARNING PSM-0024] Instance _0636_, current node at (5400, 13600) at layer 2 have been moved from (0, 0).
[WARNING PSM-0024] Instance _0637_, current node at (5400, 13600) at layer 2 have been moved from (0, 0).
[WARNING PSM-0024] Instance _0638_, current node at (5400, 13600) at layer 2 have been moved from (0, 0).
[WARNING PSM-0024] Instance _0639_, current node at (5400, 13600) at layer 2 have been moved from (0, 0).
[WARNING PSM-0024] Instance _0640_, current node at (5400, 13600) at layer 2 have been moved from (0, 0).
[WARNING PSM-0024] Instance _0641_, current node at (5400, 13600) at layer 2 have been moved from (0, 0).
[WARNING PSM-0024] Instance _0642_, current node at (5400, 13600) at layer 2 have been moved from (0, 0).
[WARNING PSM-0024] Instance _0643_, current node at (5400, 13600) at layer 2 have been moved from (0, 0).
[WARNING PSM-0024] Instance _0644_, current node at (5400, 13600) at layer 2 have been moved from (0, 0).
[WARNING PSM-0024] Instance _0645_, current node at (5400, 13600) at layer 2 have been moved from (0, 0).
[WARNING PSM-0024] Instance _0646_, current node at (5400, 13600) at layer 2 have been moved from (0, 0).
[WARNING PSM-0024] Instance _0647_, current node at (5400, 13600) at layer 2 have been moved from (0, 0).
[WARNING PSM-0024] Instance _0648_, current node at (5400, 13600) at layer 2 have been moved from (0, 0).
[WARNING PSM-0024] Instance _0649_, current node at (5400, 13600) at layer 2 have been moved from (0, 0).
[WARNING PSM-0024] Instance _0650_, current node at (5400, 13600) at layer 2 have been moved from (0, 0).
[WARNING PSM-0024] Instance _0651_, current node at (5400, 13600) at layer 2 have been moved from (0, 0).
[WARNING PSM-0024] Instance _0652_, current node at (5400, 13600) at layer 2 have been moved from (0, 0).
[WARNING PSM-0024] Instance _0653_, current node at (5400, 13600) at layer 2 have been moved from (0, 0).
[WARNING PSM-0024] Instance _0654_, current node at (5400, 13600) at layer 2 have been moved from (0, 0).
[WARNING PSM-0024] Instance _0655_, current node at (5400, 13600) at layer 2 have been moved from (0, 0).
[WARNING PSM-0024] Instance _0656_, current node at (5400, 13600) at layer 2 have been moved from (0, 0).
[WARNING PSM-0024] Instance _0657_, current node at (5400, 13600) at layer 2 have been moved from (0, 0).
[WARNING PSM-0024] Instance _0658_, current node at (5400, 13600) at layer 2 have been moved from (0, 0).
[WARNING PSM-0024] Instance _0659_, current node at (5400, 13600) at layer 2 have been moved from (0, 0).
[WARNING PSM-0024] Instance _0660_, current node at (5400, 13600) at layer 2 have been moved from (0, 0).
[WARNING PSM-0024] Instance _0661_, current node at (5400, 13600) at layer 2 have been moved from (0, 0).
[WARNING PSM-0024] Instance _0662_, current node at (5400, 13600) at layer 2 have been moved from (0, 0).
[WARNING PSM-0024] Instance _0663_, current node at (5400, 13600) at layer 2 have been moved from (0, 0).
[WARNING PSM-0024] Instance _0664_, current node at (5400, 13600) at layer 2 have been moved from (0, 0).
[WARNING PSM-0024] Instance _0665_, current node at (5400, 13600) at layer 2 have been moved from (0, 0).
[WARNING PSM-0024] Instance _0666_, current node at (5400, 13600) at layer 2 have been moved from (0, 0).
[WARNING PSM-0024] Instance _0667_, current node at (5400, 13600) at layer 2 have been moved from (0, 0).
[WARNING PSM-0024] Instance _0668_, current node at (5400, 13600) at layer 2 have been moved from (0, 0).
[WARNING PSM-0024] Instance _0669_, current node at (5400, 13600) at layer 2 have been moved from (0, 0).
[WARNING PSM-0024] Instance _0670_, current node at (5400, 13600) at layer 2 have been moved from (0, 0).
[WARNING PSM-0024] Instance _0671_, current node at (5400, 13600) at layer 2 have been moved from (0, 0).
[WARNING PSM-0024] Instance _0672_, current node at (5400, 13600) at layer 2 have been moved from (0, 0).
[WARNING PSM-0024] Instance _0673_, current node at (5400, 13600) at layer 2 have been moved from (0, 0).
[WARNING PSM-0024] Instance _0674_, current node at (5400, 13600) at layer 2 have been moved from (0, 0).
[WARNING PSM-0024] Instance _0675_, current node at (5400, 13600) at layer 2 have been moved from (0, 0).
[WARNING PSM-0024] Instance _0676_, current node at (5400, 13600) at layer 2 have been moved from (0, 0).
[WARNING PSM-0024] Instance _0677_, current node at (5400, 13600) at layer 2 have been moved from (0, 0).
[WARNING PSM-0024] Instance _0678_, current node at (5400, 13600) at layer 2 have been moved from (0, 0).
[WARNING PSM-0024] Instance _0679_, current node at (5400, 13600) at layer 2 have been moved from (0, 0).
[WARNING PSM-0024] Instance _0680_, current node at (5400, 13600) at layer 2 have been moved from (0, 0).
[WARNING PSM-0024] Instance _0681_, current node at (5400, 13600) at layer 2 have been moved from (0, 0).
[WARNING PSM-0024] Instance _0682_, current node at (5400, 13600) at layer 2 have been moved from (0, 0).
[WARNING PSM-0024] Instance _0683_, current node at (5400, 13600) at layer 2 have been moved from (0, 0).
[WARNING PSM-0024] Instance _0684_, current node at (5400, 13600) at layer 2 have been moved from (0, 0).
[WARNING PSM-0024] Instance _0685_, current node at (5400, 13600) at layer 2 have been moved from (0, 0).
[WARNING PSM-0024] Instance _0686_, current node at (5400, 13600) at layer 2 have been moved from (0, 0).
[WARNING PSM-0024] Instance _0687_, current node at (5400, 13600) at layer 2 have been moved from (0, 0).
[WARNING PSM-0024] Instance _0688_, current node at (5400, 13600) at layer 2 have been moved from (0, 0).
[WARNING PSM-0024] Instance _0689_, current node at (5400, 13600) at layer 2 have been moved from (0, 0).
[WARNING PSM-0024] Instance _0690_, current node at (5400, 13600) at layer 2 have been moved from (0, 0).
[WARNING PSM-0024] Instance _0691_, current node at (5400, 13600) at layer 2 have been moved from (0, 0).
[WARNING PSM-0024] Instance _0692_, current node at (5400, 13600) at layer 2 have been moved from (0, 0).
[WARNING PSM-0024] Instance _0693_, current node at (5400, 13600) at layer 2 have been moved from (0, 0).
[WARNING PSM-0024] Instance _0694_, current node at (5400, 13600) at layer 2 have been moved from (0, 0).
[WARNING PSM-0024] Instance _0695_, current node at (5400, 13600) at layer 2 have been moved from (0, 0).
[WARNING PSM-0024] Instance _0696_, current node at (5400, 13600) at layer 2 have been moved from (0, 0).
[WARNING PSM-0024] Instance _0697_, current node at (5400, 13600) at layer 2 have been moved from (0, 0).
[WARNING PSM-0024] Instance _0698_, current node at (5400, 13600) at layer 2 have been moved from (0, 0).
[WARNING PSM-0024] Instance _0699_, current node at (5400, 13600) at layer 2 have been moved from (0, 0).
[WARNING PSM-0024] Instance _0700_, current node at (5400, 13600) at layer 2 have been moved from (0, 0).
[WARNING PSM-0024] Instance _0701_, current node at (5400, 13600) at layer 2 have been moved from (0, 0).
[WARNING PSM-0024] Instance _0702_, current node at (5400, 13600) at layer 2 have been moved from (0, 0).
[WARNING PSM-0024] Instance _0703_, current node at (5400, 13600) at layer 2 have been moved from (0, 0).
[WARNING PSM-0024] Instance _0704_, current node at (5400, 13600) at layer 2 have been moved from (0, 0).
[WARNING PSM-0024] Instance _0705_, current node at (5400, 13600) at layer 2 have been moved from (0, 0).
[WARNING PSM-0024] Instance _0706_, current node at (5400, 13600) at layer 2 have been moved from (0, 0).
[WARNING PSM-0024] Instance _0707_, current node at (5400, 13600) at layer 2 have been moved from (0, 0).
[WARNING PSM-0024] Instance _0708_, current node at (5400, 13600) at layer 2 have been moved from (0, 0).
[WARNING PSM-0024] Instance _0709_, current node at (5400, 13600) at layer 2 have been moved from (0, 0).
[WARNING PSM-0024] Instance _0710_, current node at (5400, 13600) at layer 2 have been moved from (0, 0).
[WARNING PSM-0024] Instance _0711_, current node at (5400, 13600) at layer 2 have been moved from (0, 0).
[WARNING PSM-0024] Instance _0712_, current node at (5400, 13600) at layer 2 have been moved from (0, 0).
[WARNING PSM-0024] Instance _0713_, current node at (5400, 13600) at layer 2 have been moved from (0, 0).
[WARNING PSM-0024] Instance _0714_, current node at (5400, 13600) at layer 2 have been moved from (0, 0).
[WARNING PSM-0024] Instance _0715_, current node at (5400, 13600) at layer 2 have been moved from (0, 0).
[WARNING PSM-0024] Instance _0716_, current node at (5400, 13600) at layer 2 have been moved from (0, 0).
[WARNING PSM-0024] Instance _0717_, current node at (5400, 13600) at layer 2 have been moved from (0, 0).
[WARNING PSM-0024] Instance _0718_, current node at (5400, 13600) at layer 2 have been moved from (0, 0).
[WARNING PSM-0024] Instance _0719_, current node at (5400, 13600) at layer 2 have been moved from (0, 0).
[WARNING PSM-0024] Instance _0720_, current node at (5400, 13600) at layer 2 have been moved from (0, 0).
[WARNING PSM-0024] Instance _0721_, current node at (5400, 13600) at layer 2 have been moved from (0, 0).
[WARNING PSM-0024] Instance _0722_, current node at (5400, 13600) at layer 2 have been moved from (0, 0).
[WARNING PSM-0024] Instance _0723_, current node at (5400, 13600) at layer 2 have been moved from (0, 0).
[WARNING PSM-0024] Instance _0724_, current node at (5400, 13600) at layer 2 have been moved from (0, 0).
[WARNING PSM-0024] Instance _0725_, current node at (5400, 13600) at layer 2 have been moved from (0, 0).
[WARNING PSM-0024] Instance _0726_, current node at (5400, 13600) at layer 2 have been moved from (0, 0).
[WARNING PSM-0024] Instance _0727_, current node at (5400, 13600) at layer 2 have been moved from (0, 0).
[WARNING PSM-0024] Instance _0728_, current node at (5400, 13600) at layer 2 have been moved from (0, 0).
[WARNING PSM-0024] Instance _0729_, current node at (5400, 13600) at layer 2 have been moved from (0, 0).
[WARNING PSM-0024] Instance _0730_, current node at (5400, 13600) at layer 2 have been moved from (0, 0).
[WARNING PSM-0024] Instance _0731_, current node at (5400, 13600) at layer 2 have been moved from (0, 0).
[WARNING PSM-0024] Instance _0732_, current node at (5400, 13600) at layer 2 have been moved from (0, 0).
[WARNING PSM-0024] Instance _0733_, current node at (5400, 13600) at layer 2 have been moved from (0, 0).
[WARNING PSM-0024] Instance _0734_, current node at (5400, 13600) at layer 2 have been moved from (0, 0).
[WARNING PSM-0024] Instance _0735_, current node at (5400, 13600) at layer 2 have been moved from (0, 0).
[WARNING PSM-0024] Instance _0736_, current node at (5400, 13600) at layer 2 have been moved from (0, 0).
[WARNING PSM-0024] Instance _0737_, current node at (5400, 13600) at layer 2 have been moved from (0, 0).
[WARNING PSM-0024] Instance _0738_, current node at (5400, 13600) at layer 2 have been moved from (0, 0).
[WARNING PSM-0024] Instance _0739_, current node at (5400, 13600) at layer 2 have been moved from (0, 0).
[WARNING PSM-0024] Instance _0740_, current node at (5400, 13600) at layer 2 have been moved from (0, 0).
[WARNING PSM-0024] Instance _0741_, current node at (5400, 13600) at layer 2 have been moved from (0, 0).
[WARNING PSM-0024] Instance _0742_, current node at (5400, 13600) at layer 2 have been moved from (0, 0).
[WARNING PSM-0024] Instance _0743_, current node at (5400, 13600) at layer 2 have been moved from (0, 0).
[WARNING PSM-0024] Instance _0744_, current node at (5400, 13600) at layer 2 have been moved from (0, 0).
[WARNING PSM-0024] Instance _0745_, current node at (5400, 13600) at layer 2 have been moved from (0, 0).
[WARNING PSM-0024] Instance _0746_, current node at (5400, 13600) at layer 2 have been moved from (0, 0).
[WARNING PSM-0024] Instance _0747_, current node at (5400, 13600) at layer 2 have been moved from (0, 0).
[WARNING PSM-0024] Instance _0748_, current node at (5400, 13600) at layer 2 have been moved from (0, 0).
[WARNING PSM-0024] Instance _0749_, current node at (5400, 13600) at layer 2 have been moved from (0, 0).
[WARNING PSM-0024] Instance _0750_, current node at (5400, 13600) at layer 2 have been moved from (0, 0).
[WARNING PSM-0024] Instance _0751_, current node at (5400, 13600) at layer 2 have been moved from (0, 0).
[WARNING PSM-0024] Instance _0752_, current node at (5400, 13600) at layer 2 have been moved from (0, 0).
[WARNING PSM-0024] Instance _0753_, current node at (5400, 13600) at layer 2 have been moved from (0, 0).
[WARNING PSM-0024] Instance _0754_, current node at (5400, 13600) at layer 2 have been moved from (0, 0).
[WARNING PSM-0024] Instance _0755_, current node at (5400, 13600) at layer 2 have been moved from (0, 0).
[WARNING PSM-0024] Instance _0756_, current node at (5400, 13600) at layer 2 have been moved from (0, 0).
[WARNING PSM-0024] Instance _0757_, current node at (5400, 13600) at layer 2 have been moved from (0, 0).
[WARNING PSM-0024] Instance _0758_, current node at (5400, 13600) at layer 2 have been moved from (0, 0).
[WARNING PSM-0024] Instance _0759_, current node at (5400, 13600) at layer 2 have been moved from (0, 0).
[WARNING PSM-0024] Instance _0760_, current node at (5400, 13600) at layer 2 have been moved from (0, 0).
[WARNING PSM-0024] Instance _0761_, current node at (5400, 13600) at layer 2 have been moved from (0, 0).
[WARNING PSM-0024] Instance _0762_, current node at (5400, 13600) at layer 2 have been moved from (0, 0).
[WARNING PSM-0024] Instance _0763_, current node at (5400, 13600) at layer 2 have been moved from (0, 0).
[WARNING PSM-0024] Instance _0764_, current node at (5400, 13600) at layer 2 have been moved from (0, 0).
[WARNING PSM-0024] Instance _0765_, current node at (5400, 13600) at layer 2 have been moved from (0, 0).
[WARNING PSM-0024] Instance _0766_, current node at (5400, 13600) at layer 2 have been moved from (0, 0).
[WARNING PSM-0024] Instance _0767_, current node at (5400, 13600) at layer 2 have been moved from (0, 0).
[WARNING PSM-0024] Instance _0768_, current node at (5400, 13600) at layer 2 have been moved from (0, 0).
[WARNING PSM-0024] Instance _0769_, current node at (5400, 13600) at layer 2 have been moved from (0, 0).
[WARNING PSM-0024] Instance _0770_, current node at (5400, 13600) at layer 2 have been moved from (0, 0).
[WARNING PSM-0024] Instance _0771_, current node at (5400, 13600) at layer 2 have been moved from (0, 0).
[WARNING PSM-0024] Instance _0772_, current node at (5400, 13600) at layer 2 have been moved from (0, 0).
[WARNING PSM-0024] Instance _0773_, current node at (5400, 13600) at layer 2 have been moved from (0, 0).
[WARNING PSM-0024] Instance _0774_, current node at (5400, 13600) at layer 2 have been moved from (0, 0).
[WARNING PSM-0024] Instance _0775_, current node at (5400, 13600) at layer 2 have been moved from (0, 0).
[WARNING PSM-0024] Instance _0776_, current node at (5400, 13600) at layer 2 have been moved from (0, 0).
[WARNING PSM-0024] Instance _0777_, current node at (5400, 13600) at layer 2 have been moved from (0, 0).
[WARNING PSM-0024] Instance _0778_, current node at (5400, 13600) at layer 2 have been moved from (0, 0).
[WARNING PSM-0024] Instance _0779_, current node at (5400, 13600) at layer 2 have been moved from (0, 0).
[WARNING PSM-0024] Instance _0780_, current node at (5400, 13600) at layer 2 have been moved from (0, 0).
[WARNING PSM-0024] Instance _0781_, current node at (5400, 13600) at layer 2 have been moved from (0, 0).
[WARNING PSM-0024] Instance _0782_, current node at (5400, 13600) at layer 2 have been moved from (0, 0).
[WARNING PSM-0024] Instance _0783_, current node at (5400, 13600) at layer 2 have been moved from (0, 0).
[WARNING PSM-0024] Instance _0784_, current node at (5400, 13600) at layer 2 have been moved from (0, 0).
[WARNING PSM-0024] Instance _0785_, current node at (5400, 13600) at layer 2 have been moved from (0, 0).
[WARNING PSM-0024] Instance _0786_, current node at (5400, 13600) at layer 2 have been moved from (0, 0).
[WARNING PSM-0024] Instance _0787_, current node at (5400, 13600) at layer 2 have been moved from (0, 0).
[WARNING PSM-0024] Instance _0788_, current node at (5400, 13600) at layer 2 have been moved from (0, 0).
[WARNING PSM-0024] Instance _0789_, current node at (5400, 13600) at layer 2 have been moved from (0, 0).
[WARNING PSM-0024] Instance _0790_, current node at (5400, 13600) at layer 2 have been moved from (0, 0).
[WARNING PSM-0024] Instance _0791_, current node at (5400, 13600) at layer 2 have been moved from (0, 0).
[WARNING PSM-0024] Instance _0792_, current node at (5400, 13600) at layer 2 have been moved from (0, 0).
[WARNING PSM-0024] Instance _0793_, current node at (5400, 13600) at layer 2 have been moved from (0, 0).
[WARNING PSM-0024] Instance _0794_, current node at (5400, 13600) at layer 2 have been moved from (0, 0).
[WARNING PSM-0024] Instance _0795_, current node at (5400, 13600) at layer 2 have been moved from (0, 0).
[WARNING PSM-0024] Instance _0796_, current node at (5400, 13600) at layer 2 have been moved from (0, 0).
[WARNING PSM-0024] Instance _0797_, current node at (5400, 13600) at layer 2 have been moved from (0, 0).
[WARNING PSM-0024] Instance _0798_, current node at (5400, 13600) at layer 2 have been moved from (0, 0).
[WARNING PSM-0024] Instance _0799_, current node at (5400, 13600) at layer 2 have been moved from (0, 0).
[WARNING PSM-0024] Instance _0800_, current node at (5400, 13600) at layer 2 have been moved from (0, 0).
[WARNING PSM-0024] Instance _0801_, current node at (5400, 13600) at layer 2 have been moved from (0, 0).
[WARNING PSM-0024] Instance _0802_, current node at (5400, 13600) at layer 2 have been moved from (0, 0).
[WARNING PSM-0024] Instance _0803_, current node at (5400, 13600) at layer 2 have been moved from (0, 0).
[WARNING PSM-0024] Instance _0804_, current node at (5400, 13600) at layer 2 have been moved from (0, 0).
[WARNING PSM-0024] Instance _0805_, current node at (5400, 13600) at layer 2 have been moved from (0, 0).
[WARNING PSM-0024] Instance _0806_, current node at (5400, 13600) at layer 2 have been moved from (0, 0).
[WARNING PSM-0024] Instance _0807_, current node at (5400, 13600) at layer 2 have been moved from (0, 0).
[WARNING PSM-0024] Instance _0808_, current node at (5400, 13600) at layer 2 have been moved from (0, 0).
[WARNING PSM-0024] Instance _0809_, current node at (5400, 13600) at layer 2 have been moved from (0, 0).
[WARNING PSM-0024] Instance _0810_, current node at (5400, 13600) at layer 2 have been moved from (0, 0).
[WARNING PSM-0024] Instance _0811_, current node at (5400, 13600) at layer 2 have been moved from (0, 0).
[WARNING PSM-0024] Instance _0812_, current node at (5400, 13600) at layer 2 have been moved from (0, 0).
[WARNING PSM-0024] Instance _0813_, current node at (5400, 13600) at layer 2 have been moved from (0, 0).
[WARNING PSM-0024] Instance _0814_, current node at (5400, 13600) at layer 2 have been moved from (0, 0).
[WARNING PSM-0024] Instance _0815_, current node at (5400, 13600) at layer 2 have been moved from (0, 0).
[WARNING PSM-0024] Instance _0816_, current node at (5400, 13600) at layer 2 have been moved from (0, 0).
[WARNING PSM-0024] Instance _0817_, current node at (5400, 13600) at layer 2 have been moved from (0, 0).
[WARNING PSM-0024] Instance _0818_, current node at (5400, 13600) at layer 2 have been moved from (0, 0).
[WARNING PSM-0024] Instance _0819_, current node at (5400, 13600) at layer 2 have been moved from (0, 0).
[WARNING PSM-0024] Instance _0820_, current node at (5400, 13600) at layer 2 have been moved from (0, 0).
[WARNING PSM-0024] Instance _0821_, current node at (5400, 13600) at layer 2 have been moved from (0, 0).
[WARNING PSM-0024] Instance _0822_, current node at (5400, 13600) at layer 2 have been moved from (0, 0).
[WARNING PSM-0024] Instance _0823_, current node at (5400, 13600) at layer 2 have been moved from (0, 0).
[WARNING PSM-0024] Instance _0824_, current node at (5400, 13600) at layer 2 have been moved from (0, 0).
[WARNING PSM-0024] Instance _0825_, current node at (5400, 13600) at layer 2 have been moved from (0, 0).
[WARNING PSM-0024] Instance _0826_, current node at (5400, 13600) at layer 2 have been moved from (0, 0).
[WARNING PSM-0024] Instance _0827_, current node at (5400, 13600) at layer 2 have been moved from (0, 0).
[WARNING PSM-0024] Instance _0828_, current node at (5400, 13600) at layer 2 have been moved from (0, 0).
[WARNING PSM-0024] Instance _0829_, current node at (5400, 13600) at layer 2 have been moved from (0, 0).
[WARNING PSM-0024] Instance _0830_, current node at (5400, 13600) at layer 2 have been moved from (0, 0).
[WARNING PSM-0024] Instance _0831_, current node at (5400, 13600) at layer 2 have been moved from (0, 0).
[WARNING PSM-0024] Instance _0832_, current node at (5400, 13600) at layer 2 have been moved from (0, 0).
[WARNING PSM-0024] Instance _0833_, current node at (5400, 13600) at layer 2 have been moved from (0, 0).
[WARNING PSM-0024] Instance _0834_, current node at (5400, 13600) at layer 2 have been moved from (0, 0).
[WARNING PSM-0024] Instance _0835_, current node at (5400, 13600) at layer 2 have been moved from (0, 0).
[WARNING PSM-0024] Instance _0836_, current node at (5400, 13600) at layer 2 have been moved from (0, 0).
[WARNING PSM-0024] Instance _0837_, current node at (5400, 13600) at layer 2 have been moved from (0, 0).
[WARNING PSM-0024] Instance _0838_, current node at (5400, 13600) at layer 2 have been moved from (0, 0).
[WARNING PSM-0024] Instance _0839_, current node at (5400, 13600) at layer 2 have been moved from (0, 0).
[WARNING PSM-0024] Instance _0840_, current node at (5400, 13600) at layer 2 have been moved from (0, 0).
[WARNING PSM-0024] Instance _0841_, current node at (5400, 13600) at layer 2 have been moved from (0, 0).
[WARNING PSM-0024] Instance _0842_, current node at (5400, 13600) at layer 2 have been moved from (0, 0).
[WARNING PSM-0024] Instance _0843_, current node at (5400, 13600) at layer 2 have been moved from (0, 0).
[WARNING PSM-0024] Instance _0844_, current node at (5400, 13600) at layer 2 have been moved from (0, 0).
[WARNING PSM-0024] Instance _0845_, current node at (5400, 13600) at layer 2 have been moved from (0, 0).
[WARNING PSM-0024] Instance _0846_, current node at (5400, 13600) at layer 2 have been moved from (0, 0).
[WARNING PSM-0024] Instance _0847_, current node at (5400, 13600) at layer 2 have been moved from (0, 0).
[WARNING PSM-0024] Instance _0848_, current node at (5400, 13600) at layer 2 have been moved from (0, 0).
[WARNING PSM-0024] Instance _0849_, current node at (5400, 13600) at layer 2 have been moved from (0, 0).
[WARNING PSM-0024] Instance _0850_, current node at (5400, 13600) at layer 2 have been moved from (0, 0).
[WARNING PSM-0024] Instance _0851_, current node at (5400, 13600) at layer 2 have been moved from (0, 0).
[WARNING PSM-0024] Instance _0852_, current node at (5400, 13600) at layer 2 have been moved from (0, 0).
[WARNING PSM-0024] Instance _0853_, current node at (5400, 13600) at layer 2 have been moved from (0, 0).
[WARNING PSM-0024] Instance _0854_, current node at (5400, 13600) at layer 2 have been moved from (0, 0).
[WARNING PSM-0024] Instance _0855_, current node at (5400, 13600) at layer 2 have been moved from (0, 0).
[WARNING PSM-0024] Instance _0856_, current node at (5400, 13600) at layer 2 have been moved from (0, 0).
[WARNING PSM-0024] Instance _0857_, current node at (5400, 13600) at layer 2 have been moved from (0, 0).
[WARNING PSM-0024] Instance _0858_, current node at (5400, 13600) at layer 2 have been moved from (0, 0).
[WARNING PSM-0024] Instance _0859_, current node at (5400, 13600) at layer 2 have been moved from (0, 0).
[WARNING PSM-0024] Instance _0860_, current node at (5400, 13600) at layer 2 have been moved from (0, 0).
[WARNING PSM-0024] Instance _0861_, current node at (5400, 13600) at layer 2 have been moved from (0, 0).
[WARNING PSM-0024] Instance _0862_, current node at (5400, 13600) at layer 2 have been moved from (0, 0).
[WARNING PSM-0024] Instance _0863_, current node at (5400, 13600) at layer 2 have been moved from (0, 0).
[WARNING PSM-0024] Instance _0864_, current node at (5400, 13600) at layer 2 have been moved from (0, 0).
[WARNING PSM-0024] Instance _0865_, current node at (5400, 13600) at layer 2 have been moved from (0, 0).
[WARNING PSM-0024] Instance _0866_, current node at (5400, 13600) at layer 2 have been moved from (0, 0).
[WARNING PSM-0024] Instance _0867_, current node at (5400, 13600) at layer 2 have been moved from (0, 0).
[WARNING PSM-0024] Instance _0868_, current node at (5400, 13600) at layer 2 have been moved from (0, 0).
[WARNING PSM-0024] Instance _0869_, current node at (5400, 13600) at layer 2 have been moved from (0, 0).
[WARNING PSM-0024] Instance _0870_, current node at (5400, 13600) at layer 2 have been moved from (0, 0).
[WARNING PSM-0024] Instance _0871_, current node at (5400, 13600) at layer 2 have been moved from (0, 0).
[WARNING PSM-0024] Instance _0872_, current node at (5400, 13600) at layer 2 have been moved from (0, 0).
[WARNING PSM-0024] Instance _0873_, current node at (5400, 13600) at layer 2 have been moved from (0, 0).
[WARNING PSM-0024] Instance _0874_, current node at (5400, 13600) at layer 2 have been moved from (0, 0).
[WARNING PSM-0024] Instance _0875_, current node at (5400, 13600) at layer 2 have been moved from (0, 0).
[WARNING PSM-0024] Instance _0876_, current node at (5400, 13600) at layer 2 have been moved from (0, 0).
[WARNING PSM-0024] Instance _0877_, current node at (5400, 13600) at layer 2 have been moved from (0, 0).
[WARNING PSM-0024] Instance _0878_, current node at (5400, 13600) at layer 2 have been moved from (0, 0).
[WARNING PSM-0024] Instance _0879_, current node at (5400, 13600) at layer 2 have been moved from (0, 0).
[WARNING PSM-0024] Instance _0880_, current node at (5400, 13600) at layer 2 have been moved from (0, 0).
[WARNING PSM-0024] Instance _0881_, current node at (5400, 13600) at layer 2 have been moved from (0, 0).
[WARNING PSM-0024] Instance _0882_, current node at (5400, 13600) at layer 2 have been moved from (0, 0).
[WARNING PSM-0024] Instance _0883_, current node at (5400, 13600) at layer 2 have been moved from (0, 0).
[WARNING PSM-0024] Instance _0884_, current node at (5400, 13600) at layer 2 have been moved from (0, 0).
[WARNING PSM-0024] Instance _0885_, current node at (5400, 13600) at layer 2 have been moved from (0, 0).
[WARNING PSM-0024] Instance _0886_, current node at (5400, 13600) at layer 2 have been moved from (0, 0).
[WARNING PSM-0024] Instance _0887_, current node at (5400, 13600) at layer 2 have been moved from (0, 0).
[WARNING PSM-0024] Instance _0888_, current node at (5400, 13600) at layer 2 have been moved from (0, 0).
[WARNING PSM-0024] Instance _0889_, current node at (5400, 13600) at layer 2 have been moved from (0, 0).
[WARNING PSM-0024] Instance _0890_, current node at (5400, 13600) at layer 2 have been moved from (0, 0).
[WARNING PSM-0024] Instance _0891_, current node at (5400, 13600) at layer 2 have been moved from (0, 0).
[WARNING PSM-0024] Instance _0892_, current node at (5400, 13600) at layer 2 have been moved from (0, 0).
[WARNING PSM-0024] Instance _0893_, current node at (5400, 13600) at layer 2 have been moved from (0, 0).
[WARNING PSM-0024] Instance _0894_, current node at (5400, 13600) at layer 2 have been moved from (0, 0).
[WARNING PSM-0024] Instance _0895_, current node at (5400, 13600) at layer 2 have been moved from (0, 0).
[WARNING PSM-0024] Instance _0896_, current node at (5400, 13600) at layer 2 have been moved from (0, 0).
[WARNING PSM-0024] Instance _0897_, current node at (5400, 13600) at layer 2 have been moved from (0, 0).
[WARNING PSM-0024] Instance _0898_, current node at (5400, 13600) at layer 2 have been moved from (0, 0).
[WARNING PSM-0024] Instance _0899_, current node at (5400, 13600) at layer 2 have been moved from (0, 0).
[WARNING PSM-0024] Instance _0900_, current node at (5400, 13600) at layer 2 have been moved from (0, 0).
[WARNING PSM-0024] Instance _0901_, current node at (5400, 13600) at layer 2 have been moved from (0, 0).
[WARNING PSM-0024] Instance _0902_, current node at (5400, 13600) at layer 2 have been moved from (0, 0).
[WARNING PSM-0024] Instance _0903_, current node at (5400, 13600) at layer 2 have been moved from (0, 0).
[WARNING PSM-0024] Instance _0904_, current node at (5400, 13600) at layer 2 have been moved from (0, 0).
[WARNING PSM-0024] Instance _0905_, current node at (5400, 13600) at layer 2 have been moved from (0, 0).
[WARNING PSM-0024] Instance _0906_, current node at (5400, 13600) at layer 2 have been moved from (0, 0).
[WARNING PSM-0024] Instance _0907_, current node at (5400, 13600) at layer 2 have been moved from (0, 0).
[WARNING PSM-0024] Instance _0908_, current node at (5400, 13600) at layer 2 have been moved from (0, 0).
[WARNING PSM-0024] Instance _0909_, current node at (5400, 13600) at layer 2 have been moved from (0, 0).
[WARNING PSM-0024] Instance _0910_, current node at (5400, 13600) at layer 2 have been moved from (0, 0).
[WARNING PSM-0024] Instance _0911_, current node at (5400, 13600) at layer 2 have been moved from (0, 0).
[WARNING PSM-0024] Instance _0912_, current node at (5400, 13600) at layer 2 have been moved from (0, 0).
[WARNING PSM-0024] Instance _0913_, current node at (5400, 13600) at layer 2 have been moved from (0, 0).
[WARNING PSM-0024] Instance _0914_, current node at (5400, 13600) at layer 2 have been moved from (0, 0).
[WARNING PSM-0024] Instance _0915_, current node at (5400, 13600) at layer 2 have been moved from (0, 0).
[WARNING PSM-0024] Instance _0916_, current node at (5400, 13600) at layer 2 have been moved from (0, 0).
[WARNING PSM-0024] Instance _0917_, current node at (5400, 13600) at layer 2 have been moved from (0, 0).
[WARNING PSM-0024] Instance _0918_, current node at (5400, 13600) at layer 2 have been moved from (0, 0).
[WARNING PSM-0024] Instance _0919_, current node at (5400, 13600) at layer 2 have been moved from (0, 0).
[WARNING PSM-0024] Instance _0920_, current node at (5400, 13600) at layer 2 have been moved from (0, 0).
[WARNING PSM-0024] Instance _0921_, current node at (5400, 13600) at layer 2 have been moved from (0, 0).
[WARNING PSM-0024] Instance _0922_, current node at (5400, 13600) at layer 2 have been moved from (0, 0).
[WARNING PSM-0024] Instance _0923_, current node at (5400, 13600) at layer 2 have been moved from (0, 0).
[WARNING PSM-0024] Instance _0924_, current node at (5400, 13600) at layer 2 have been moved from (0, 0).
[WARNING PSM-0024] Instance _0925_, current node at (5400, 13600) at layer 2 have been moved from (0, 0).
[WARNING PSM-0024] Instance _0926_, current node at (5400, 13600) at layer 2 have been moved from (0, 0).
[WARNING PSM-0024] Instance _0927_, current node at (5400, 13600) at layer 2 have been moved from (0, 0).
[WARNING PSM-0024] Instance _0928_, current node at (5400, 13600) at layer 2 have been moved from (0, 0).
[WARNING PSM-0024] Instance _0929_, current node at (5400, 13600) at layer 2 have been moved from (0, 0).
[WARNING PSM-0024] Instance _0930_, current node at (5400, 13600) at layer 2 have been moved from (0, 0).
[WARNING PSM-0024] Instance _0931_, current node at (5400, 13600) at layer 2 have been moved from (0, 0).
[WARNING PSM-0024] Instance _0932_, current node at (5400, 13600) at layer 2 have been moved from (0, 0).
[WARNING PSM-0024] Instance _0933_, current node at (5400, 13600) at layer 2 have been moved from (0, 0).
[WARNING PSM-0024] Instance _0934_, current node at (5400, 13600) at layer 2 have been moved from (0, 0).
[WARNING PSM-0024] Instance _0935_, current node at (5400, 13600) at layer 2 have been moved from (0, 0).
[WARNING PSM-0024] Instance _0936_, current node at (5400, 13600) at layer 2 have been moved from (0, 0).
[WARNING PSM-0024] Instance _0937_, current node at (5400, 13600) at layer 2 have been moved from (0, 0).
[WARNING PSM-0024] Instance _0938_, current node at (5400, 13600) at layer 2 have been moved from (0, 0).
[WARNING PSM-0024] Instance _0939_, current node at (5400, 13600) at layer 2 have been moved from (0, 0).
[WARNING PSM-0024] Instance _0940_, current node at (5400, 13600) at layer 2 have been moved from (0, 0).
[WARNING PSM-0024] Instance _0941_, current node at (5400, 13600) at layer 2 have been moved from (0, 0).
[WARNING PSM-0024] Instance _0942_, current node at (5400, 13600) at layer 2 have been moved from (0, 0).
[WARNING PSM-0024] Instance _0943_, current node at (5400, 13600) at layer 2 have been moved from (0, 0).
[WARNING PSM-0024] Instance _0944_, current node at (5400, 13600) at layer 2 have been moved from (0, 0).
[WARNING PSM-0024] Instance _0945_, current node at (5400, 13600) at layer 2 have been moved from (0, 0).
[WARNING PSM-0024] Instance _0946_, current node at (5400, 13600) at layer 2 have been moved from (0, 0).
[WARNING PSM-0024] Instance _0947_, current node at (5400, 13600) at layer 2 have been moved from (0, 0).
[WARNING PSM-0024] Instance _0948_, current node at (5400, 13600) at layer 2 have been moved from (0, 0).
[WARNING PSM-0024] Instance _0949_, current node at (5400, 13600) at layer 2 have been moved from (0, 0).
[WARNING PSM-0024] Instance _0950_, current node at (5400, 13600) at layer 2 have been moved from (0, 0).
[WARNING PSM-0024] Instance _0951_, current node at (5400, 13600) at layer 2 have been moved from (0, 0).
[WARNING PSM-0024] Instance _0952_, current node at (5400, 13600) at layer 2 have been moved from (0, 0).
[WARNING PSM-0024] Instance _0953_, current node at (5400, 13600) at layer 2 have been moved from (0, 0).
[WARNING PSM-0024] Instance _0954_, current node at (5400, 13600) at layer 2 have been moved from (0, 0).
[WARNING PSM-0024] Instance _0955_, current node at (5400, 13600) at layer 2 have been moved from (0, 0).
[WARNING PSM-0024] Instance _0956_, current node at (5400, 13600) at layer 2 have been moved from (0, 0).
[WARNING PSM-0024] Instance _0957_, current node at (5400, 13600) at layer 2 have been moved from (0, 0).
[WARNING PSM-0024] Instance _0958_, current node at (5400, 13600) at layer 2 have been moved from (0, 0).
[WARNING PSM-0024] Instance _0959_, current node at (5400, 13600) at layer 2 have been moved from (0, 0).
[WARNING PSM-0024] Instance _0960_, current node at (5400, 13600) at layer 2 have been moved from (0, 0).
[WARNING PSM-0024] Instance _0961_, current node at (5400, 13600) at layer 2 have been moved from (0, 0).
[WARNING PSM-0024] Instance _0962_, current node at (5400, 13600) at layer 2 have been moved from (0, 0).
[WARNING PSM-0024] Instance _0963_, current node at (5400, 13600) at layer 2 have been moved from (0, 0).
[WARNING PSM-0024] Instance _0964_, current node at (5400, 13600) at layer 2 have been moved from (0, 0).
[WARNING PSM-0024] Instance _0965_, current node at (5400, 13600) at layer 2 have been moved from (0, 0).
[WARNING PSM-0024] Instance _0966_, current node at (5400, 13600) at layer 2 have been moved from (0, 0).
[WARNING PSM-0024] Instance _0967_, current node at (5400, 13600) at layer 2 have been moved from (0, 0).
[WARNING PSM-0024] Instance _0968_, current node at (5400, 13600) at layer 2 have been moved from (0, 0).
[WARNING PSM-0024] Instance _0969_, current node at (5400, 13600) at layer 2 have been moved from (0, 0).
[WARNING PSM-0024] Instance _0970_, current node at (5400, 13600) at layer 2 have been moved from (0, 0).
[WARNING PSM-0024] Instance _0971_, current node at (5400, 13600) at layer 2 have been moved from (0, 0).
[WARNING PSM-0024] Instance _0972_, current node at (5400, 13600) at layer 2 have been moved from (0, 0).
[WARNING PSM-0024] Instance _0973_, current node at (5400, 13600) at layer 2 have been moved from (0, 0).
[WARNING PSM-0024] Instance _0974_, current node at (5400, 13600) at layer 2 have been moved from (0, 0).
[WARNING PSM-0024] Instance _0975_, current node at (5400, 13600) at layer 2 have been moved from (0, 0).
[WARNING PSM-0024] Instance _0976_, current node at (5400, 13600) at layer 2 have been moved from (0, 0).
[WARNING PSM-0024] Instance _0977_, current node at (5400, 13600) at layer 2 have been moved from (0, 0).
[WARNING PSM-0024] Instance _0978_, current node at (5400, 13600) at layer 2 have been moved from (0, 0).
[WARNING PSM-0024] Instance _0979_, current node at (5400, 13600) at layer 2 have been moved from (0, 0).
[WARNING PSM-0024] Instance _0980_, current node at (5400, 13600) at layer 2 have been moved from (0, 0).
[WARNING PSM-0024] Instance _0981_, current node at (5400, 13600) at layer 2 have been moved from (0, 0).
[WARNING PSM-0024] Instance _0982_, current node at (5400, 13600) at layer 2 have been moved from (0, 0).
[WARNING PSM-0024] Instance _0983_, current node at (5400, 13600) at layer 2 have been moved from (0, 0).
[WARNING PSM-0024] Instance _0984_, current node at (5400, 13600) at layer 2 have been moved from (0, 0).
[WARNING PSM-0024] Instance _0985_, current node at (5400, 13600) at layer 2 have been moved from (0, 0).
[WARNING PSM-0024] Instance _0986_, current node at (5400, 13600) at layer 2 have been moved from (0, 0).
[WARNING PSM-0024] Instance _0987_, current node at (5400, 13600) at layer 2 have been moved from (0, 0).
[WARNING PSM-0024] Instance _0988_, current node at (5400, 13600) at layer 2 have been moved from (0, 0).
[WARNING PSM-0024] Instance _0989_, current node at (5400, 13600) at layer 2 have been moved from (0, 0).
[WARNING PSM-0024] Instance _0990_, current node at (5400, 13600) at layer 2 have been moved from (0, 0).
[WARNING PSM-0024] Instance _0991_, current node at (5400, 13600) at layer 2 have been moved from (0, 0).
[WARNING PSM-0024] Instance _0992_, current node at (5400, 13600) at layer 2 have been moved from (0, 0).
[WARNING PSM-0024] Instance _0993_, current node at (5400, 13600) at layer 2 have been moved from (0, 0).
[WARNING PSM-0024] Instance _0994_, current node at (5400, 13600) at layer 2 have been moved from (0, 0).
[WARNING PSM-0024] Instance _0995_, current node at (5400, 13600) at layer 2 have been moved from (0, 0).
[WARNING PSM-0024] Instance _0996_, current node at (5400, 13600) at layer 2 have been moved from (0, 0).
[WARNING PSM-0024] Instance _0997_, current node at (5400, 13600) at layer 2 have been moved from (0, 0).
[WARNING PSM-0024] Instance _0998_, current node at (5400, 13600) at layer 2 have been moved from (0, 0).
[WARNING PSM-0024] Instance _0999_, current node at (5400, 13600) at layer 2 have been moved from (0, 0).
[WARNING PSM-0024] Instance _1000_, current node at (5400, 13600) at layer 2 have been moved from (0, 0).
[WARNING PSM-0024] Instance _1001_, current node at (5400, 13600) at layer 2 have been moved from (0, 0).
[WARNING PSM-0024] Instance _1002_, current node at (5400, 13600) at layer 2 have been moved from (0, 0).
[WARNING PSM-0024] Instance _1003_, current node at (5400, 13600) at layer 2 have been moved from (0, 0).
[WARNING PSM-0024] Instance _1004_, current node at (5400, 13600) at layer 2 have been moved from (0, 0).
[WARNING PSM-0024] Instance _1005_, current node at (5400, 13600) at layer 2 have been moved from (0, 0).
[WARNING PSM-0024] Instance _1006_, current node at (5400, 13600) at layer 2 have been moved from (0, 0).
[WARNING PSM-0024] Instance _1007_, current node at (5400, 13600) at layer 2 have been moved from (0, 0).
[WARNING PSM-0024] Instance _1008_, current node at (5400, 13600) at layer 2 have been moved from (0, 0).
[WARNING PSM-0024] Instance _1009_, current node at (5400, 13600) at layer 2 have been moved from (0, 0).
[WARNING PSM-0024] Instance _1010_, current node at (5400, 13600) at layer 2 have been moved from (0, 0).
[WARNING PSM-0024] Instance _1011_, current node at (5400, 13600) at layer 2 have been moved from (0, 0).
[WARNING PSM-0024] Instance _1012_, current node at (5400, 13600) at layer 2 have been moved from (0, 0).
[WARNING PSM-0024] Instance _1013_, current node at (5400, 13600) at layer 2 have been moved from (0, 0).
[WARNING PSM-0024] Instance _1014_, current node at (5400, 13600) at layer 2 have been moved from (0, 0).
[WARNING PSM-0024] Instance _1015_, current node at (5400, 13600) at layer 2 have been moved from (0, 0).
[WARNING PSM-0024] Instance _1016_, current node at (5400, 13600) at layer 2 have been moved from (0, 0).
[WARNING PSM-0024] Instance _1017_, current node at (5400, 13600) at layer 2 have been moved from (0, 0).
[WARNING PSM-0024] Instance _1018_, current node at (5400, 13600) at layer 2 have been moved from (0, 0).
[WARNING PSM-0024] Instance _1019_, current node at (5400, 13600) at layer 2 have been moved from (0, 0).
[WARNING PSM-0024] Instance _1020_, current node at (5400, 13600) at layer 2 have been moved from (0, 0).
[WARNING PSM-0024] Instance _1021_, current node at (5400, 13600) at layer 2 have been moved from (0, 0).
[WARNING PSM-0024] Instance _1022_, current node at (5400, 13600) at layer 2 have been moved from (0, 0).
[WARNING PSM-0024] Instance _1023_, current node at (5400, 13600) at layer 2 have been moved from (0, 0).
[WARNING PSM-0024] Instance _1024_, current node at (5400, 13600) at layer 2 have been moved from (0, 0).
[WARNING PSM-0024] Instance _1025_, current node at (5400, 13600) at layer 2 have been moved from (0, 0).
[WARNING PSM-0024] Instance _1026_, current node at (5400, 13600) at layer 2 have been moved from (0, 0).
[WARNING PSM-0024] Instance _1027_, current node at (5400, 13600) at layer 2 have been moved from (0, 0).
[WARNING PSM-0024] Instance _1028_, current node at (5400, 13600) at layer 2 have been moved from (0, 0).
[WARNING PSM-0024] Instance _1029_, current node at (5400, 13600) at layer 2 have been moved from (0, 0).
[WARNING PSM-0024] Instance _1030_, current node at (5400, 13600) at layer 2 have been moved from (0, 0).
[WARNING PSM-0024] Instance _1031_, current node at (5400, 13600) at layer 2 have been moved from (0, 0).
[WARNING PSM-0024] Instance _1032_, current node at (5400, 13600) at layer 2 have been moved from (0, 0).
[WARNING PSM-0024] Instance _1033_, current node at (5400, 13600) at layer 2 have been moved from (0, 0).
[WARNING PSM-0024] Instance _1034_, current node at (5400, 13600) at layer 2 have been moved from (0, 0).
[WARNING PSM-0024] Instance _1035_, current node at (5400, 13600) at layer 2 have been moved from (0, 0).
[WARNING PSM-0024] Instance _1036_, current node at (5400, 13600) at layer 2 have been moved from (0, 0).
[WARNING PSM-0024] Instance _1037_, current node at (5400, 13600) at layer 2 have been moved from (0, 0).
[WARNING PSM-0024] Instance _1038_, current node at (5400, 13600) at layer 2 have been moved from (0, 0).
[WARNING PSM-0024] Instance _1039_, current node at (5400, 13600) at layer 2 have been moved from (0, 0).
[WARNING PSM-0024] Instance _1040_, current node at (5400, 13600) at layer 2 have been moved from (0, 0).
[WARNING PSM-0024] Instance _1041_, current node at (5400, 13600) at layer 2 have been moved from (0, 0).
[WARNING PSM-0024] Instance _1042_, current node at (5400, 13600) at layer 2 have been moved from (0, 0).
[WARNING PSM-0024] Instance _1043_, current node at (5400, 13600) at layer 2 have been moved from (0, 0).
[WARNING PSM-0024] Instance _1044_, current node at (5400, 13600) at layer 2 have been moved from (0, 0).
[WARNING PSM-0024] Instance _1045_, current node at (5400, 13600) at layer 2 have been moved from (0, 0).
[WARNING PSM-0024] Instance _1046_, current node at (5400, 13600) at layer 2 have been moved from (0, 0).
[WARNING PSM-0024] Instance _1047_, current node at (5400, 13600) at layer 2 have been moved from (0, 0).
[WARNING PSM-0024] Instance _1048_, current node at (5400, 13600) at layer 2 have been moved from (0, 0).
[WARNING PSM-0024] Instance _1049_, current node at (5400, 13600) at layer 2 have been moved from (0, 0).
[WARNING PSM-0024] Instance _1050_, current node at (5400, 13600) at layer 2 have been moved from (0, 0).
[WARNING PSM-0024] Instance _1051_, current node at (5400, 13600) at layer 2 have been moved from (0, 0).
[WARNING PSM-0024] Instance _1052_, current node at (5400, 13600) at layer 2 have been moved from (0, 0).
[WARNING PSM-0024] Instance _1053_, current node at (5400, 13600) at layer 2 have been moved from (0, 0).
[WARNING PSM-0024] Instance _1054_, current node at (5400, 13600) at layer 2 have been moved from (0, 0).
[WARNING PSM-0024] Instance _1055_, current node at (5400, 13600) at layer 2 have been moved from (0, 0).
[WARNING PSM-0024] Instance _1056_, current node at (5400, 13600) at layer 2 have been moved from (0, 0).
[WARNING PSM-0024] Instance _1057_, current node at (5400, 13600) at layer 2 have been moved from (0, 0).
[WARNING PSM-0024] Instance _1058_, current node at (5400, 13600) at layer 2 have been moved from (0, 0).
[WARNING PSM-0024] Instance _1059_, current node at (5400, 13600) at layer 2 have been moved from (0, 0).
[WARNING PSM-0024] Instance _1060_, current node at (5400, 13600) at layer 2 have been moved from (0, 0).
[WARNING PSM-0024] Instance _1061_, current node at (5400, 13600) at layer 2 have been moved from (0, 0).
[WARNING PSM-0024] Instance _1062_, current node at (5400, 13600) at layer 2 have been moved from (0, 0).
[WARNING PSM-0024] Instance _1063_, current node at (5400, 13600) at layer 2 have been moved from (0, 0).
[WARNING PSM-0024] Instance _1064_, current node at (5400, 13600) at layer 2 have been moved from (0, 0).
[WARNING PSM-0024] Instance _1065_, current node at (5400, 13600) at layer 2 have been moved from (0, 0).
[WARNING PSM-0024] Instance _1066_, current node at (5400, 13600) at layer 2 have been moved from (0, 0).
[WARNING PSM-0024] Instance _1067_, current node at (5400, 13600) at layer 2 have been moved from (0, 0).
[WARNING PSM-0024] Instance _1068_, current node at (5400, 13600) at layer 2 have been moved from (0, 0).
[WARNING PSM-0024] Instance _1069_, current node at (5400, 13600) at layer 2 have been moved from (0, 0).
[WARNING PSM-0024] Instance _1070_, current node at (5400, 13600) at layer 2 have been moved from (0, 0).
[WARNING PSM-0024] Instance _1071_, current node at (5400, 13600) at layer 2 have been moved from (0, 0).
[WARNING PSM-0024] Instance _1072_, current node at (5400, 13600) at layer 2 have been moved from (0, 0).
[WARNING PSM-0024] Instance _1073_, current node at (5400, 13600) at layer 2 have been moved from (0, 0).
[WARNING PSM-0024] Instance _1074_, current node at (5400, 13600) at layer 2 have been moved from (0, 0).
[WARNING PSM-0024] Instance _1075_, current node at (5400, 13600) at layer 2 have been moved from (0, 0).
[WARNING PSM-0024] Instance _1076_, current node at (5400, 13600) at layer 2 have been moved from (0, 0).
[WARNING PSM-0024] Instance _1077_, current node at (5400, 13600) at layer 2 have been moved from (0, 0).
[WARNING PSM-0024] Instance _1078_, current node at (5400, 13600) at layer 2 have been moved from (0, 0).
[WARNING PSM-0024] Instance _1079_, current node at (5400, 13600) at layer 2 have been moved from (0, 0).
[WARNING PSM-0024] Instance _1080_, current node at (5400, 13600) at layer 2 have been moved from (0, 0).
[WARNING PSM-0024] Instance _1081_, current node at (5400, 13600) at layer 2 have been moved from (0, 0).
[WARNING PSM-0024] Instance _1082_, current node at (5400, 13600) at layer 2 have been moved from (0, 0).
[WARNING PSM-0024] Instance _1083_, current node at (5400, 13600) at layer 2 have been moved from (0, 0).
[WARNING PSM-0024] Instance _1084_, current node at (5400, 13600) at layer 2 have been moved from (0, 0).
[WARNING PSM-0024] Instance _1085_, current node at (5400, 13600) at layer 2 have been moved from (0, 0).
[WARNING PSM-0024] Instance _1086_, current node at (5400, 13600) at layer 2 have been moved from (0, 0).
[WARNING PSM-0024] Instance _1087_, current node at (5400, 13600) at layer 2 have been moved from (0, 0).
[WARNING PSM-0024] Instance _1088_, current node at (5400, 13600) at layer 2 have been moved from (0, 0).
[WARNING PSM-0024] Instance _1089_, current node at (5400, 13600) at layer 2 have been moved from (0, 0).
[WARNING PSM-0024] Instance _1090_, current node at (5400, 13600) at layer 2 have been moved from (0, 0).
[WARNING PSM-0024] Instance _1091_, current node at (5400, 13600) at layer 2 have been moved from (0, 0).
[WARNING PSM-0024] Instance _1092_, current node at (5400, 13600) at layer 2 have been moved from (0, 0).
[WARNING PSM-0024] Instance _1093_, current node at (5400, 13600) at layer 2 have been moved from (0, 0).
[WARNING PSM-0024] Instance _1094_, current node at (5400, 13600) at layer 2 have been moved from (0, 0).
[WARNING PSM-0024] Instance _1095_, current node at (5400, 13600) at layer 2 have been moved from (0, 0).
[WARNING PSM-0024] Instance _1096_, current node at (5400, 13600) at layer 2 have been moved from (0, 0).
[WARNING PSM-0024] Instance _1097_, current node at (5400, 13600) at layer 2 have been moved from (0, 0).
[WARNING PSM-0024] Instance _1098_, current node at (5400, 13600) at layer 2 have been moved from (0, 0).
[WARNING PSM-0024] Instance _1099_, current node at (5400, 13600) at layer 2 have been moved from (0, 0).
[WARNING PSM-0024] Instance _1100_, current node at (5400, 13600) at layer 2 have been moved from (0, 0).
[WARNING PSM-0024] Instance _1101_, current node at (5400, 13600) at layer 2 have been moved from (0, 0).
[WARNING PSM-0024] Instance _1102_, current node at (5400, 13600) at layer 2 have been moved from (0, 0).
[WARNING PSM-0024] Instance _1103_, current node at (5400, 13600) at layer 2 have been moved from (0, 0).
[WARNING PSM-0024] Instance _1104_, current node at (5400, 13600) at layer 2 have been moved from (0, 0).
[WARNING PSM-0024] Instance _1105_, current node at (5400, 13600) at layer 2 have been moved from (0, 0).
[WARNING PSM-0024] Instance _1106_, current node at (5400, 13600) at layer 2 have been moved from (0, 0).
[WARNING PSM-0024] Instance _1107_, current node at (5400, 13600) at layer 2 have been moved from (0, 0).
[WARNING PSM-0024] Instance _1108_, current node at (5400, 13600) at layer 2 have been moved from (0, 0).
[WARNING PSM-0024] Instance _1109_, current node at (5400, 13600) at layer 2 have been moved from (0, 0).
[WARNING PSM-0024] Instance _1110_, current node at (5400, 13600) at layer 2 have been moved from (0, 0).
[WARNING PSM-0024] Instance _1111_, current node at (5400, 13600) at layer 2 have been moved from (0, 0).
[WARNING PSM-0024] Instance _1112_, current node at (5400, 13600) at layer 2 have been moved from (0, 0).
[WARNING PSM-0024] Instance _1113_, current node at (5400, 13600) at layer 2 have been moved from (0, 0).
[WARNING PSM-0024] Instance _1114_, current node at (5400, 13600) at layer 2 have been moved from (0, 0).
[WARNING PSM-0024] Instance _1115_, current node at (5400, 13600) at layer 2 have been moved from (0, 0).
[WARNING PSM-0024] Instance _1116_, current node at (5400, 13600) at layer 2 have been moved from (0, 0).
[WARNING PSM-0024] Instance _1117_, current node at (5400, 13600) at layer 2 have been moved from (0, 0).
[WARNING PSM-0024] Instance _1118_, current node at (5400, 13600) at layer 2 have been moved from (0, 0).
[WARNING PSM-0024] Instance _1119_, current node at (5400, 13600) at layer 2 have been moved from (0, 0).
[WARNING PSM-0024] Instance _1120_, current node at (5400, 13600) at layer 2 have been moved from (0, 0).
[WARNING PSM-0024] Instance _1121_, current node at (5400, 13600) at layer 2 have been moved from (0, 0).
[WARNING PSM-0024] Instance _1122_, current node at (5400, 13600) at layer 2 have been moved from (0, 0).
[WARNING PSM-0024] Instance _1123_, current node at (5400, 13600) at layer 2 have been moved from (0, 0).
[WARNING PSM-0024] Instance _1124_, current node at (5400, 13600) at layer 2 have been moved from (0, 0).
[WARNING PSM-0024] Instance _1125_, current node at (5400, 13600) at layer 2 have been moved from (0, 0).
[WARNING PSM-0024] Instance _1126_, current node at (5400, 13600) at layer 2 have been moved from (0, 0).
[WARNING PSM-0024] Instance _1127_, current node at (5400, 13600) at layer 2 have been moved from (0, 0).
[WARNING PSM-0024] Instance _1128_, current node at (5400, 13600) at layer 2 have been moved from (0, 0).
[WARNING PSM-0024] Instance _1129_, current node at (5400, 13600) at layer 2 have been moved from (0, 0).
[WARNING PSM-0024] Instance _1130_, current node at (5400, 13600) at layer 2 have been moved from (0, 0).
[WARNING PSM-0024] Instance _1131_, current node at (5400, 13600) at layer 2 have been moved from (0, 0).
[WARNING PSM-0024] Instance _1132_, current node at (5400, 13600) at layer 2 have been moved from (0, 0).
[WARNING PSM-0024] Instance _1133_, current node at (5400, 13600) at layer 2 have been moved from (0, 0).
[WARNING PSM-0024] Instance _1134_, current node at (5400, 13600) at layer 2 have been moved from (0, 0).
[WARNING PSM-0024] Instance _1135_, current node at (5400, 13600) at layer 2 have been moved from (0, 0).
[WARNING PSM-0024] Instance _1136_, current node at (5400, 13600) at layer 2 have been moved from (0, 0).
[WARNING PSM-0024] Instance _1137_, current node at (5400, 13600) at layer 2 have been moved from (0, 0).
[WARNING PSM-0024] Instance _1138_, current node at (5400, 13600) at layer 2 have been moved from (0, 0).
[WARNING PSM-0024] Instance _1139_, current node at (5400, 13600) at layer 2 have been moved from (0, 0).
[WARNING PSM-0024] Instance _1140_, current node at (5400, 13600) at layer 2 have been moved from (0, 0).
[WARNING PSM-0024] Instance _1141_, current node at (5400, 13600) at layer 2 have been moved from (0, 0).
[WARNING PSM-0024] Instance _1142_, current node at (5400, 13600) at layer 2 have been moved from (0, 0).
[WARNING PSM-0024] Instance _1143_, current node at (5400, 13600) at layer 2 have been moved from (0, 0).
[WARNING PSM-0024] Instance _1144_, current node at (5400, 13600) at layer 2 have been moved from (0, 0).
[WARNING PSM-0024] Instance _1145_, current node at (5400, 13600) at layer 2 have been moved from (0, 0).
[WARNING PSM-0024] Instance _1146_, current node at (5400, 13600) at layer 2 have been moved from (0, 0).
[WARNING PSM-0024] Instance _1147_, current node at (5400, 13600) at layer 2 have been moved from (0, 0).
[WARNING PSM-0024] Instance _1148_, current node at (5400, 13600) at layer 2 have been moved from (0, 0).
[WARNING PSM-0024] Instance _1149_, current node at (5400, 13600) at layer 2 have been moved from (0, 0).
[WARNING PSM-0024] Instance _1150_, current node at (5400, 13600) at layer 2 have been moved from (0, 0).
[WARNING PSM-0024] Instance _1151_, current node at (5400, 13600) at layer 2 have been moved from (0, 0).
[WARNING PSM-0024] Instance _1152_, current node at (5400, 13600) at layer 2 have been moved from (0, 0).
[WARNING PSM-0024] Instance _1153_, current node at (5400, 13600) at layer 2 have been moved from (0, 0).
[WARNING PSM-0024] Instance _1154_, current node at (5400, 13600) at layer 2 have been moved from (0, 0).
[WARNING PSM-0024] Instance _1155_, current node at (5400, 13600) at layer 2 have been moved from (0, 0).
[WARNING PSM-0024] Instance _1156_, current node at (5400, 13600) at layer 2 have been moved from (0, 0).
[WARNING PSM-0024] Instance _1157_, current node at (5400, 13600) at layer 2 have been moved from (0, 0).
[WARNING PSM-0024] Instance _1158_, current node at (5400, 13600) at layer 2 have been moved from (0, 0).
[WARNING PSM-0024] Instance _1159_, current node at (5400, 13600) at layer 2 have been moved from (0, 0).
[WARNING PSM-0024] Instance _1160_, current node at (5400, 13600) at layer 2 have been moved from (0, 0).
[WARNING PSM-0024] Instance _1161_, current node at (5400, 13600) at layer 2 have been moved from (0, 0).
[WARNING PSM-0024] Instance _1162_, current node at (5400, 13600) at layer 2 have been moved from (0, 0).
[WARNING PSM-0024] Instance _1163_, current node at (5400, 13600) at layer 2 have been moved from (0, 0).
[WARNING PSM-0024] Instance _1164_, current node at (5400, 13600) at layer 2 have been moved from (0, 0).
[WARNING PSM-0024] Instance _1165_, current node at (5400, 13600) at layer 2 have been moved from (0, 0).
[WARNING PSM-0024] Instance _1166_, current node at (5400, 13600) at layer 2 have been moved from (0, 0).
[WARNING PSM-0024] Instance _1167_, current node at (5400, 13600) at layer 2 have been moved from (0, 0).
[WARNING PSM-0024] Instance _1168_, current node at (5400, 13600) at layer 2 have been moved from (0, 0).
[WARNING PSM-0024] Instance _1169_, current node at (5400, 13600) at layer 2 have been moved from (0, 0).
[WARNING PSM-0024] Instance _1170_, current node at (5400, 13600) at layer 2 have been moved from (0, 0).
[WARNING PSM-0024] Instance _1171_, current node at (5400, 13600) at layer 2 have been moved from (0, 0).
[WARNING PSM-0024] Instance _1172_, current node at (5400, 13600) at layer 2 have been moved from (0, 0).
[WARNING PSM-0024] Instance _1173_, current node at (5400, 13600) at layer 2 have been moved from (0, 0).
[WARNING PSM-0024] Instance _1174_, current node at (5400, 13600) at layer 2 have been moved from (0, 0).
[WARNING PSM-0024] Instance _1175_, current node at (5400, 13600) at layer 2 have been moved from (0, 0).
[WARNING PSM-0024] Instance _1176_, current node at (5400, 13600) at layer 2 have been moved from (0, 0).
[WARNING PSM-0024] Instance _1177_, current node at (5400, 13600) at layer 2 have been moved from (0, 0).
[WARNING PSM-0024] Instance _1178_, current node at (5400, 13600) at layer 2 have been moved from (0, 0).
[WARNING PSM-0024] Instance _1179_, current node at (5400, 13600) at layer 2 have been moved from (0, 0).
[WARNING PSM-0024] Instance _1180_, current node at (5400, 13600) at layer 2 have been moved from (0, 0).
[WARNING PSM-0024] Instance _1181_, current node at (5400, 13600) at layer 2 have been moved from (0, 0).
[WARNING PSM-0024] Instance _1182_, current node at (5400, 13600) at layer 2 have been moved from (0, 0).
[WARNING PSM-0024] Instance _1183_, current node at (5400, 13600) at layer 2 have been moved from (0, 0).
[WARNING PSM-0024] Instance _1184_, current node at (5400, 13600) at layer 2 have been moved from (0, 0).
[WARNING PSM-0024] Instance _1185_, current node at (5400, 13600) at layer 2 have been moved from (0, 0).
[WARNING PSM-0024] Instance _1186_, current node at (5400, 13600) at layer 2 have been moved from (0, 0).
[WARNING PSM-0024] Instance _1187_, current node at (5400, 13600) at layer 2 have been moved from (0, 0).
[WARNING PSM-0024] Instance _1188_, current node at (5400, 13600) at layer 2 have been moved from (0, 0).
[WARNING PSM-0024] Instance _1189_, current node at (5400, 13600) at layer 2 have been moved from (0, 0).
[WARNING PSM-0024] Instance _1190_, current node at (5400, 13600) at layer 2 have been moved from (0, 0).
[WARNING PSM-0024] Instance _1191_, current node at (5400, 13600) at layer 2 have been moved from (0, 0).
[WARNING PSM-0024] Instance _1192_, current node at (5400, 13600) at layer 2 have been moved from (0, 0).
[WARNING PSM-0024] Instance _1193_, current node at (5400, 13600) at layer 2 have been moved from (0, 0).
[WARNING PSM-0024] Instance _1194_, current node at (5400, 13600) at layer 2 have been moved from (0, 0).
[WARNING PSM-0024] Instance _1195_, current node at (5400, 13600) at layer 2 have been moved from (0, 0).
[WARNING PSM-0024] Instance _1196_, current node at (5400, 13600) at layer 2 have been moved from (0, 0).
[WARNING PSM-0024] Instance _1197_, current node at (5400, 13600) at layer 2 have been moved from (0, 0).
[WARNING PSM-0024] Instance _1198_, current node at (5400, 13600) at layer 2 have been moved from (0, 0).
[WARNING PSM-0024] Instance _1199_, current node at (5400, 13600) at layer 2 have been moved from (0, 0).
[WARNING PSM-0024] Instance _1200_, current node at (5400, 13600) at layer 2 have been moved from (0, 0).
[WARNING PSM-0024] Instance _1201_, current node at (5400, 13600) at layer 2 have been moved from (0, 0).
[WARNING PSM-0024] Instance _1202_, current node at (5400, 13600) at layer 2 have been moved from (0, 0).
[WARNING PSM-0024] Instance _1203_, current node at (5400, 13600) at layer 2 have been moved from (0, 0).
[WARNING PSM-0024] Instance _1204_, current node at (5400, 13600) at layer 2 have been moved from (0, 0).
[WARNING PSM-0024] Instance _1205_, current node at (5400, 13600) at layer 2 have been moved from (0, 0).
[WARNING PSM-0024] Instance _1206_, current node at (5400, 13600) at layer 2 have been moved from (0, 0).
[WARNING PSM-0024] Instance _1207_, current node at (5400, 13600) at layer 2 have been moved from (0, 0).
[WARNING PSM-0024] Instance _1208_, current node at (5400, 13600) at layer 2 have been moved from (0, 0).
[WARNING PSM-0024] Instance _1209_, current node at (5400, 13600) at layer 2 have been moved from (0, 0).
[WARNING PSM-0024] Instance _1210_, current node at (5400, 13600) at layer 2 have been moved from (0, 0).
[WARNING PSM-0024] Instance _1211_, current node at (5400, 13600) at layer 2 have been moved from (0, 0).
[WARNING PSM-0024] Instance _1212_, current node at (5400, 13600) at layer 2 have been moved from (0, 0).
[WARNING PSM-0024] Instance _1213_, current node at (5400, 13600) at layer 2 have been moved from (0, 0).
[WARNING PSM-0024] Instance _1214_, current node at (5400, 13600) at layer 2 have been moved from (0, 0).
[WARNING PSM-0024] Instance _1215_, current node at (5400, 13600) at layer 2 have been moved from (0, 0).
[WARNING PSM-0024] Instance _1216_, current node at (5400, 13600) at layer 2 have been moved from (0, 0).
[WARNING PSM-0024] Instance _1217_, current node at (5400, 13600) at layer 2 have been moved from (0, 0).
[WARNING PSM-0024] Instance _1218_, current node at (5400, 13600) at layer 2 have been moved from (0, 0).
[WARNING PSM-0024] Instance _1219_, current node at (5400, 13600) at layer 2 have been moved from (0, 0).
[WARNING PSM-0024] Instance _1220_, current node at (5400, 13600) at layer 2 have been moved from (0, 0).
[WARNING PSM-0024] Instance _1221_, current node at (5400, 13600) at layer 2 have been moved from (0, 0).
[WARNING PSM-0024] Instance _1222_, current node at (5400, 13600) at layer 2 have been moved from (0, 0).
[WARNING PSM-0024] Instance _1223_, current node at (5400, 13600) at layer 2 have been moved from (0, 0).
[WARNING PSM-0024] Instance _1224_, current node at (5400, 13600) at layer 2 have been moved from (0, 0).
[WARNING PSM-0024] Instance _1225_, current node at (5400, 13600) at layer 2 have been moved from (0, 0).
[WARNING PSM-0024] Instance _1226_, current node at (5400, 13600) at layer 2 have been moved from (0, 0).
[WARNING PSM-0024] Instance _1227_, current node at (5400, 13600) at layer 2 have been moved from (0, 0).
[WARNING PSM-0024] Instance _1228_, current node at (5400, 13600) at layer 2 have been moved from (0, 0).
[WARNING PSM-0024] Instance _1229_, current node at (5400, 13600) at layer 2 have been moved from (0, 0).
[WARNING PSM-0024] Instance _1230_, current node at (5400, 13600) at layer 2 have been moved from (0, 0).
[WARNING PSM-0024] Instance _1231_, current node at (5400, 13600) at layer 2 have been moved from (0, 0).
[WARNING PSM-0024] Instance _1232_, current node at (5400, 13600) at layer 2 have been moved from (0, 0).
[WARNING PSM-0024] Instance _1233_, current node at (5400, 13600) at layer 2 have been moved from (0, 0).
[WARNING PSM-0024] Instance _1234_, current node at (5400, 13600) at layer 2 have been moved from (0, 0).
[WARNING PSM-0024] Instance _1235_, current node at (5400, 13600) at layer 2 have been moved from (0, 0).
[WARNING PSM-0024] Instance _1236_, current node at (5400, 13600) at layer 2 have been moved from (0, 0).
[WARNING PSM-0024] Instance _1237_, current node at (5400, 13600) at layer 2 have been moved from (0, 0).
[WARNING PSM-0024] Instance _1238_, current node at (5400, 13600) at layer 2 have been moved from (0, 0).
[WARNING PSM-0024] Instance _1239_, current node at (5400, 13600) at layer 2 have been moved from (0, 0).
[WARNING PSM-0024] Instance _1240_, current node at (5400, 13600) at layer 2 have been moved from (0, 0).
[WARNING PSM-0024] Instance _1241_, current node at (5400, 13600) at layer 2 have been moved from (0, 0).
[WARNING PSM-0024] Instance _1242_, current node at (5400, 13600) at layer 2 have been moved from (0, 0).
[WARNING PSM-0024] Instance _1243_, current node at (5400, 13600) at layer 2 have been moved from (0, 0).
[WARNING PSM-0024] Instance _1244_, current node at (5400, 13600) at layer 2 have been moved from (0, 0).
[WARNING PSM-0024] Instance _1245_, current node at (5400, 13600) at layer 2 have been moved from (0, 0).
[WARNING PSM-0024] Instance _1246_, current node at (5400, 13600) at layer 2 have been moved from (0, 0).
[WARNING PSM-0024] Instance _1247_, current node at (5400, 13600) at layer 2 have been moved from (0, 0).
[WARNING PSM-0024] Instance _1248_, current node at (5400, 13600) at layer 2 have been moved from (0, 0).
[WARNING PSM-0024] Instance _1249_, current node at (5400, 13600) at layer 2 have been moved from (0, 0).
[WARNING PSM-0024] Instance _1250_, current node at (5400, 13600) at layer 2 have been moved from (0, 0).
[WARNING PSM-0024] Instance _1251_, current node at (5400, 13600) at layer 2 have been moved from (0, 0).
[WARNING PSM-0024] Instance _1252_, current node at (5400, 13600) at layer 2 have been moved from (0, 0).
[WARNING PSM-0024] Instance _1253_, current node at (5400, 13600) at layer 2 have been moved from (0, 0).
[WARNING PSM-0024] Instance _1254_, current node at (5400, 13600) at layer 2 have been moved from (0, 0).
[WARNING PSM-0024] Instance _1255_, current node at (5400, 13600) at layer 2 have been moved from (0, 0).
[WARNING PSM-0024] Instance _1256_, current node at (5400, 13600) at layer 2 have been moved from (0, 0).
[WARNING PSM-0024] Instance _1257_, current node at (5400, 13600) at layer 2 have been moved from (0, 0).
[WARNING PSM-0024] Instance _1258_, current node at (5400, 13600) at layer 2 have been moved from (0, 0).
[WARNING PSM-0024] Instance _1259_, current node at (5400, 13600) at layer 2 have been moved from (0, 0).
[WARNING PSM-0024] Instance _1260_, current node at (5400, 13600) at layer 2 have been moved from (0, 0).
[WARNING PSM-0024] Instance _1261_, current node at (5400, 13600) at layer 2 have been moved from (0, 0).
[WARNING PSM-0024] Instance _1262_, current node at (5400, 13600) at layer 2 have been moved from (0, 0).
[WARNING PSM-0024] Instance _1263_, current node at (5400, 13600) at layer 2 have been moved from (0, 0).
[WARNING PSM-0024] Instance _1264_, current node at (5400, 13600) at layer 2 have been moved from (0, 0).
[WARNING PSM-0024] Instance _1265_, current node at (5400, 13600) at layer 2 have been moved from (0, 0).
[WARNING PSM-0024] Instance _1266_, current node at (5400, 13600) at layer 2 have been moved from (0, 0).
[WARNING PSM-0024] Instance _1267_, current node at (5400, 13600) at layer 2 have been moved from (0, 0).
[WARNING PSM-0024] Instance _1268_, current node at (5400, 13600) at layer 2 have been moved from (0, 0).
[WARNING PSM-0024] Instance _1269_, current node at (5400, 13600) at layer 2 have been moved from (0, 0).
[WARNING PSM-0024] Instance _1270_, current node at (5400, 13600) at layer 2 have been moved from (0, 0).
[WARNING PSM-0024] Instance _1271_, current node at (5400, 13600) at layer 2 have been moved from (0, 0).
[WARNING PSM-0024] Instance _1272_, current node at (5400, 13600) at layer 2 have been moved from (0, 0).
[WARNING PSM-0024] Instance _1273_, current node at (5400, 13600) at layer 2 have been moved from (0, 0).
[WARNING PSM-0024] Instance _1274_, current node at (5400, 13600) at layer 2 have been moved from (0, 0).
[WARNING PSM-0024] Instance _1275_, current node at (5400, 13600) at layer 2 have been moved from (0, 0).
[WARNING PSM-0024] Instance _1276_, current node at (5400, 13600) at layer 2 have been moved from (0, 0).
[WARNING PSM-0024] Instance _1277_, current node at (5400, 13600) at layer 2 have been moved from (0, 0).
[WARNING PSM-0024] Instance _1278_, current node at (5400, 13600) at layer 2 have been moved from (0, 0).
[WARNING PSM-0024] Instance _1279_, current node at (5400, 13600) at layer 2 have been moved from (0, 0).
[WARNING PSM-0024] Instance _1280_, current node at (5400, 13600) at layer 2 have been moved from (0, 0).
[WARNING PSM-0024] Instance _1281_, current node at (5400, 13600) at layer 2 have been moved from (0, 0).
[WARNING PSM-0024] Instance _1282_, current node at (5400, 13600) at layer 2 have been moved from (0, 0).
[WARNING PSM-0024] Instance _1283_, current node at (5400, 13600) at layer 2 have been moved from (0, 0).
[WARNING PSM-0024] Instance _1284_, current node at (5400, 13600) at layer 2 have been moved from (0, 0).
[WARNING PSM-0024] Instance _1285_, current node at (5400, 13600) at layer 2 have been moved from (0, 0).
[WARNING PSM-0024] Instance _1286_, current node at (5400, 13600) at layer 2 have been moved from (0, 0).
[WARNING PSM-0024] Instance _1287_, current node at (5400, 13600) at layer 2 have been moved from (0, 0).
[WARNING PSM-0024] Instance _1288_, current node at (5400, 13600) at layer 2 have been moved from (0, 0).
[WARNING PSM-0024] Instance _1289_, current node at (5400, 13600) at layer 2 have been moved from (0, 0).
[WARNING PSM-0024] Instance _1290_, current node at (5400, 13600) at layer 2 have been moved from (0, 0).
[WARNING PSM-0024] Instance _1291_, current node at (5400, 13600) at layer 2 have been moved from (0, 0).
[WARNING PSM-0024] Instance _1292_, current node at (5400, 13600) at layer 2 have been moved from (0, 0).
[WARNING PSM-0024] Instance _1293_, current node at (5400, 13600) at layer 2 have been moved from (0, 0).
[WARNING PSM-0024] Instance _1294_, current node at (5400, 13600) at layer 2 have been moved from (0, 0).
[WARNING PSM-0024] Instance _1295_, current node at (5400, 13600) at layer 2 have been moved from (0, 0).
[WARNING PSM-0024] Instance _1296_, current node at (5400, 13600) at layer 2 have been moved from (0, 0).
[WARNING PSM-0024] Instance _1297_, current node at (5400, 13600) at layer 2 have been moved from (0, 0).
[WARNING PSM-0024] Instance _1298_, current node at (5400, 13600) at layer 2 have been moved from (0, 0).
[WARNING PSM-0024] Instance _1299_, current node at (5400, 13600) at layer 2 have been moved from (0, 0).
[WARNING PSM-0024] Instance _1300_, current node at (5400, 13600) at layer 2 have been moved from (0, 0).
[WARNING PSM-0024] Instance _1301_, current node at (5400, 13600) at layer 2 have been moved from (0, 0).
[WARNING PSM-0024] Instance _1302_, current node at (5400, 13600) at layer 2 have been moved from (0, 0).
[WARNING PSM-0024] Instance _1303_, current node at (5400, 13600) at layer 2 have been moved from (0, 0).
[WARNING PSM-0024] Instance _1304_, current node at (5400, 13600) at layer 2 have been moved from (0, 0).
[WARNING PSM-0024] Instance _1305_, current node at (5400, 13600) at layer 2 have been moved from (0, 0).
[WARNING PSM-0024] Instance _1306_, current node at (5400, 13600) at layer 2 have been moved from (0, 0).
[WARNING PSM-0024] Instance _1307_, current node at (5400, 13600) at layer 2 have been moved from (0, 0).
[WARNING PSM-0024] Instance _1308_, current node at (5400, 13600) at layer 2 have been moved from (0, 0).
[WARNING PSM-0024] Instance _1309_, current node at (5400, 13600) at layer 2 have been moved from (0, 0).
[WARNING PSM-0024] Instance _1310_, current node at (5400, 13600) at layer 2 have been moved from (0, 0).
[WARNING PSM-0024] Instance _1311_, current node at (5400, 13600) at layer 2 have been moved from (0, 0).
[WARNING PSM-0024] Instance _1312_, current node at (5400, 13600) at layer 2 have been moved from (0, 0).
[WARNING PSM-0024] Instance _1313_, current node at (5400, 13600) at layer 2 have been moved from (0, 0).
[WARNING PSM-0024] Instance _1314_, current node at (5400, 13600) at layer 2 have been moved from (0, 0).
[WARNING PSM-0024] Instance _1315_, current node at (5400, 13600) at layer 2 have been moved from (0, 0).
[WARNING PSM-0024] Instance _1316_, current node at (5400, 13600) at layer 2 have been moved from (0, 0).
[WARNING PSM-0024] Instance _1317_, current node at (5400, 13600) at layer 2 have been moved from (0, 0).
[WARNING PSM-0024] Instance _1318_, current node at (5400, 13600) at layer 2 have been moved from (0, 0).
[WARNING PSM-0024] Instance _1319_, current node at (5400, 13600) at layer 2 have been moved from (0, 0).
[WARNING PSM-0024] Instance _1320_, current node at (5400, 13600) at layer 2 have been moved from (0, 0).
[WARNING PSM-0024] Instance _1321_, current node at (5400, 13600) at layer 2 have been moved from (0, 0).
[WARNING PSM-0024] Instance _1322_, current node at (5400, 13600) at layer 2 have been moved from (0, 0).
[WARNING PSM-0024] Instance _1323_, current node at (5400, 13600) at layer 2 have been moved from (0, 0).
[WARNING PSM-0024] Instance _1324_, current node at (5400, 13600) at layer 2 have been moved from (0, 0).
[WARNING PSM-0024] Instance _1325_, current node at (5400, 13600) at layer 2 have been moved from (0, 0).
[WARNING PSM-0024] Instance _1326_, current node at (5400, 13600) at layer 2 have been moved from (0, 0).
[WARNING PSM-0024] Instance _1327_, current node at (5400, 13600) at layer 2 have been moved from (0, 0).
[WARNING PSM-0024] Instance _1328_, current node at (5400, 13600) at layer 2 have been moved from (0, 0).
[WARNING PSM-0024] Instance _1329_, current node at (5400, 13600) at layer 2 have been moved from (0, 0).
[WARNING PSM-0024] Instance _1330_, current node at (5400, 13600) at layer 2 have been moved from (0, 0).
[WARNING PSM-0024] Instance _1331_, current node at (5400, 13600) at layer 2 have been moved from (0, 0).
[WARNING PSM-0024] Instance _1332_, current node at (5400, 13600) at layer 2 have been moved from (0, 0).
[WARNING PSM-0024] Instance _1333_, current node at (5400, 13600) at layer 2 have been moved from (0, 0).
[WARNING PSM-0024] Instance _1334_, current node at (5400, 13600) at layer 2 have been moved from (0, 0).
[WARNING PSM-0024] Instance _1335_, current node at (5400, 13600) at layer 2 have been moved from (0, 0).
[WARNING PSM-0024] Instance _1336_, current node at (5400, 13600) at layer 2 have been moved from (0, 0).
[WARNING PSM-0024] Instance _1337_, current node at (5400, 13600) at layer 2 have been moved from (0, 0).
[WARNING PSM-0024] Instance _1338_, current node at (5400, 13600) at layer 2 have been moved from (0, 0).
[WARNING PSM-0024] Instance _1339_, current node at (5400, 13600) at layer 2 have been moved from (0, 0).
[WARNING PSM-0024] Instance _1340_, current node at (5400, 13600) at layer 2 have been moved from (0, 0).
[WARNING PSM-0024] Instance _1341_, current node at (5400, 13600) at layer 2 have been moved from (0, 0).
[WARNING PSM-0024] Instance _1342_, current node at (5400, 13600) at layer 2 have been moved from (0, 0).
[WARNING PSM-0024] Instance _1343_, current node at (5400, 13600) at layer 2 have been moved from (0, 0).
[WARNING PSM-0024] Instance _1344_, current node at (5400, 13600) at layer 2 have been moved from (0, 0).
[WARNING PSM-0024] Instance _1345_, current node at (5400, 13600) at layer 2 have been moved from (0, 0).
[WARNING PSM-0024] Instance _1346_, current node at (5400, 13600) at layer 2 have been moved from (0, 0).
[WARNING PSM-0024] Instance _1347_, current node at (5400, 13600) at layer 2 have been moved from (0, 0).
[WARNING PSM-0024] Instance _1348_, current node at (5400, 13600) at layer 2 have been moved from (0, 0).
[WARNING PSM-0024] Instance _1349_, current node at (5400, 13600) at layer 2 have been moved from (0, 0).
[WARNING PSM-0024] Instance _1350_, current node at (5400, 13600) at layer 2 have been moved from (0, 0).
[WARNING PSM-0024] Instance _1351_, current node at (5400, 13600) at layer 2 have been moved from (0, 0).
[WARNING PSM-0024] Instance _1352_, current node at (5400, 13600) at layer 2 have been moved from (0, 0).
[WARNING PSM-0024] Instance _1353_, current node at (5400, 13600) at layer 2 have been moved from (0, 0).
[WARNING PSM-0024] Instance _1354_, current node at (5400, 13600) at layer 2 have been moved from (0, 0).
[WARNING PSM-0024] Instance _1355_, current node at (5400, 13600) at layer 2 have been moved from (0, 0).
[WARNING PSM-0024] Instance _1356_, current node at (5400, 13600) at layer 2 have been moved from (0, 0).
[WARNING PSM-0024] Instance _1357_, current node at (5400, 13600) at layer 2 have been moved from (0, 0).
[WARNING PSM-0024] Instance _1358_, current node at (5400, 13600) at layer 2 have been moved from (0, 0).
[WARNING PSM-0024] Instance _1359_, current node at (5400, 13600) at layer 2 have been moved from (0, 0).
[WARNING PSM-0024] Instance _1360_, current node at (5400, 13600) at layer 2 have been moved from (0, 0).
[WARNING PSM-0024] Instance _1361_, current node at (5400, 13600) at layer 2 have been moved from (0, 0).
[WARNING PSM-0024] Instance _1362_, current node at (5400, 13600) at layer 2 have been moved from (0, 0).
[WARNING PSM-0024] Instance _1363_, current node at (5400, 13600) at layer 2 have been moved from (0, 0).
[WARNING PSM-0024] Instance _1364_, current node at (5400, 13600) at layer 2 have been moved from (0, 0).
[WARNING PSM-0024] Instance _1365_, current node at (5400, 13600) at layer 2 have been moved from (0, 0).
[WARNING PSM-0024] Instance _1366_, current node at (5400, 13600) at layer 2 have been moved from (0, 0).
[WARNING PSM-0024] Instance _1367_, current node at (5400, 13600) at layer 2 have been moved from (0, 0).
[WARNING PSM-0024] Instance _1368_, current node at (5400, 13600) at layer 2 have been moved from (0, 0).
[WARNING PSM-0024] Instance _1369_, current node at (5400, 13600) at layer 2 have been moved from (0, 0).
[WARNING PSM-0024] Instance _1370_, current node at (5400, 13600) at layer 2 have been moved from (0, 0).
[WARNING PSM-0024] Instance _1371_, current node at (5400, 13600) at layer 2 have been moved from (0, 0).
[WARNING PSM-0024] Instance _1372_, current node at (5400, 13600) at layer 2 have been moved from (0, 0).
[WARNING PSM-0024] Instance _1373_, current node at (5400, 13600) at layer 2 have been moved from (0, 0).
[WARNING PSM-0024] Instance _1374_, current node at (5400, 13600) at layer 2 have been moved from (0, 0).
[WARNING PSM-0024] Instance _1375_, current node at (5400, 13600) at layer 2 have been moved from (0, 0).
[INFO PSM-0064] Number of voltage sources = 20.
[INFO PSM-0040] All PDN stripes on net vccd1 are connected.
########## IR report #################
Worstcase voltage: 1.80e+00 V
Average IR drop  : 1.88e-10 V
Worstcase IR drop: 1.72e-08 V
######################################
