OpenROAD 8d53e9b018dec98fa63e907ddeb6c5406f035361 
This program is licensed under the BSD-3 license. See the LICENSE file for details.
Components of this program may be licensed under more restrictive licenses which must be honored.
[INFO ODB-0222] Reading LEF file: /home/younis/caravel_tutorial/caravel_example/openlane/core/runs/core/tmp/merged_unpadded.lef
[INFO ODB-0223]     Created 13 technology layers
[INFO ODB-0224]     Created 25 technology vias
[INFO ODB-0225]     Created 441 library cells
[INFO ODB-0226] Finished LEF file:  /home/younis/caravel_tutorial/caravel_example/openlane/core/runs/core/tmp/merged_unpadded.lef
[INFO ODB-0127] Reading DEF file: /home/younis/caravel_tutorial/caravel_example/openlane/core/runs/core/tmp/cts/13-resizer_timing.def
[INFO ODB-0128] Design: core
[INFO ODB-0130]     Created 254 pins.
[INFO ODB-0131]     Created 33270 components and 73165 component-terminals.
[INFO ODB-0132]     Created 2 special nets and 70406 connections.
[INFO ODB-0133]     Created 985 nets and 2681 connections.
[INFO ODB-0134] Finished DEF file: /home/younis/caravel_tutorial/caravel_example/openlane/core/runs/core/tmp/cts/13-resizer_timing.def
[INFO]: Inserting sky130_ef_sc_hd__fakediode_2...
[WARN]: Skipping vccd1
[WARN]: Skipping vssd1

[INFO]: 1834 of sky130_ef_sc_hd__fakediode_2 inserted!
[INFO]: Legalizing...
Placement Analysis
---------------------------------
total displacement      12649.2 u
average displacement        0.4 u
max displacement           83.1 u
original HPWL          111703.6 u
legalized HPWL         115182.3 u
delta HPWL                    3 %

[INFO DPL-0020] Mirrored 1334 instances
[INFO DPL-0021] HPWL before          115182.3 u
[INFO DPL-0022] HPWL after           114315.8 u
[INFO DPL-0023] HPWL delta               -0.8 %
