OpenROAD 8d53e9b018dec98fa63e907ddeb6c5406f035361 
This program is licensed under the BSD-3 license. See the LICENSE file for details.
Components of this program may be licensed under more restrictive licenses which must be honored.
[INFO ODB-0222] Reading LEF file: /home/younis/caravel_tutorial/caravel_example/openlane/core/runs/core/tmp/merged_unpadded.lef
[INFO ODB-0223]     Created 13 technology layers
[INFO ODB-0224]     Created 25 technology vias
[INFO ODB-0225]     Created 441 library cells
[INFO ODB-0226] Finished LEF file:  /home/younis/caravel_tutorial/caravel_example/openlane/core/runs/core/tmp/merged_unpadded.lef
[INFO ODB-0127] Reading DEF file: /home/younis/caravel_tutorial/caravel_example/openlane/core/runs/core/tmp/routing/15-diodes.def
[INFO ODB-0128] Design: core
[INFO ODB-0130]     Created 254 pins.
[INFO ODB-0131]     Created 35104 components and 82335 component-terminals.
[INFO ODB-0132]     Created 2 special nets and 77742 connections.
[INFO ODB-0133]     Created 985 nets and 4515 connections.
[INFO ODB-0134] Finished DEF file: /home/younis/caravel_tutorial/caravel_example/openlane/core/runs/core/tmp/routing/15-diodes.def
Placement Analysis
---------------------------------
total displacement      37413.8 u
average displacement        1.1 u
max displacement           95.7 u
original HPWL          114315.8 u
legalized HPWL         132437.5 u
delta HPWL                   16 %

[INFO DPL-0020] Mirrored 1687 instances
[INFO DPL-0021] HPWL before          132437.5 u
[INFO DPL-0022] HPWL after           131691.2 u
[INFO DPL-0023] HPWL delta               -0.6 %
