Instance name,  X location,  Y location,  Voltage 
PHY_1084, 5.4, 1487.84, 1.8
PHY_1085, 1490.4, 1487.84, 1.8
PHY_1080, 5.4, 1482.4, 1.8
PHY_1082, 5.4, 1482.4, 1.8
PHY_1081, 1490.4, 1482.4, 1.8
PHY_1083, 1490.4, 1482.4, 1.8
PHY_1076, 5.4, 1476.96, 1.8
PHY_1078, 5.4, 1476.96, 1.8
PHY_1077, 1490.4, 1476.96, 1.8
PHY_1079, 1490.4, 1476.96, 1.8
PHY_1072, 5.4, 1471.52, 1.8
PHY_1074, 5.4, 1471.52, 1.8
PHY_1073, 1490.4, 1471.52, 1.8
PHY_1075, 1490.4, 1471.52, 1.8
PHY_1068, 5.4, 1466.08, 1.8
PHY_1070, 5.4, 1466.08, 1.8
PHY_1069, 1490.4, 1466.08, 1.8
PHY_1071, 1490.4, 1466.08, 1.8
PHY_1064, 5.4, 1460.64, 1.8
PHY_1066, 5.4, 1460.64, 1.8
PHY_1065, 1490.4, 1460.64, 1.8
PHY_1067, 1490.4, 1460.64, 1.8
PHY_1060, 5.4, 1455.2, 1.8
PHY_1062, 5.4, 1455.2, 1.8
PHY_1061, 1490.4, 1455.2, 1.8
PHY_1063, 1490.4, 1455.2, 1.8
PHY_1056, 5.4, 1449.76, 1.8
PHY_1058, 5.4, 1449.76, 1.8
PHY_1057, 1490.4, 1449.76, 1.8
PHY_1059, 1490.4, 1449.76, 1.8
PHY_1052, 5.4, 1444.32, 1.8
PHY_1054, 5.4, 1444.32, 1.8
PHY_1053, 1490.4, 1444.32, 1.8
PHY_1055, 1490.4, 1444.32, 1.8
PHY_1048, 5.4, 1438.88, 1.8
PHY_1050, 5.4, 1438.88, 1.8
PHY_1049, 1490.4, 1438.88, 1.8
PHY_1051, 1490.4, 1438.88, 1.8
PHY_1044, 5.4, 1433.44, 1.8
PHY_1046, 5.4, 1433.44, 1.8
PHY_1045, 1490.4, 1433.44, 1.8
PHY_1047, 1490.4, 1433.44, 1.8
PHY_1040, 5.4, 1428, 1.8
PHY_1042, 5.4, 1428, 1.8
PHY_1041, 1490.4, 1428, 1.8
PHY_1043, 1490.4, 1428, 1.8
PHY_1036, 5.4, 1422.56, 1.8
PHY_1038, 5.4, 1422.56, 1.8
PHY_1037, 1490.4, 1422.56, 1.8
PHY_1039, 1490.4, 1422.56, 1.8
PHY_1032, 5.4, 1417.12, 1.8
PHY_1034, 5.4, 1417.12, 1.8
PHY_1033, 1490.4, 1417.12, 1.8
PHY_1035, 1490.4, 1417.12, 1.8
PHY_1028, 5.4, 1411.68, 1.8
PHY_1030, 5.4, 1411.68, 1.8
PHY_1029, 1490.4, 1411.68, 1.8
PHY_1031, 1490.4, 1411.68, 1.8
PHY_1024, 5.4, 1406.24, 1.8
PHY_1026, 5.4, 1406.24, 1.8
PHY_1025, 1490.4, 1406.24, 1.8
PHY_1027, 1490.4, 1406.24, 1.8
PHY_1020, 5.4, 1400.8, 1.8
PHY_1022, 5.4, 1400.8, 1.8
PHY_1021, 1490.4, 1400.8, 1.8
PHY_1023, 1490.4, 1400.8, 1.8
PHY_1016, 5.4, 1395.36, 1.8
PHY_1018, 5.4, 1395.36, 1.8
PHY_1017, 1490.4, 1395.36, 1.8
PHY_1019, 1490.4, 1395.36, 1.8
PHY_1012, 5.4, 1389.92, 1.8
PHY_1014, 5.4, 1389.92, 1.8
PHY_1013, 1490.4, 1389.92, 1.8
PHY_1015, 1490.4, 1389.92, 1.8
PHY_1008, 5.4, 1384.48, 1.8
PHY_1010, 5.4, 1384.48, 1.8
PHY_1009, 1490.4, 1384.48, 1.8
PHY_1011, 1490.4, 1384.48, 1.8
PHY_1004, 5.4, 1379.04, 1.8
PHY_1006, 5.4, 1379.04, 1.8
PHY_1005, 1490.4, 1379.04, 1.8
PHY_1007, 1490.4, 1379.04, 1.8
PHY_1000, 5.4, 1373.6, 1.8
PHY_1002, 5.4, 1373.6, 1.8
PHY_1001, 1490.4, 1373.6, 1.8
PHY_1003, 1490.4, 1373.6, 1.8
PHY_996, 5.4, 1368.16, 1.8
PHY_998, 5.4, 1368.16, 1.8
PHY_997, 1490.4, 1368.16, 1.8
PHY_999, 1490.4, 1368.16, 1.8
PHY_992, 5.4, 1362.72, 1.8
PHY_994, 5.4, 1362.72, 1.8
PHY_993, 1490.4, 1362.72, 1.8
PHY_995, 1490.4, 1362.72, 1.8
PHY_988, 5.4, 1357.28, 1.8
PHY_990, 5.4, 1357.28, 1.8
PHY_989, 1490.4, 1357.28, 1.8
PHY_991, 1490.4, 1357.28, 1.8
PHY_984, 5.4, 1351.84, 1.8
PHY_986, 5.4, 1351.84, 1.8
PHY_985, 1490.4, 1351.84, 1.8
PHY_987, 1490.4, 1351.84, 1.8
PHY_980, 5.4, 1346.4, 1.8
PHY_982, 5.4, 1346.4, 1.8
PHY_981, 1490.4, 1346.4, 1.8
PHY_983, 1490.4, 1346.4, 1.8
PHY_976, 5.4, 1340.96, 1.8
PHY_978, 5.4, 1340.96, 1.8
PHY_977, 1490.4, 1340.96, 1.8
PHY_979, 1490.4, 1340.96, 1.8
PHY_972, 5.4, 1335.52, 1.8
PHY_974, 5.4, 1335.52, 1.8
PHY_973, 1490.4, 1335.52, 1.8
PHY_975, 1490.4, 1335.52, 1.8
PHY_968, 5.4, 1330.08, 1.8
PHY_970, 5.4, 1330.08, 1.8
PHY_969, 1490.4, 1330.08, 1.8
PHY_971, 1490.4, 1330.08, 1.8
PHY_964, 5.4, 1324.64, 1.8
PHY_966, 5.4, 1324.64, 1.8
PHY_965, 1490.4, 1324.64, 1.8
PHY_967, 1490.4, 1324.64, 1.8
PHY_960, 5.4, 1319.2, 1.8
PHY_962, 5.4, 1319.2, 1.8
PHY_961, 1490.4, 1319.2, 1.8
PHY_963, 1490.4, 1319.2, 1.8
PHY_956, 5.4, 1313.76, 1.8
PHY_958, 5.4, 1313.76, 1.8
PHY_957, 1490.4, 1313.76, 1.8
PHY_959, 1490.4, 1313.76, 1.8
PHY_952, 5.4, 1308.32, 1.8
PHY_954, 5.4, 1308.32, 1.8
PHY_953, 1490.4, 1308.32, 1.8
PHY_955, 1490.4, 1308.32, 1.8
PHY_948, 5.4, 1302.88, 1.8
PHY_950, 5.4, 1302.88, 1.8
PHY_949, 1490.4, 1302.88, 1.8
PHY_951, 1490.4, 1302.88, 1.8
PHY_944, 5.4, 1297.44, 1.8
PHY_946, 5.4, 1297.44, 1.8
PHY_945, 1490.4, 1297.44, 1.8
PHY_947, 1490.4, 1297.44, 1.8
PHY_940, 5.4, 1292, 1.8
PHY_942, 5.4, 1292, 1.8
PHY_941, 1490.4, 1292, 1.8
PHY_943, 1490.4, 1292, 1.8
PHY_936, 5.4, 1286.56, 1.8
PHY_938, 5.4, 1286.56, 1.8
PHY_937, 1490.4, 1286.56, 1.8
PHY_939, 1490.4, 1286.56, 1.8
PHY_932, 5.4, 1281.12, 1.8
PHY_934, 5.4, 1281.12, 1.8
PHY_933, 1490.4, 1281.12, 1.8
PHY_935, 1490.4, 1281.12, 1.8
PHY_928, 5.4, 1275.68, 1.8
PHY_930, 5.4, 1275.68, 1.8
PHY_929, 1490.4, 1275.68, 1.8
PHY_931, 1490.4, 1275.68, 1.8
PHY_924, 5.4, 1270.24, 1.8
PHY_926, 5.4, 1270.24, 1.8
PHY_925, 1490.4, 1270.24, 1.8
PHY_927, 1490.4, 1270.24, 1.8
PHY_920, 5.4, 1264.8, 1.8
PHY_922, 5.4, 1264.8, 1.8
PHY_921, 1490.4, 1264.8, 1.8
PHY_923, 1490.4, 1264.8, 1.8
PHY_916, 5.4, 1259.36, 1.8
PHY_918, 5.4, 1259.36, 1.8
PHY_917, 1490.4, 1259.36, 1.8
PHY_919, 1490.4, 1259.36, 1.8
PHY_912, 5.4, 1253.92, 1.8
PHY_914, 5.4, 1253.92, 1.8
PHY_913, 1490.4, 1253.92, 1.8
PHY_915, 1490.4, 1253.92, 1.8
PHY_908, 5.4, 1248.48, 1.8
PHY_910, 5.4, 1248.48, 1.8
PHY_909, 1490.4, 1248.48, 1.8
PHY_911, 1490.4, 1248.48, 1.8
PHY_904, 5.4, 1243.04, 1.8
PHY_906, 5.4, 1243.04, 1.8
PHY_905, 1490.4, 1243.04, 1.8
PHY_907, 1490.4, 1243.04, 1.8
PHY_900, 5.4, 1237.6, 1.8
PHY_902, 5.4, 1237.6, 1.8
PHY_901, 1490.4, 1237.6, 1.8
PHY_903, 1490.4, 1237.6, 1.8
PHY_896, 5.4, 1232.16, 1.8
PHY_898, 5.4, 1232.16, 1.8
PHY_897, 1490.4, 1232.16, 1.8
PHY_899, 1490.4, 1232.16, 1.8
PHY_892, 5.4, 1226.72, 1.8
PHY_894, 5.4, 1226.72, 1.8
PHY_893, 1490.4, 1226.72, 1.8
PHY_895, 1490.4, 1226.72, 1.8
PHY_888, 5.4, 1221.28, 1.8
PHY_890, 5.4, 1221.28, 1.8
PHY_889, 1490.4, 1221.28, 1.8
PHY_891, 1490.4, 1221.28, 1.8
PHY_884, 5.4, 1215.84, 1.8
PHY_886, 5.4, 1215.84, 1.8
PHY_885, 1490.4, 1215.84, 1.8
PHY_887, 1490.4, 1215.84, 1.8
PHY_880, 5.4, 1210.4, 1.8
PHY_882, 5.4, 1210.4, 1.8
PHY_881, 1490.4, 1210.4, 1.8
PHY_883, 1490.4, 1210.4, 1.8
PHY_876, 5.4, 1204.96, 1.8
PHY_878, 5.4, 1204.96, 1.8
PHY_877, 1490.4, 1204.96, 1.8
PHY_879, 1490.4, 1204.96, 1.8
PHY_872, 5.4, 1199.52, 1.8
PHY_874, 5.4, 1199.52, 1.8
PHY_873, 1490.4, 1199.52, 1.8
PHY_875, 1490.4, 1199.52, 1.8
PHY_868, 5.4, 1194.08, 1.8
PHY_870, 5.4, 1194.08, 1.8
PHY_869, 1490.4, 1194.08, 1.8
PHY_871, 1490.4, 1194.08, 1.8
PHY_864, 5.4, 1188.64, 1.8
PHY_866, 5.4, 1188.64, 1.8
PHY_865, 1490.4, 1188.64, 1.8
PHY_867, 1490.4, 1188.64, 1.8
PHY_860, 5.4, 1183.2, 1.8
PHY_862, 5.4, 1183.2, 1.8
PHY_861, 1490.4, 1183.2, 1.8
PHY_863, 1490.4, 1183.2, 1.8
PHY_856, 5.4, 1177.76, 1.8
PHY_858, 5.4, 1177.76, 1.8
PHY_857, 1490.4, 1177.76, 1.8
PHY_859, 1490.4, 1177.76, 1.8
PHY_852, 5.4, 1172.32, 1.8
PHY_854, 5.4, 1172.32, 1.8
PHY_853, 1490.4, 1172.32, 1.8
PHY_855, 1490.4, 1172.32, 1.8
PHY_848, 5.4, 1166.88, 1.8
PHY_850, 5.4, 1166.88, 1.8
PHY_849, 1490.4, 1166.88, 1.8
PHY_851, 1490.4, 1166.88, 1.8
PHY_844, 5.4, 1161.44, 1.8
PHY_846, 5.4, 1161.44, 1.8
PHY_845, 1490.4, 1161.44, 1.8
PHY_847, 1490.4, 1161.44, 1.8
PHY_840, 5.4, 1156, 1.8
PHY_842, 5.4, 1156, 1.8
PHY_841, 1490.4, 1156, 1.8
PHY_843, 1490.4, 1156, 1.8
PHY_836, 5.4, 1150.56, 1.8
PHY_838, 5.4, 1150.56, 1.8
PHY_837, 1490.4, 1150.56, 1.8
PHY_839, 1490.4, 1150.56, 1.8
PHY_832, 5.4, 1145.12, 1.8
PHY_834, 5.4, 1145.12, 1.8
PHY_833, 1490.4, 1145.12, 1.8
PHY_835, 1490.4, 1145.12, 1.8
PHY_828, 5.4, 1139.68, 1.8
PHY_830, 5.4, 1139.68, 1.8
PHY_829, 1490.4, 1139.68, 1.8
PHY_831, 1490.4, 1139.68, 1.8
PHY_824, 5.4, 1134.24, 1.8
PHY_826, 5.4, 1134.24, 1.8
PHY_825, 1490.4, 1134.24, 1.8
PHY_827, 1490.4, 1134.24, 1.8
PHY_820, 5.4, 1128.8, 1.8
PHY_822, 5.4, 1128.8, 1.8
PHY_821, 1490.4, 1128.8, 1.8
PHY_823, 1490.4, 1128.8, 1.8
PHY_816, 5.4, 1123.36, 1.8
PHY_818, 5.4, 1123.36, 1.8
PHY_817, 1490.4, 1123.36, 1.8
PHY_819, 1490.4, 1123.36, 1.8
PHY_812, 5.4, 1117.92, 1.8
PHY_814, 5.4, 1117.92, 1.8
PHY_813, 1490.4, 1117.92, 1.8
PHY_815, 1490.4, 1117.92, 1.8
PHY_808, 5.4, 1112.48, 1.8
PHY_810, 5.4, 1112.48, 1.8
PHY_809, 1490.4, 1112.48, 1.8
PHY_811, 1490.4, 1112.48, 1.8
PHY_804, 5.4, 1107.04, 1.8
PHY_806, 5.4, 1107.04, 1.8
PHY_805, 1490.4, 1107.04, 1.8
PHY_807, 1490.4, 1107.04, 1.8
PHY_800, 5.4, 1101.6, 1.8
PHY_802, 5.4, 1101.6, 1.8
PHY_801, 1490.4, 1101.6, 1.8
PHY_803, 1490.4, 1101.6, 1.8
PHY_796, 5.4, 1096.16, 1.8
PHY_798, 5.4, 1096.16, 1.8
PHY_797, 1490.4, 1096.16, 1.8
PHY_799, 1490.4, 1096.16, 1.8
PHY_792, 5.4, 1090.72, 1.8
PHY_794, 5.4, 1090.72, 1.8
PHY_793, 1490.4, 1090.72, 1.8
PHY_795, 1490.4, 1090.72, 1.8
PHY_788, 5.4, 1085.28, 1.8
PHY_790, 5.4, 1085.28, 1.8
PHY_789, 1490.4, 1085.28, 1.8
PHY_791, 1490.4, 1085.28, 1.8
PHY_784, 5.4, 1079.84, 1.8
PHY_786, 5.4, 1079.84, 1.8
PHY_785, 1490.4, 1079.84, 1.8
PHY_787, 1490.4, 1079.84, 1.8
PHY_780, 5.4, 1074.4, 1.8
PHY_782, 5.4, 1074.4, 1.8
PHY_781, 1490.4, 1074.4, 1.8
PHY_783, 1490.4, 1074.4, 1.8
PHY_776, 5.4, 1068.96, 1.8
PHY_778, 5.4, 1068.96, 1.8
PHY_777, 1490.4, 1068.96, 1.8
PHY_779, 1490.4, 1068.96, 1.8
PHY_772, 5.4, 1063.52, 1.8
PHY_774, 5.4, 1063.52, 1.8
PHY_773, 1490.4, 1063.52, 1.8
PHY_775, 1490.4, 1063.52, 1.8
PHY_768, 5.4, 1058.08, 1.8
PHY_770, 5.4, 1058.08, 1.8
PHY_769, 1490.4, 1058.08, 1.8
PHY_771, 1490.4, 1058.08, 1.8
PHY_764, 5.4, 1052.64, 1.8
PHY_766, 5.4, 1052.64, 1.8
PHY_765, 1490.4, 1052.64, 1.8
PHY_767, 1490.4, 1052.64, 1.8
PHY_760, 5.4, 1047.2, 1.8
PHY_762, 5.4, 1047.2, 1.8
PHY_761, 1490.4, 1047.2, 1.8
PHY_763, 1490.4, 1047.2, 1.8
PHY_756, 5.4, 1041.76, 1.8
PHY_758, 5.4, 1041.76, 1.8
PHY_757, 1490.4, 1041.76, 1.8
PHY_759, 1490.4, 1041.76, 1.8
PHY_752, 5.4, 1036.32, 1.8
PHY_754, 5.4, 1036.32, 1.8
PHY_753, 1490.4, 1036.32, 1.8
PHY_755, 1490.4, 1036.32, 1.8
PHY_748, 5.4, 1030.88, 1.8
PHY_750, 5.4, 1030.88, 1.8
PHY_749, 1490.4, 1030.88, 1.8
PHY_751, 1490.4, 1030.88, 1.8
PHY_744, 5.4, 1025.44, 1.8
PHY_746, 5.4, 1025.44, 1.8
PHY_745, 1490.4, 1025.44, 1.8
PHY_747, 1490.4, 1025.44, 1.8
PHY_740, 5.4, 1020, 1.8
PHY_742, 5.4, 1020, 1.8
PHY_741, 1490.4, 1020, 1.8
PHY_743, 1490.4, 1020, 1.8
PHY_736, 5.4, 1014.56, 1.8
PHY_738, 5.4, 1014.56, 1.8
PHY_737, 1490.4, 1014.56, 1.8
PHY_739, 1490.4, 1014.56, 1.8
PHY_732, 5.4, 1009.12, 1.8
PHY_734, 5.4, 1009.12, 1.8
PHY_733, 1490.4, 1009.12, 1.8
PHY_735, 1490.4, 1009.12, 1.8
PHY_728, 5.4, 1003.68, 1.8
PHY_730, 5.4, 1003.68, 1.8
PHY_729, 1490.4, 1003.68, 1.8
PHY_731, 1490.4, 1003.68, 1.8
PHY_724, 5.4, 998.24, 1.8
PHY_726, 5.4, 998.24, 1.8
PHY_725, 1490.4, 998.24, 1.8
PHY_727, 1490.4, 998.24, 1.8
PHY_720, 5.4, 992.8, 1.8
PHY_722, 5.4, 992.8, 1.8
PHY_721, 1490.4, 992.8, 1.8
PHY_723, 1490.4, 992.8, 1.8
PHY_716, 5.4, 987.36, 1.8
PHY_718, 5.4, 987.36, 1.8
PHY_717, 1490.4, 987.36, 1.8
PHY_719, 1490.4, 987.36, 1.8
PHY_712, 5.4, 981.92, 1.8
PHY_714, 5.4, 981.92, 1.8
PHY_713, 1490.4, 981.92, 1.8
PHY_715, 1490.4, 981.92, 1.8
PHY_708, 5.4, 976.48, 1.8
PHY_710, 5.4, 976.48, 1.8
PHY_709, 1490.4, 976.48, 1.8
PHY_711, 1490.4, 976.48, 1.8
PHY_704, 5.4, 971.04, 1.8
PHY_706, 5.4, 971.04, 1.8
PHY_705, 1490.4, 971.04, 1.8
PHY_707, 1490.4, 971.04, 1.8
PHY_700, 5.4, 965.6, 1.8
PHY_702, 5.4, 965.6, 1.8
PHY_701, 1490.4, 965.6, 1.8
PHY_703, 1490.4, 965.6, 1.8
PHY_696, 5.4, 960.16, 1.8
PHY_698, 5.4, 960.16, 1.8
PHY_697, 1490.4, 960.16, 1.8
PHY_699, 1490.4, 960.16, 1.8
PHY_692, 5.4, 954.72, 1.8
PHY_694, 5.4, 954.72, 1.8
PHY_693, 1490.4, 954.72, 1.8
PHY_695, 1490.4, 954.72, 1.8
PHY_688, 5.4, 949.28, 1.8
PHY_690, 5.4, 949.28, 1.8
PHY_689, 1490.4, 949.28, 1.8
PHY_691, 1490.4, 949.28, 1.8
PHY_684, 5.4, 943.84, 1.8
PHY_686, 5.4, 943.84, 1.8
PHY_685, 1490.4, 943.84, 1.8
PHY_687, 1490.4, 943.84, 1.8
PHY_680, 5.4, 938.4, 1.8
PHY_682, 5.4, 938.4, 1.8
PHY_681, 1490.4, 938.4, 1.8
PHY_683, 1490.4, 938.4, 1.8
PHY_676, 5.4, 932.96, 1.8
PHY_678, 5.4, 932.96, 1.8
PHY_677, 1490.4, 932.96, 1.8
PHY_679, 1490.4, 932.96, 1.8
PHY_672, 5.4, 927.52, 1.8
PHY_674, 5.4, 927.52, 1.8
PHY_673, 1490.4, 927.52, 1.8
PHY_675, 1490.4, 927.52, 1.8
PHY_668, 5.4, 922.08, 1.8
PHY_670, 5.4, 922.08, 1.8
PHY_669, 1490.4, 922.08, 1.8
PHY_671, 1490.4, 922.08, 1.8
PHY_664, 5.4, 916.64, 1.8
PHY_666, 5.4, 916.64, 1.8
PHY_665, 1490.4, 916.64, 1.8
PHY_667, 1490.4, 916.64, 1.8
PHY_660, 5.4, 911.2, 1.8
PHY_662, 5.4, 911.2, 1.8
PHY_661, 1490.4, 911.2, 1.8
PHY_663, 1490.4, 911.2, 1.8
PHY_656, 5.4, 905.76, 1.8
PHY_658, 5.4, 905.76, 1.8
PHY_657, 1490.4, 905.76, 1.8
PHY_659, 1490.4, 905.76, 1.8
PHY_652, 5.4, 900.32, 1.8
PHY_654, 5.4, 900.32, 1.8
PHY_653, 1490.4, 900.32, 1.8
PHY_655, 1490.4, 900.32, 1.8
PHY_648, 5.4, 894.88, 1.8
PHY_650, 5.4, 894.88, 1.8
PHY_649, 1490.4, 894.88, 1.8
PHY_651, 1490.4, 894.88, 1.8
PHY_644, 5.4, 889.44, 1.8
PHY_646, 5.4, 889.44, 1.8
PHY_645, 1490.4, 889.44, 1.8
PHY_647, 1490.4, 889.44, 1.8
PHY_640, 5.4, 884, 1.8
PHY_642, 5.4, 884, 1.8
PHY_641, 1490.4, 884, 1.8
PHY_643, 1490.4, 884, 1.8
PHY_636, 5.4, 878.56, 1.8
PHY_638, 5.4, 878.56, 1.8
PHY_637, 1490.4, 878.56, 1.8
PHY_639, 1490.4, 878.56, 1.8
PHY_632, 5.4, 873.12, 1.8
PHY_634, 5.4, 873.12, 1.8
PHY_633, 1490.4, 873.12, 1.8
PHY_635, 1490.4, 873.12, 1.8
PHY_628, 5.4, 867.68, 1.8
PHY_630, 5.4, 867.68, 1.8
PHY_629, 1490.4, 867.68, 1.8
PHY_631, 1490.4, 867.68, 1.8
PHY_624, 5.4, 862.24, 1.8
PHY_626, 5.4, 862.24, 1.8
PHY_625, 1490.4, 862.24, 1.8
PHY_627, 1490.4, 862.24, 1.8
PHY_620, 5.4, 856.8, 1.8
PHY_622, 5.4, 856.8, 1.8
PHY_621, 1490.4, 856.8, 1.8
PHY_623, 1490.4, 856.8, 1.8
PHY_616, 5.4, 851.36, 1.8
PHY_618, 5.4, 851.36, 1.8
PHY_617, 1490.4, 851.36, 1.8
PHY_619, 1490.4, 851.36, 1.8
PHY_612, 5.4, 845.92, 1.8
PHY_614, 5.4, 845.92, 1.8
PHY_613, 1490.4, 845.92, 1.8
PHY_615, 1490.4, 845.92, 1.8
PHY_608, 5.4, 840.48, 1.8
PHY_610, 5.4, 840.48, 1.8
PHY_609, 1490.4, 840.48, 1.8
PHY_611, 1490.4, 840.48, 1.8
PHY_604, 5.4, 835.04, 1.8
PHY_606, 5.4, 835.04, 1.8
PHY_605, 1490.4, 835.04, 1.8
PHY_607, 1490.4, 835.04, 1.8
PHY_600, 5.4, 829.6, 1.8
PHY_602, 5.4, 829.6, 1.8
PHY_601, 1490.4, 829.6, 1.8
PHY_603, 1490.4, 829.6, 1.8
PHY_596, 5.4, 824.16, 1.8
PHY_598, 5.4, 824.16, 1.8
PHY_597, 1490.4, 824.16, 1.8
PHY_599, 1490.4, 824.16, 1.8
PHY_592, 5.4, 818.72, 1.8
PHY_594, 5.4, 818.72, 1.8
PHY_593, 1490.4, 818.72, 1.8
PHY_595, 1490.4, 818.72, 1.8
PHY_588, 5.4, 813.28, 1.8
PHY_590, 5.4, 813.28, 1.8
PHY_589, 1490.4, 813.28, 1.8
PHY_591, 1490.4, 813.28, 1.8
PHY_584, 5.4, 807.84, 1.8
PHY_586, 5.4, 807.84, 1.8
PHY_585, 1490.4, 807.84, 1.8
PHY_587, 1490.4, 807.84, 1.8
PHY_580, 5.4, 802.4, 1.8
PHY_582, 5.4, 802.4, 1.8
PHY_581, 1490.4, 802.4, 1.8
PHY_583, 1490.4, 802.4, 1.8
PHY_576, 5.4, 796.96, 1.8
PHY_578, 5.4, 796.96, 1.8
PHY_577, 1490.4, 796.96, 1.8
PHY_579, 1490.4, 796.96, 1.8
PHY_572, 5.4, 791.52, 1.8
PHY_574, 5.4, 791.52, 1.8
PHY_573, 1490.4, 791.52, 1.8
PHY_575, 1490.4, 791.52, 1.8
PHY_568, 5.4, 786.08, 1.8
PHY_570, 5.4, 786.08, 1.8
PHY_569, 1490.4, 786.08, 1.8
PHY_571, 1490.4, 786.08, 1.8
PHY_564, 5.4, 780.64, 1.8
PHY_566, 5.4, 780.64, 1.8
PHY_565, 1490.4, 780.64, 1.8
PHY_567, 1490.4, 780.64, 1.8
PHY_560, 5.4, 775.2, 1.8
PHY_562, 5.4, 775.2, 1.8
PHY_561, 1490.4, 775.2, 1.8
PHY_563, 1490.4, 775.2, 1.8
PHY_556, 5.4, 769.76, 1.8
PHY_558, 5.4, 769.76, 1.8
PHY_557, 1490.4, 769.76, 1.8
PHY_559, 1490.4, 769.76, 1.8
PHY_552, 5.4, 764.32, 1.8
PHY_554, 5.4, 764.32, 1.8
PHY_553, 1490.4, 764.32, 1.8
PHY_555, 1490.4, 764.32, 1.8
PHY_548, 5.4, 758.88, 1.8
PHY_550, 5.4, 758.88, 1.8
PHY_549, 1490.4, 758.88, 1.8
PHY_551, 1490.4, 758.88, 1.8
PHY_544, 5.4, 753.44, 1.8
PHY_546, 5.4, 753.44, 1.8
PHY_545, 1490.4, 753.44, 1.8
PHY_547, 1490.4, 753.44, 1.8
PHY_540, 5.4, 748, 1.8
PHY_542, 5.4, 748, 1.8
PHY_541, 1490.4, 748, 1.8
PHY_543, 1490.4, 748, 1.8
PHY_536, 5.4, 742.56, 1.8
PHY_538, 5.4, 742.56, 1.8
PHY_537, 1490.4, 742.56, 1.8
PHY_539, 1490.4, 742.56, 1.8
PHY_532, 5.4, 737.12, 1.8
PHY_534, 5.4, 737.12, 1.8
PHY_533, 1490.4, 737.12, 1.8
PHY_535, 1490.4, 737.12, 1.8
PHY_528, 5.4, 731.68, 1.8
PHY_530, 5.4, 731.68, 1.8
PHY_529, 1490.4, 731.68, 1.8
PHY_531, 1490.4, 731.68, 1.8
PHY_524, 5.4, 726.24, 1.8
PHY_526, 5.4, 726.24, 1.8
PHY_525, 1490.4, 726.24, 1.8
PHY_527, 1490.4, 726.24, 1.8
PHY_520, 5.4, 720.8, 1.8
PHY_522, 5.4, 720.8, 1.8
PHY_521, 1490.4, 720.8, 1.8
PHY_523, 1490.4, 720.8, 1.8
PHY_516, 5.4, 715.36, 1.8
PHY_518, 5.4, 715.36, 1.8
PHY_517, 1490.4, 715.36, 1.8
PHY_519, 1490.4, 715.36, 1.8
PHY_512, 5.4, 709.92, 1.8
PHY_514, 5.4, 709.92, 1.8
PHY_513, 1490.4, 709.92, 1.8
PHY_515, 1490.4, 709.92, 1.8
PHY_508, 5.4, 704.48, 1.8
PHY_510, 5.4, 704.48, 1.8
PHY_509, 1490.4, 704.48, 1.8
PHY_511, 1490.4, 704.48, 1.8
PHY_504, 5.4, 699.04, 1.8
PHY_506, 5.4, 699.04, 1.8
PHY_505, 1490.4, 699.04, 1.8
PHY_507, 1490.4, 699.04, 1.8
PHY_500, 5.4, 693.6, 1.8
PHY_502, 5.4, 693.6, 1.8
PHY_501, 1490.4, 693.6, 1.8
PHY_503, 1490.4, 693.6, 1.8
PHY_496, 5.4, 688.16, 1.8
PHY_498, 5.4, 688.16, 1.8
PHY_497, 1490.4, 688.16, 1.8
PHY_499, 1490.4, 688.16, 1.8
PHY_492, 5.4, 682.72, 1.8
PHY_494, 5.4, 682.72, 1.8
PHY_493, 1490.4, 682.72, 1.8
PHY_495, 1490.4, 682.72, 1.8
PHY_488, 5.4, 677.28, 1.8
PHY_490, 5.4, 677.28, 1.8
PHY_489, 1490.4, 677.28, 1.8
PHY_491, 1490.4, 677.28, 1.8
PHY_484, 5.4, 671.84, 1.8
PHY_486, 5.4, 671.84, 1.8
PHY_485, 1490.4, 671.84, 1.8
PHY_487, 1490.4, 671.84, 1.8
PHY_480, 5.4, 666.4, 1.8
PHY_482, 5.4, 666.4, 1.8
PHY_481, 1490.4, 666.4, 1.8
PHY_483, 1490.4, 666.4, 1.8
PHY_476, 5.4, 660.96, 1.8
PHY_478, 5.4, 660.96, 1.8
PHY_477, 1490.4, 660.96, 1.8
PHY_479, 1490.4, 660.96, 1.8
PHY_472, 5.4, 655.52, 1.8
PHY_474, 5.4, 655.52, 1.8
PHY_473, 1490.4, 655.52, 1.8
PHY_475, 1490.4, 655.52, 1.8
PHY_468, 5.4, 650.08, 1.8
PHY_470, 5.4, 650.08, 1.8
PHY_469, 1490.4, 650.08, 1.8
PHY_471, 1490.4, 650.08, 1.8
PHY_464, 5.4, 644.64, 1.8
PHY_466, 5.4, 644.64, 1.8
PHY_465, 1490.4, 644.64, 1.8
PHY_467, 1490.4, 644.64, 1.8
PHY_460, 5.4, 639.2, 1.8
PHY_462, 5.4, 639.2, 1.8
PHY_461, 1490.4, 639.2, 1.8
PHY_463, 1490.4, 639.2, 1.8
PHY_456, 5.4, 633.76, 1.8
PHY_458, 5.4, 633.76, 1.8
PHY_457, 1490.4, 633.76, 1.8
PHY_459, 1490.4, 633.76, 1.8
PHY_452, 5.4, 628.32, 1.8
PHY_454, 5.4, 628.32, 1.8
PHY_453, 1490.4, 628.32, 1.8
PHY_455, 1490.4, 628.32, 1.8
PHY_448, 5.4, 622.88, 1.8
PHY_450, 5.4, 622.88, 1.8
PHY_449, 1490.4, 622.88, 1.8
PHY_451, 1490.4, 622.88, 1.8
PHY_444, 5.4, 617.44, 1.8
PHY_446, 5.4, 617.44, 1.8
PHY_445, 1490.4, 617.44, 1.8
PHY_447, 1490.4, 617.44, 1.8
PHY_440, 5.4, 612, 1.8
PHY_442, 5.4, 612, 1.8
PHY_441, 1490.4, 612, 1.8
PHY_443, 1490.4, 612, 1.8
PHY_436, 5.4, 606.56, 1.8
PHY_438, 5.4, 606.56, 1.8
PHY_437, 1490.4, 606.56, 1.8
PHY_439, 1490.4, 606.56, 1.8
PHY_432, 5.4, 601.12, 1.8
PHY_434, 5.4, 601.12, 1.8
PHY_433, 1490.4, 601.12, 1.8
PHY_435, 1490.4, 601.12, 1.8
PHY_428, 5.4, 595.68, 1.8
PHY_430, 5.4, 595.68, 1.8
PHY_429, 1490.4, 595.68, 1.8
PHY_431, 1490.4, 595.68, 1.8
PHY_424, 5.4, 590.24, 1.8
PHY_426, 5.4, 590.24, 1.8
PHY_425, 1490.4, 590.24, 1.8
PHY_427, 1490.4, 590.24, 1.8
PHY_420, 5.4, 584.8, 1.8
PHY_422, 5.4, 584.8, 1.8
PHY_421, 1490.4, 584.8, 1.8
PHY_423, 1490.4, 584.8, 1.8
PHY_416, 5.4, 579.36, 1.8
PHY_418, 5.4, 579.36, 1.8
PHY_417, 1490.4, 579.36, 1.8
PHY_419, 1490.4, 579.36, 1.8
PHY_412, 5.4, 573.92, 1.8
PHY_414, 5.4, 573.92, 1.8
PHY_413, 1490.4, 573.92, 1.8
PHY_415, 1490.4, 573.92, 1.8
PHY_408, 5.4, 568.48, 1.8
PHY_410, 5.4, 568.48, 1.8
PHY_409, 1490.4, 568.48, 1.8
PHY_411, 1490.4, 568.48, 1.8
PHY_404, 5.4, 563.04, 1.8
PHY_406, 5.4, 563.04, 1.8
PHY_405, 1490.4, 563.04, 1.8
PHY_407, 1490.4, 563.04, 1.8
PHY_400, 5.4, 557.6, 1.8
PHY_402, 5.4, 557.6, 1.8
PHY_401, 1490.4, 557.6, 1.8
PHY_403, 1490.4, 557.6, 1.8
PHY_396, 5.4, 552.16, 1.8
PHY_398, 5.4, 552.16, 1.8
PHY_397, 1490.4, 552.16, 1.8
PHY_399, 1490.4, 552.16, 1.8
PHY_392, 5.4, 546.72, 1.8
PHY_394, 5.4, 546.72, 1.8
PHY_393, 1490.4, 546.72, 1.8
PHY_395, 1490.4, 546.72, 1.8
PHY_388, 5.4, 541.28, 1.8
PHY_390, 5.4, 541.28, 1.8
PHY_389, 1490.4, 541.28, 1.8
PHY_391, 1490.4, 541.28, 1.8
PHY_384, 5.4, 535.84, 1.8
PHY_386, 5.4, 535.84, 1.8
PHY_385, 1490.4, 535.84, 1.8
PHY_387, 1490.4, 535.84, 1.8
PHY_380, 5.4, 530.4, 1.8
PHY_382, 5.4, 530.4, 1.8
PHY_381, 1490.4, 530.4, 1.8
PHY_383, 1490.4, 530.4, 1.8
PHY_376, 5.4, 524.96, 1.8
PHY_378, 5.4, 524.96, 1.8
PHY_377, 1490.4, 524.96, 1.8
PHY_379, 1490.4, 524.96, 1.8
PHY_372, 5.4, 519.52, 1.8
PHY_374, 5.4, 519.52, 1.8
PHY_373, 1490.4, 519.52, 1.8
PHY_375, 1490.4, 519.52, 1.8
PHY_368, 5.4, 514.08, 1.8
PHY_370, 5.4, 514.08, 1.8
PHY_369, 1490.4, 514.08, 1.8
PHY_371, 1490.4, 514.08, 1.8
PHY_364, 5.4, 508.64, 1.8
PHY_366, 5.4, 508.64, 1.8
PHY_365, 1490.4, 508.64, 1.8
PHY_367, 1490.4, 508.64, 1.8
PHY_360, 5.4, 503.2, 1.8
PHY_362, 5.4, 503.2, 1.8
PHY_361, 1490.4, 503.2, 1.8
PHY_363, 1490.4, 503.2, 1.8
PHY_356, 5.4, 497.76, 1.8
PHY_358, 5.4, 497.76, 1.8
PHY_357, 1490.4, 497.76, 1.8
PHY_359, 1490.4, 497.76, 1.8
PHY_352, 5.4, 492.32, 1.8
PHY_354, 5.4, 492.32, 1.8
PHY_353, 1490.4, 492.32, 1.8
PHY_355, 1490.4, 492.32, 1.8
PHY_348, 5.4, 486.88, 1.8
PHY_350, 5.4, 486.88, 1.8
PHY_349, 1490.4, 486.88, 1.8
PHY_351, 1490.4, 486.88, 1.8
PHY_344, 5.4, 481.44, 1.8
PHY_346, 5.4, 481.44, 1.8
PHY_345, 1490.4, 481.44, 1.8
PHY_347, 1490.4, 481.44, 1.8
PHY_340, 5.4, 476, 1.8
PHY_342, 5.4, 476, 1.8
PHY_341, 1490.4, 476, 1.8
PHY_343, 1490.4, 476, 1.8
PHY_336, 5.4, 470.56, 1.8
PHY_338, 5.4, 470.56, 1.8
PHY_337, 1490.4, 470.56, 1.8
PHY_339, 1490.4, 470.56, 1.8
PHY_332, 5.4, 465.12, 1.8
PHY_334, 5.4, 465.12, 1.8
PHY_333, 1490.4, 465.12, 1.8
PHY_335, 1490.4, 465.12, 1.8
PHY_328, 5.4, 459.68, 1.8
PHY_330, 5.4, 459.68, 1.8
PHY_329, 1490.4, 459.68, 1.8
PHY_331, 1490.4, 459.68, 1.8
PHY_324, 5.4, 454.24, 1.8
PHY_326, 5.4, 454.24, 1.8
PHY_325, 1490.4, 454.24, 1.8
PHY_327, 1490.4, 454.24, 1.8
PHY_320, 5.4, 448.8, 1.8
PHY_322, 5.4, 448.8, 1.8
PHY_321, 1490.4, 448.8, 1.8
PHY_323, 1490.4, 448.8, 1.8
PHY_316, 5.4, 443.36, 1.8
PHY_318, 5.4, 443.36, 1.8
PHY_317, 1490.4, 443.36, 1.8
PHY_319, 1490.4, 443.36, 1.8
PHY_312, 5.4, 437.92, 1.8
PHY_314, 5.4, 437.92, 1.8
PHY_313, 1490.4, 437.92, 1.8
PHY_315, 1490.4, 437.92, 1.8
PHY_308, 5.4, 432.48, 1.8
PHY_310, 5.4, 432.48, 1.8
PHY_309, 1490.4, 432.48, 1.8
PHY_311, 1490.4, 432.48, 1.8
PHY_304, 5.4, 427.04, 1.8
PHY_306, 5.4, 427.04, 1.8
PHY_305, 1490.4, 427.04, 1.8
PHY_307, 1490.4, 427.04, 1.8
PHY_300, 5.4, 421.6, 1.8
PHY_302, 5.4, 421.6, 1.8
PHY_301, 1490.4, 421.6, 1.8
PHY_303, 1490.4, 421.6, 1.8
PHY_296, 5.4, 416.16, 1.8
PHY_298, 5.4, 416.16, 1.8
PHY_297, 1490.4, 416.16, 1.8
PHY_299, 1490.4, 416.16, 1.8
PHY_292, 5.4, 410.72, 1.8
PHY_294, 5.4, 410.72, 1.8
PHY_293, 1490.4, 410.72, 1.8
PHY_295, 1490.4, 410.72, 1.8
PHY_288, 5.4, 405.28, 1.8
PHY_290, 5.4, 405.28, 1.8
PHY_289, 1490.4, 405.28, 1.8
PHY_291, 1490.4, 405.28, 1.8
PHY_284, 5.4, 399.84, 1.8
PHY_286, 5.4, 399.84, 1.8
PHY_285, 1490.4, 399.84, 1.8
PHY_287, 1490.4, 399.84, 1.8
PHY_280, 5.4, 394.4, 1.8
PHY_282, 5.4, 394.4, 1.8
PHY_281, 1490.4, 394.4, 1.8
PHY_283, 1490.4, 394.4, 1.8
PHY_276, 5.4, 388.96, 1.8
PHY_278, 5.4, 388.96, 1.8
PHY_277, 1490.4, 388.96, 1.8
PHY_279, 1490.4, 388.96, 1.8
PHY_272, 5.4, 383.52, 1.8
PHY_274, 5.4, 383.52, 1.8
PHY_273, 1490.4, 383.52, 1.8
PHY_275, 1490.4, 383.52, 1.8
PHY_268, 5.4, 378.08, 1.8
PHY_270, 5.4, 378.08, 1.8
PHY_269, 1490.4, 378.08, 1.8
PHY_271, 1490.4, 378.08, 1.8
PHY_264, 5.4, 372.64, 1.8
PHY_266, 5.4, 372.64, 1.8
PHY_265, 1490.4, 372.64, 1.8
PHY_267, 1490.4, 372.64, 1.8
PHY_260, 5.4, 367.2, 1.8
PHY_262, 5.4, 367.2, 1.8
PHY_261, 1490.4, 367.2, 1.8
PHY_263, 1490.4, 367.2, 1.8
PHY_256, 5.4, 361.76, 1.8
PHY_258, 5.4, 361.76, 1.8
PHY_257, 1490.4, 361.76, 1.8
PHY_259, 1490.4, 361.76, 1.8
PHY_252, 5.4, 356.32, 1.8
PHY_254, 5.4, 356.32, 1.8
PHY_253, 1490.4, 356.32, 1.8
PHY_255, 1490.4, 356.32, 1.8
PHY_248, 5.4, 350.88, 1.8
PHY_250, 5.4, 350.88, 1.8
PHY_249, 1490.4, 350.88, 1.8
PHY_251, 1490.4, 350.88, 1.8
PHY_244, 5.4, 345.44, 1.8
PHY_246, 5.4, 345.44, 1.8
PHY_245, 1490.4, 345.44, 1.8
PHY_247, 1490.4, 345.44, 1.8
PHY_240, 5.4, 340, 1.8
PHY_242, 5.4, 340, 1.8
PHY_241, 1490.4, 340, 1.8
PHY_243, 1490.4, 340, 1.8
PHY_236, 5.4, 334.56, 1.8
PHY_238, 5.4, 334.56, 1.8
PHY_237, 1490.4, 334.56, 1.8
PHY_239, 1490.4, 334.56, 1.8
PHY_232, 5.4, 329.12, 1.8
PHY_234, 5.4, 329.12, 1.8
PHY_233, 1490.4, 329.12, 1.8
PHY_235, 1490.4, 329.12, 1.8
PHY_228, 5.4, 323.68, 1.8
PHY_230, 5.4, 323.68, 1.8
PHY_229, 1490.4, 323.68, 1.8
PHY_231, 1490.4, 323.68, 1.8
PHY_224, 5.4, 318.24, 1.8
PHY_226, 5.4, 318.24, 1.8
PHY_225, 1490.4, 318.24, 1.8
PHY_227, 1490.4, 318.24, 1.8
PHY_220, 5.4, 312.8, 1.8
PHY_222, 5.4, 312.8, 1.8
PHY_221, 1490.4, 312.8, 1.8
PHY_223, 1490.4, 312.8, 1.8
PHY_216, 5.4, 307.36, 1.8
PHY_218, 5.4, 307.36, 1.8
PHY_217, 1490.4, 307.36, 1.8
PHY_219, 1490.4, 307.36, 1.8
PHY_212, 5.4, 301.92, 1.8
PHY_214, 5.4, 301.92, 1.8
PHY_213, 1490.4, 301.92, 1.8
PHY_215, 1490.4, 301.92, 1.8
PHY_208, 5.4, 296.48, 1.8
PHY_210, 5.4, 296.48, 1.8
PHY_209, 1490.4, 296.48, 1.8
PHY_211, 1490.4, 296.48, 1.8
PHY_204, 5.4, 291.04, 1.8
PHY_206, 5.4, 291.04, 1.8
PHY_205, 1490.4, 291.04, 1.8
PHY_207, 1490.4, 291.04, 1.8
PHY_200, 5.4, 285.6, 1.8
PHY_202, 5.4, 285.6, 1.8
PHY_201, 1490.4, 285.6, 1.8
PHY_203, 1490.4, 285.6, 1.8
PHY_196, 5.4, 280.16, 1.8
PHY_198, 5.4, 280.16, 1.8
PHY_197, 1490.4, 280.16, 1.8
PHY_199, 1490.4, 280.16, 1.8
PHY_192, 5.4, 274.72, 1.8
PHY_194, 5.4, 274.72, 1.8
PHY_193, 1490.4, 274.72, 1.8
PHY_195, 1490.4, 274.72, 1.8
PHY_188, 5.4, 269.28, 1.8
PHY_190, 5.4, 269.28, 1.8
PHY_189, 1490.4, 269.28, 1.8
PHY_191, 1490.4, 269.28, 1.8
PHY_184, 5.4, 263.84, 1.8
PHY_186, 5.4, 263.84, 1.8
PHY_185, 1490.4, 263.84, 1.8
PHY_187, 1490.4, 263.84, 1.8
PHY_180, 5.4, 258.4, 1.8
PHY_182, 5.4, 258.4, 1.8
PHY_181, 1490.4, 258.4, 1.8
PHY_183, 1490.4, 258.4, 1.8
PHY_176, 5.4, 252.96, 1.8
PHY_178, 5.4, 252.96, 1.8
PHY_177, 1490.4, 252.96, 1.8
PHY_179, 1490.4, 252.96, 1.8
PHY_172, 5.4, 247.52, 1.8
PHY_174, 5.4, 247.52, 1.8
PHY_173, 1490.4, 247.52, 1.8
PHY_175, 1490.4, 247.52, 1.8
PHY_168, 5.4, 242.08, 1.8
PHY_170, 5.4, 242.08, 1.8
PHY_169, 1490.4, 242.08, 1.8
PHY_171, 1490.4, 242.08, 1.8
PHY_164, 5.4, 236.64, 1.8
PHY_166, 5.4, 236.64, 1.8
PHY_165, 1490.4, 236.64, 1.8
PHY_167, 1490.4, 236.64, 1.8
PHY_160, 5.4, 231.2, 1.8
PHY_162, 5.4, 231.2, 1.8
PHY_161, 1490.4, 231.2, 1.8
PHY_163, 1490.4, 231.2, 1.8
PHY_156, 5.4, 225.76, 1.8
PHY_158, 5.4, 225.76, 1.8
PHY_157, 1490.4, 225.76, 1.8
PHY_159, 1490.4, 225.76, 1.8
PHY_152, 5.4, 220.32, 1.8
PHY_154, 5.4, 220.32, 1.8
PHY_153, 1490.4, 220.32, 1.8
PHY_155, 1490.4, 220.32, 1.8
PHY_148, 5.4, 214.88, 1.8
PHY_150, 5.4, 214.88, 1.8
PHY_149, 1490.4, 214.88, 1.8
PHY_151, 1490.4, 214.88, 1.8
PHY_144, 5.4, 209.44, 1.8
PHY_146, 5.4, 209.44, 1.8
PHY_145, 1490.4, 209.44, 1.8
PHY_147, 1490.4, 209.44, 1.8
PHY_140, 5.4, 204, 1.8
PHY_142, 5.4, 204, 1.8
PHY_141, 1490.4, 204, 1.8
PHY_143, 1490.4, 204, 1.8
PHY_136, 5.4, 198.56, 1.8
PHY_138, 5.4, 198.56, 1.8
PHY_137, 1490.4, 198.56, 1.8
PHY_139, 1490.4, 198.56, 1.8
PHY_132, 5.4, 193.12, 1.8
PHY_134, 5.4, 193.12, 1.8
PHY_133, 1490.4, 193.12, 1.8
PHY_135, 1490.4, 193.12, 1.8
PHY_128, 5.4, 187.68, 1.8
PHY_130, 5.4, 187.68, 1.8
PHY_129, 1490.4, 187.68, 1.8
PHY_131, 1490.4, 187.68, 1.8
PHY_124, 5.4, 182.24, 1.8
PHY_126, 5.4, 182.24, 1.8
PHY_125, 1490.4, 182.24, 1.8
PHY_127, 1490.4, 182.24, 1.8
PHY_120, 5.4, 176.8, 1.8
PHY_122, 5.4, 176.8, 1.8
PHY_121, 1490.4, 176.8, 1.8
PHY_123, 1490.4, 176.8, 1.8
PHY_116, 5.4, 171.36, 1.8
PHY_118, 5.4, 171.36, 1.8
PHY_117, 1490.4, 171.36, 1.8
PHY_119, 1490.4, 171.36, 1.8
PHY_112, 5.4, 165.92, 1.8
PHY_114, 5.4, 165.92, 1.8
PHY_113, 1490.4, 165.92, 1.8
PHY_115, 1490.4, 165.92, 1.8
PHY_108, 5.4, 160.48, 1.8
PHY_110, 5.4, 160.48, 1.8
PHY_109, 1490.4, 160.48, 1.8
PHY_111, 1490.4, 160.48, 1.8
PHY_104, 5.4, 155.04, 1.8
PHY_106, 5.4, 155.04, 1.8
PHY_105, 1490.4, 155.04, 1.8
PHY_107, 1490.4, 155.04, 1.8
PHY_100, 5.4, 149.6, 1.8
PHY_102, 5.4, 149.6, 1.8
PHY_101, 1490.4, 149.6, 1.8
PHY_103, 1490.4, 149.6, 1.8
PHY_96, 5.4, 144.16, 1.8
PHY_98, 5.4, 144.16, 1.8
PHY_97, 1490.4, 144.16, 1.8
PHY_99, 1490.4, 144.16, 1.8
PHY_92, 5.4, 138.72, 1.8
PHY_94, 5.4, 138.72, 1.8
PHY_93, 1490.4, 138.72, 1.8
PHY_95, 1490.4, 138.72, 1.8
PHY_88, 5.4, 133.28, 1.8
PHY_90, 5.4, 133.28, 1.8
PHY_89, 1490.4, 133.28, 1.8
PHY_91, 1490.4, 133.28, 1.8
PHY_84, 5.4, 127.84, 1.8
PHY_86, 5.4, 127.84, 1.8
PHY_85, 1490.4, 127.84, 1.8
PHY_87, 1490.4, 127.84, 1.8
PHY_80, 5.4, 122.4, 1.8
PHY_82, 5.4, 122.4, 1.8
PHY_81, 1490.4, 122.4, 1.8
PHY_83, 1490.4, 122.4, 1.8
PHY_76, 5.4, 116.96, 1.8
PHY_78, 5.4, 116.96, 1.8
PHY_77, 1490.4, 116.96, 1.8
PHY_79, 1490.4, 116.96, 1.8
PHY_72, 5.4, 111.52, 1.8
PHY_74, 5.4, 111.52, 1.8
PHY_73, 1490.4, 111.52, 1.8
PHY_75, 1490.4, 111.52, 1.8
PHY_68, 5.4, 106.08, 1.8
PHY_70, 5.4, 106.08, 1.8
PHY_69, 1490.4, 106.08, 1.8
PHY_71, 1490.4, 106.08, 1.8
PHY_64, 5.4, 100.64, 1.8
PHY_66, 5.4, 100.64, 1.8
PHY_65, 1490.4, 100.64, 1.8
PHY_67, 1490.4, 100.64, 1.8
PHY_60, 5.4, 95.2, 1.8
PHY_62, 5.4, 95.2, 1.8
PHY_61, 1490.4, 95.2, 1.8
PHY_63, 1490.4, 95.2, 1.8
PHY_56, 5.4, 89.76, 1.8
PHY_58, 5.4, 89.76, 1.8
PHY_57, 1490.4, 89.76, 1.8
PHY_59, 1490.4, 89.76, 1.8
PHY_52, 5.4, 84.32, 1.8
PHY_54, 5.4, 84.32, 1.8
PHY_53, 1490.4, 84.32, 1.8
PHY_55, 1490.4, 84.32, 1.8
PHY_48, 5.4, 78.88, 1.8
PHY_50, 5.4, 78.88, 1.8
PHY_49, 1490.4, 78.88, 1.8
PHY_51, 1490.4, 78.88, 1.8
PHY_44, 5.4, 73.44, 1.8
PHY_46, 5.4, 73.44, 1.8
PHY_45, 1490.4, 73.44, 1.8
PHY_47, 1490.4, 73.44, 1.8
PHY_40, 5.4, 68, 1.8
PHY_42, 5.4, 68, 1.8
PHY_41, 1490.4, 68, 1.8
PHY_43, 1490.4, 68, 1.8
PHY_36, 5.4, 62.56, 1.8
PHY_38, 5.4, 62.56, 1.8
PHY_37, 1490.4, 62.56, 1.8
PHY_39, 1490.4, 62.56, 1.8
PHY_32, 5.4, 57.12, 1.8
PHY_34, 5.4, 57.12, 1.8
PHY_33, 1490.4, 57.12, 1.8
PHY_35, 1490.4, 57.12, 1.8
PHY_28, 5.4, 51.68, 1.8
PHY_30, 5.4, 51.68, 1.8
PHY_29, 1490.4, 51.68, 1.8
PHY_31, 1490.4, 51.68, 1.8
PHY_24, 5.4, 46.24, 1.8
PHY_26, 5.4, 46.24, 1.8
PHY_25, 1490.4, 46.24, 1.8
PHY_27, 1490.4, 46.24, 1.8
PHY_20, 5.4, 40.8, 1.8
PHY_22, 5.4, 40.8, 1.8
PHY_21, 1490.4, 40.8, 1.8
PHY_23, 1490.4, 40.8, 1.8
PHY_16, 5.4, 35.36, 1.8
PHY_18, 5.4, 35.36, 1.8
PHY_17, 1490.4, 35.36, 1.8
PHY_19, 1490.4, 35.36, 1.8
PHY_12, 5.4, 29.92, 1.8
PHY_14, 5.4, 29.92, 1.8
PHY_13, 1490.4, 29.92, 1.8
PHY_15, 1490.4, 29.92, 1.8
PHY_10, 5.4, 24.48, 1.8
PHY_8, 5.4, 24.48, 1.8
PHY_11, 1490.4, 24.48, 1.8
PHY_9, 1490.4, 24.48, 1.8
PHY_4, 5.4, 19.04, 1.8
PHY_6, 5.4, 19.04, 1.8
PHY_5, 1490.4, 19.04, 1.8
PHY_7, 1490.4, 19.04, 1.8
PHY_0, 5.4, 13.6, 1.8
PHY_2, 5.4, 13.6, 1.8
_0581_, 5.4, 13.6, 1.8
_0582_, 5.4, 13.6, 1.8
_0583_, 5.4, 13.6, 1.8
_0584_, 5.4, 13.6, 1.8
_0585_, 5.4, 13.6, 1.8
_0586_, 5.4, 13.6, 1.8
_0587_, 5.4, 13.6, 1.8
_0588_, 5.4, 13.6, 1.8
_0589_, 5.4, 13.6, 1.8
_0590_, 5.4, 13.6, 1.8
_0591_, 5.4, 13.6, 1.8
_0592_, 5.4, 13.6, 1.8
_0593_, 5.4, 13.6, 1.8
_0594_, 5.4, 13.6, 1.8
_0595_, 5.4, 13.6, 1.8
_0596_, 5.4, 13.6, 1.8
_0597_, 5.4, 13.6, 1.8
_0598_, 5.4, 13.6, 1.8
_0599_, 5.4, 13.6, 1.8
_0600_, 5.4, 13.6, 1.8
_0601_, 5.4, 13.6, 1.8
_0602_, 5.4, 13.6, 1.8
_0603_, 5.4, 13.6, 1.8
_0604_, 5.4, 13.6, 1.8
_0605_, 5.4, 13.6, 1.8
_0606_, 5.4, 13.6, 1.8
_0607_, 5.4, 13.6, 1.8
_0608_, 5.4, 13.6, 1.8
_0609_, 5.4, 13.6, 1.8
_0610_, 5.4, 13.6, 1.8
_0611_, 5.4, 13.6, 1.8
_0612_, 5.4, 13.6, 1.8
_0613_, 5.4, 13.6, 1.8
_0614_, 5.4, 13.6, 1.8
_0615_, 5.4, 13.6, 1.8
_0616_, 5.4, 13.6, 1.8
_0617_, 5.4, 13.6, 1.8
_0618_, 5.4, 13.6, 1.8
_0619_, 5.4, 13.6, 1.8
_0620_, 5.4, 13.6, 1.8
_0621_, 5.4, 13.6, 1.8
_0622_, 5.4, 13.6, 1.8
_0623_, 5.4, 13.6, 1.8
_0624_, 5.4, 13.6, 1.8
_0625_, 5.4, 13.6, 1.8
_0626_, 5.4, 13.6, 1.8
_0627_, 5.4, 13.6, 1.8
_0628_, 5.4, 13.6, 1.8
_0629_, 5.4, 13.6, 1.8
_0630_, 5.4, 13.6, 1.8
_0631_, 5.4, 13.6, 1.8
_0632_, 5.4, 13.6, 1.8
_0633_, 5.4, 13.6, 1.8
_0634_, 5.4, 13.6, 1.8
_0635_, 5.4, 13.6, 1.8
_0636_, 5.4, 13.6, 1.8
_0637_, 5.4, 13.6, 1.8
_0638_, 5.4, 13.6, 1.8
_0639_, 5.4, 13.6, 1.8
_0640_, 5.4, 13.6, 1.8
_0641_, 5.4, 13.6, 1.8
_0642_, 5.4, 13.6, 1.8
_0643_, 5.4, 13.6, 1.8
_0644_, 5.4, 13.6, 1.8
_0645_, 5.4, 13.6, 1.8
_0646_, 5.4, 13.6, 1.8
_0647_, 5.4, 13.6, 1.8
_0648_, 5.4, 13.6, 1.8
_0649_, 5.4, 13.6, 1.8
_0650_, 5.4, 13.6, 1.8
_0651_, 5.4, 13.6, 1.8
_0652_, 5.4, 13.6, 1.8
_0653_, 5.4, 13.6, 1.8
_0654_, 5.4, 13.6, 1.8
_0655_, 5.4, 13.6, 1.8
_0656_, 5.4, 13.6, 1.8
_0657_, 5.4, 13.6, 1.8
_0658_, 5.4, 13.6, 1.8
_0659_, 5.4, 13.6, 1.8
_0660_, 5.4, 13.6, 1.8
_0661_, 5.4, 13.6, 1.8
_0662_, 5.4, 13.6, 1.8
_0663_, 5.4, 13.6, 1.8
_0664_, 5.4, 13.6, 1.8
_0665_, 5.4, 13.6, 1.8
_0666_, 5.4, 13.6, 1.8
_0667_, 5.4, 13.6, 1.8
_0668_, 5.4, 13.6, 1.8
_0669_, 5.4, 13.6, 1.8
_0670_, 5.4, 13.6, 1.8
_0671_, 5.4, 13.6, 1.8
_0672_, 5.4, 13.6, 1.8
_0673_, 5.4, 13.6, 1.8
_0674_, 5.4, 13.6, 1.8
_0675_, 5.4, 13.6, 1.8
_0676_, 5.4, 13.6, 1.8
_0677_, 5.4, 13.6, 1.8
_0678_, 5.4, 13.6, 1.8
_0679_, 5.4, 13.6, 1.8
_0680_, 5.4, 13.6, 1.8
_0681_, 5.4, 13.6, 1.8
_0682_, 5.4, 13.6, 1.8
_0683_, 5.4, 13.6, 1.8
_0684_, 5.4, 13.6, 1.8
_0685_, 5.4, 13.6, 1.8
_0686_, 5.4, 13.6, 1.8
_0687_, 5.4, 13.6, 1.8
_0688_, 5.4, 13.6, 1.8
_0689_, 5.4, 13.6, 1.8
_0690_, 5.4, 13.6, 1.8
_0691_, 5.4, 13.6, 1.8
_0692_, 5.4, 13.6, 1.8
_0693_, 5.4, 13.6, 1.8
_0694_, 5.4, 13.6, 1.8
_0695_, 5.4, 13.6, 1.8
_0696_, 5.4, 13.6, 1.8
_0697_, 5.4, 13.6, 1.8
_0698_, 5.4, 13.6, 1.8
_0699_, 5.4, 13.6, 1.8
_0700_, 5.4, 13.6, 1.8
_0701_, 5.4, 13.6, 1.8
_0702_, 5.4, 13.6, 1.8
_0703_, 5.4, 13.6, 1.8
_0704_, 5.4, 13.6, 1.8
_0705_, 5.4, 13.6, 1.8
_0706_, 5.4, 13.6, 1.8
_0707_, 5.4, 13.6, 1.8
_0708_, 5.4, 13.6, 1.8
_0709_, 5.4, 13.6, 1.8
_0710_, 5.4, 13.6, 1.8
_0711_, 5.4, 13.6, 1.8
_0712_, 5.4, 13.6, 1.8
_0713_, 5.4, 13.6, 1.8
_0714_, 5.4, 13.6, 1.8
_0715_, 5.4, 13.6, 1.8
_0716_, 5.4, 13.6, 1.8
_0717_, 5.4, 13.6, 1.8
_0718_, 5.4, 13.6, 1.8
_0719_, 5.4, 13.6, 1.8
_0720_, 5.4, 13.6, 1.8
_0721_, 5.4, 13.6, 1.8
_0722_, 5.4, 13.6, 1.8
_0723_, 5.4, 13.6, 1.8
_0724_, 5.4, 13.6, 1.8
_0725_, 5.4, 13.6, 1.8
_0726_, 5.4, 13.6, 1.8
_0727_, 5.4, 13.6, 1.8
_0728_, 5.4, 13.6, 1.8
_0729_, 5.4, 13.6, 1.8
_0730_, 5.4, 13.6, 1.8
_0731_, 5.4, 13.6, 1.8
_0732_, 5.4, 13.6, 1.8
_0733_, 5.4, 13.6, 1.8
_0734_, 5.4, 13.6, 1.8
_0735_, 5.4, 13.6, 1.8
_0736_, 5.4, 13.6, 1.8
_0737_, 5.4, 13.6, 1.8
_0738_, 5.4, 13.6, 1.8
_0739_, 5.4, 13.6, 1.8
_0740_, 5.4, 13.6, 1.8
_0741_, 5.4, 13.6, 1.8
_0742_, 5.4, 13.6, 1.8
_0743_, 5.4, 13.6, 1.8
_0744_, 5.4, 13.6, 1.8
_0745_, 5.4, 13.6, 1.8
_0746_, 5.4, 13.6, 1.8
_0747_, 5.4, 13.6, 1.8
_0748_, 5.4, 13.6, 1.8
_0749_, 5.4, 13.6, 1.8
_0750_, 5.4, 13.6, 1.8
_0751_, 5.4, 13.6, 1.8
_0752_, 5.4, 13.6, 1.8
_0753_, 5.4, 13.6, 1.8
_0754_, 5.4, 13.6, 1.8
_0755_, 5.4, 13.6, 1.8
_0756_, 5.4, 13.6, 1.8
_0757_, 5.4, 13.6, 1.8
_0758_, 5.4, 13.6, 1.8
_0759_, 5.4, 13.6, 1.8
_0760_, 5.4, 13.6, 1.8
_0761_, 5.4, 13.6, 1.8
_0762_, 5.4, 13.6, 1.8
_0763_, 5.4, 13.6, 1.8
_0764_, 5.4, 13.6, 1.8
_0765_, 5.4, 13.6, 1.8
_0766_, 5.4, 13.6, 1.8
_0767_, 5.4, 13.6, 1.8
_0768_, 5.4, 13.6, 1.8
_0769_, 5.4, 13.6, 1.8
_0770_, 5.4, 13.6, 1.8
_0771_, 5.4, 13.6, 1.8
_0772_, 5.4, 13.6, 1.8
_0773_, 5.4, 13.6, 1.8
_0774_, 5.4, 13.6, 1.8
_0775_, 5.4, 13.6, 1.8
_0776_, 5.4, 13.6, 1.8
_0777_, 5.4, 13.6, 1.8
_0778_, 5.4, 13.6, 1.8
_0779_, 5.4, 13.6, 1.8
_0780_, 5.4, 13.6, 1.8
_0781_, 5.4, 13.6, 1.8
_0782_, 5.4, 13.6, 1.8
_0783_, 5.4, 13.6, 1.8
_0784_, 5.4, 13.6, 1.8
_0785_, 5.4, 13.6, 1.8
_0786_, 5.4, 13.6, 1.8
_0787_, 5.4, 13.6, 1.8
_0788_, 5.4, 13.6, 1.8
_0789_, 5.4, 13.6, 1.8
_0790_, 5.4, 13.6, 1.8
_0791_, 5.4, 13.6, 1.8
_0792_, 5.4, 13.6, 1.8
_0793_, 5.4, 13.6, 1.8
_0794_, 5.4, 13.6, 1.8
_0795_, 5.4, 13.6, 1.8
_0796_, 5.4, 13.6, 1.8
_0797_, 5.4, 13.6, 1.8
_0798_, 5.4, 13.6, 1.8
_0799_, 5.4, 13.6, 1.8
_0800_, 5.4, 13.6, 1.8
_0801_, 5.4, 13.6, 1.8
_0802_, 5.4, 13.6, 1.8
_0803_, 5.4, 13.6, 1.8
_0804_, 5.4, 13.6, 1.8
_0805_, 5.4, 13.6, 1.8
_0806_, 5.4, 13.6, 1.8
_0807_, 5.4, 13.6, 1.8
_0808_, 5.4, 13.6, 1.8
_0809_, 5.4, 13.6, 1.8
_0810_, 5.4, 13.6, 1.8
_0811_, 5.4, 13.6, 1.8
_0812_, 5.4, 13.6, 1.8
_0813_, 5.4, 13.6, 1.8
_0814_, 5.4, 13.6, 1.8
_0815_, 5.4, 13.6, 1.8
_0816_, 5.4, 13.6, 1.8
_0817_, 5.4, 13.6, 1.8
_0818_, 5.4, 13.6, 1.8
_0819_, 5.4, 13.6, 1.8
_0820_, 5.4, 13.6, 1.8
_0821_, 5.4, 13.6, 1.8
_0822_, 5.4, 13.6, 1.8
_0823_, 5.4, 13.6, 1.8
_0824_, 5.4, 13.6, 1.8
_0825_, 5.4, 13.6, 1.8
_0826_, 5.4, 13.6, 1.8
_0827_, 5.4, 13.6, 1.8
_0828_, 5.4, 13.6, 1.8
_0829_, 5.4, 13.6, 1.8
_0830_, 5.4, 13.6, 1.8
_0831_, 5.4, 13.6, 1.8
_0832_, 5.4, 13.6, 1.8
_0833_, 5.4, 13.6, 1.8
_0834_, 5.4, 13.6, 1.8
_0835_, 5.4, 13.6, 1.8
_0836_, 5.4, 13.6, 1.8
_0837_, 5.4, 13.6, 1.8
_0838_, 5.4, 13.6, 1.8
_0839_, 5.4, 13.6, 1.8
_0840_, 5.4, 13.6, 1.8
_0841_, 5.4, 13.6, 1.8
_0842_, 5.4, 13.6, 1.8
_0843_, 5.4, 13.6, 1.8
_0844_, 5.4, 13.6, 1.8
_0845_, 5.4, 13.6, 1.8
_0846_, 5.4, 13.6, 1.8
_0847_, 5.4, 13.6, 1.8
_0848_, 5.4, 13.6, 1.8
_0849_, 5.4, 13.6, 1.8
_0850_, 5.4, 13.6, 1.8
_0851_, 5.4, 13.6, 1.8
_0852_, 5.4, 13.6, 1.8
_0853_, 5.4, 13.6, 1.8
_0854_, 5.4, 13.6, 1.8
_0855_, 5.4, 13.6, 1.8
_0856_, 5.4, 13.6, 1.8
_0857_, 5.4, 13.6, 1.8
_0858_, 5.4, 13.6, 1.8
_0859_, 5.4, 13.6, 1.8
_0860_, 5.4, 13.6, 1.8
_0861_, 5.4, 13.6, 1.8
_0862_, 5.4, 13.6, 1.8
_0863_, 5.4, 13.6, 1.8
_0864_, 5.4, 13.6, 1.8
_0865_, 5.4, 13.6, 1.8
_0866_, 5.4, 13.6, 1.8
_0867_, 5.4, 13.6, 1.8
_0868_, 5.4, 13.6, 1.8
_0869_, 5.4, 13.6, 1.8
_0870_, 5.4, 13.6, 1.8
_0871_, 5.4, 13.6, 1.8
_0872_, 5.4, 13.6, 1.8
_0873_, 5.4, 13.6, 1.8
_0874_, 5.4, 13.6, 1.8
_0875_, 5.4, 13.6, 1.8
_0876_, 5.4, 13.6, 1.8
_0877_, 5.4, 13.6, 1.8
_0878_, 5.4, 13.6, 1.8
_0879_, 5.4, 13.6, 1.8
_0880_, 5.4, 13.6, 1.8
_0881_, 5.4, 13.6, 1.8
_0882_, 5.4, 13.6, 1.8
_0883_, 5.4, 13.6, 1.8
_0884_, 5.4, 13.6, 1.8
_0885_, 5.4, 13.6, 1.8
_0886_, 5.4, 13.6, 1.8
_0887_, 5.4, 13.6, 1.8
_0888_, 5.4, 13.6, 1.8
_0889_, 5.4, 13.6, 1.8
_0890_, 5.4, 13.6, 1.8
_0891_, 5.4, 13.6, 1.8
_0892_, 5.4, 13.6, 1.8
_0893_, 5.4, 13.6, 1.8
_0894_, 5.4, 13.6, 1.8
_0895_, 5.4, 13.6, 1.8
_0896_, 5.4, 13.6, 1.8
_0897_, 5.4, 13.6, 1.8
_0898_, 5.4, 13.6, 1.8
_0899_, 5.4, 13.6, 1.8
_0900_, 5.4, 13.6, 1.8
_0901_, 5.4, 13.6, 1.8
_0902_, 5.4, 13.6, 1.8
_0903_, 5.4, 13.6, 1.8
_0904_, 5.4, 13.6, 1.8
_0905_, 5.4, 13.6, 1.8
_0906_, 5.4, 13.6, 1.8
_0907_, 5.4, 13.6, 1.8
_0908_, 5.4, 13.6, 1.8
_0909_, 5.4, 13.6, 1.8
_0910_, 5.4, 13.6, 1.8
_0911_, 5.4, 13.6, 1.8
_0912_, 5.4, 13.6, 1.8
_0913_, 5.4, 13.6, 1.8
_0914_, 5.4, 13.6, 1.8
_0915_, 5.4, 13.6, 1.8
_0916_, 5.4, 13.6, 1.8
_0917_, 5.4, 13.6, 1.8
_0918_, 5.4, 13.6, 1.8
_0919_, 5.4, 13.6, 1.8
_0920_, 5.4, 13.6, 1.8
_0921_, 5.4, 13.6, 1.8
_0922_, 5.4, 13.6, 1.8
_0923_, 5.4, 13.6, 1.8
_0924_, 5.4, 13.6, 1.8
_0925_, 5.4, 13.6, 1.8
_0926_, 5.4, 13.6, 1.8
_0927_, 5.4, 13.6, 1.8
_0928_, 5.4, 13.6, 1.8
_0929_, 5.4, 13.6, 1.8
_0930_, 5.4, 13.6, 1.8
_0931_, 5.4, 13.6, 1.8
_0932_, 5.4, 13.6, 1.8
_0933_, 5.4, 13.6, 1.8
_0934_, 5.4, 13.6, 1.8
_0935_, 5.4, 13.6, 1.8
_0936_, 5.4, 13.6, 1.8
_0937_, 5.4, 13.6, 1.8
_0938_, 5.4, 13.6, 1.8
_0939_, 5.4, 13.6, 1.8
_0940_, 5.4, 13.6, 1.8
_0941_, 5.4, 13.6, 1.8
_0942_, 5.4, 13.6, 1.8
_0943_, 5.4, 13.6, 1.8
_0944_, 5.4, 13.6, 1.8
_0945_, 5.4, 13.6, 1.8
_0946_, 5.4, 13.6, 1.8
_0947_, 5.4, 13.6, 1.8
_0948_, 5.4, 13.6, 1.8
_0949_, 5.4, 13.6, 1.8
_0950_, 5.4, 13.6, 1.8
_0951_, 5.4, 13.6, 1.8
_0952_, 5.4, 13.6, 1.8
_0953_, 5.4, 13.6, 1.8
_0954_, 5.4, 13.6, 1.8
_0955_, 5.4, 13.6, 1.8
_0956_, 5.4, 13.6, 1.8
_0957_, 5.4, 13.6, 1.8
_0958_, 5.4, 13.6, 1.8
_0959_, 5.4, 13.6, 1.8
_0960_, 5.4, 13.6, 1.8
_0961_, 5.4, 13.6, 1.8
_0962_, 5.4, 13.6, 1.8
_0963_, 5.4, 13.6, 1.8
_0964_, 5.4, 13.6, 1.8
_0965_, 5.4, 13.6, 1.8
_0966_, 5.4, 13.6, 1.8
_0967_, 5.4, 13.6, 1.8
_0968_, 5.4, 13.6, 1.8
_0969_, 5.4, 13.6, 1.8
_0970_, 5.4, 13.6, 1.8
_0971_, 5.4, 13.6, 1.8
_0972_, 5.4, 13.6, 1.8
_0973_, 5.4, 13.6, 1.8
_0974_, 5.4, 13.6, 1.8
_0975_, 5.4, 13.6, 1.8
_0976_, 5.4, 13.6, 1.8
_0977_, 5.4, 13.6, 1.8
_0978_, 5.4, 13.6, 1.8
_0979_, 5.4, 13.6, 1.8
_0980_, 5.4, 13.6, 1.8
_0981_, 5.4, 13.6, 1.8
_0982_, 5.4, 13.6, 1.8
_0983_, 5.4, 13.6, 1.8
_0984_, 5.4, 13.6, 1.8
_0985_, 5.4, 13.6, 1.8
_0986_, 5.4, 13.6, 1.8
_0987_, 5.4, 13.6, 1.8
_0988_, 5.4, 13.6, 1.8
_0989_, 5.4, 13.6, 1.8
_0990_, 5.4, 13.6, 1.8
_0991_, 5.4, 13.6, 1.8
_0992_, 5.4, 13.6, 1.8
_0993_, 5.4, 13.6, 1.8
_0994_, 5.4, 13.6, 1.8
_0995_, 5.4, 13.6, 1.8
_0996_, 5.4, 13.6, 1.8
_0997_, 5.4, 13.6, 1.8
_0998_, 5.4, 13.6, 1.8
_0999_, 5.4, 13.6, 1.8
_1000_, 5.4, 13.6, 1.8
_1001_, 5.4, 13.6, 1.8
_1002_, 5.4, 13.6, 1.8
_1003_, 5.4, 13.6, 1.8
_1004_, 5.4, 13.6, 1.8
_1005_, 5.4, 13.6, 1.8
_1006_, 5.4, 13.6, 1.8
_1007_, 5.4, 13.6, 1.8
_1008_, 5.4, 13.6, 1.8
_1009_, 5.4, 13.6, 1.8
_1010_, 5.4, 13.6, 1.8
_1011_, 5.4, 13.6, 1.8
_1012_, 5.4, 13.6, 1.8
_1013_, 5.4, 13.6, 1.8
_1014_, 5.4, 13.6, 1.8
_1015_, 5.4, 13.6, 1.8
_1016_, 5.4, 13.6, 1.8
_1017_, 5.4, 13.6, 1.8
_1018_, 5.4, 13.6, 1.8
_1019_, 5.4, 13.6, 1.8
_1020_, 5.4, 13.6, 1.8
_1021_, 5.4, 13.6, 1.8
_1022_, 5.4, 13.6, 1.8
_1023_, 5.4, 13.6, 1.8
_1024_, 5.4, 13.6, 1.8
_1025_, 5.4, 13.6, 1.8
_1026_, 5.4, 13.6, 1.8
_1027_, 5.4, 13.6, 1.8
_1028_, 5.4, 13.6, 1.8
_1029_, 5.4, 13.6, 1.8
_1030_, 5.4, 13.6, 1.8
_1031_, 5.4, 13.6, 1.8
_1032_, 5.4, 13.6, 1.8
_1033_, 5.4, 13.6, 1.8
_1034_, 5.4, 13.6, 1.8
_1035_, 5.4, 13.6, 1.8
_1036_, 5.4, 13.6, 1.8
_1037_, 5.4, 13.6, 1.8
_1038_, 5.4, 13.6, 1.8
_1039_, 5.4, 13.6, 1.8
_1040_, 5.4, 13.6, 1.8
_1041_, 5.4, 13.6, 1.8
_1042_, 5.4, 13.6, 1.8
_1043_, 5.4, 13.6, 1.8
_1044_, 5.4, 13.6, 1.8
_1045_, 5.4, 13.6, 1.8
_1046_, 5.4, 13.6, 1.8
_1047_, 5.4, 13.6, 1.8
_1048_, 5.4, 13.6, 1.8
_1049_, 5.4, 13.6, 1.8
_1050_, 5.4, 13.6, 1.8
_1051_, 5.4, 13.6, 1.8
_1052_, 5.4, 13.6, 1.8
_1053_, 5.4, 13.6, 1.8
_1054_, 5.4, 13.6, 1.8
_1055_, 5.4, 13.6, 1.8
_1056_, 5.4, 13.6, 1.8
_1057_, 5.4, 13.6, 1.8
_1058_, 5.4, 13.6, 1.8
_1059_, 5.4, 13.6, 1.8
_1060_, 5.4, 13.6, 1.8
_1061_, 5.4, 13.6, 1.8
_1062_, 5.4, 13.6, 1.8
_1063_, 5.4, 13.6, 1.8
_1064_, 5.4, 13.6, 1.8
_1065_, 5.4, 13.6, 1.8
_1066_, 5.4, 13.6, 1.8
_1067_, 5.4, 13.6, 1.8
_1068_, 5.4, 13.6, 1.8
_1069_, 5.4, 13.6, 1.8
_1070_, 5.4, 13.6, 1.8
_1071_, 5.4, 13.6, 1.8
_1072_, 5.4, 13.6, 1.8
_1073_, 5.4, 13.6, 1.8
_1074_, 5.4, 13.6, 1.8
_1075_, 5.4, 13.6, 1.8
_1076_, 5.4, 13.6, 1.8
_1077_, 5.4, 13.6, 1.8
_1078_, 5.4, 13.6, 1.8
_1079_, 5.4, 13.6, 1.8
_1080_, 5.4, 13.6, 1.8
_1081_, 5.4, 13.6, 1.8
_1082_, 5.4, 13.6, 1.8
_1083_, 5.4, 13.6, 1.8
_1084_, 5.4, 13.6, 1.8
_1085_, 5.4, 13.6, 1.8
_1086_, 5.4, 13.6, 1.8
_1087_, 5.4, 13.6, 1.8
_1088_, 5.4, 13.6, 1.8
_1089_, 5.4, 13.6, 1.8
_1090_, 5.4, 13.6, 1.8
_1091_, 5.4, 13.6, 1.8
_1092_, 5.4, 13.6, 1.8
_1093_, 5.4, 13.6, 1.8
_1094_, 5.4, 13.6, 1.8
_1095_, 5.4, 13.6, 1.8
_1096_, 5.4, 13.6, 1.8
_1097_, 5.4, 13.6, 1.8
_1098_, 5.4, 13.6, 1.8
_1099_, 5.4, 13.6, 1.8
_1100_, 5.4, 13.6, 1.8
_1101_, 5.4, 13.6, 1.8
_1102_, 5.4, 13.6, 1.8
_1103_, 5.4, 13.6, 1.8
_1104_, 5.4, 13.6, 1.8
_1105_, 5.4, 13.6, 1.8
_1106_, 5.4, 13.6, 1.8
_1107_, 5.4, 13.6, 1.8
_1108_, 5.4, 13.6, 1.8
_1109_, 5.4, 13.6, 1.8
_1110_, 5.4, 13.6, 1.8
_1111_, 5.4, 13.6, 1.8
_1112_, 5.4, 13.6, 1.8
_1113_, 5.4, 13.6, 1.8
_1114_, 5.4, 13.6, 1.8
_1115_, 5.4, 13.6, 1.8
_1116_, 5.4, 13.6, 1.8
_1117_, 5.4, 13.6, 1.8
_1118_, 5.4, 13.6, 1.8
_1119_, 5.4, 13.6, 1.8
_1120_, 5.4, 13.6, 1.8
_1121_, 5.4, 13.6, 1.8
_1122_, 5.4, 13.6, 1.8
_1123_, 5.4, 13.6, 1.8
_1124_, 5.4, 13.6, 1.8
_1125_, 5.4, 13.6, 1.8
_1126_, 5.4, 13.6, 1.8
_1127_, 5.4, 13.6, 1.8
_1128_, 5.4, 13.6, 1.8
_1129_, 5.4, 13.6, 1.8
_1130_, 5.4, 13.6, 1.8
_1131_, 5.4, 13.6, 1.8
_1132_, 5.4, 13.6, 1.8
_1133_, 5.4, 13.6, 1.8
_1134_, 5.4, 13.6, 1.8
_1135_, 5.4, 13.6, 1.8
_1136_, 5.4, 13.6, 1.8
_1137_, 5.4, 13.6, 1.8
_1138_, 5.4, 13.6, 1.8
_1139_, 5.4, 13.6, 1.8
_1140_, 5.4, 13.6, 1.8
_1141_, 5.4, 13.6, 1.8
_1142_, 5.4, 13.6, 1.8
_1143_, 5.4, 13.6, 1.8
_1144_, 5.4, 13.6, 1.8
_1145_, 5.4, 13.6, 1.8
_1146_, 5.4, 13.6, 1.8
_1147_, 5.4, 13.6, 1.8
_1148_, 5.4, 13.6, 1.8
_1149_, 5.4, 13.6, 1.8
_1150_, 5.4, 13.6, 1.8
_1151_, 5.4, 13.6, 1.8
_1152_, 5.4, 13.6, 1.8
_1153_, 5.4, 13.6, 1.8
_1154_, 5.4, 13.6, 1.8
_1155_, 5.4, 13.6, 1.8
_1156_, 5.4, 13.6, 1.8
_1157_, 5.4, 13.6, 1.8
_1158_, 5.4, 13.6, 1.8
_1159_, 5.4, 13.6, 1.8
_1160_, 5.4, 13.6, 1.8
_1161_, 5.4, 13.6, 1.8
_1162_, 5.4, 13.6, 1.8
_1163_, 5.4, 13.6, 1.8
_1164_, 5.4, 13.6, 1.8
_1165_, 5.4, 13.6, 1.8
_1166_, 5.4, 13.6, 1.8
_1167_, 5.4, 13.6, 1.8
_1168_, 5.4, 13.6, 1.8
_1169_, 5.4, 13.6, 1.8
_1170_, 5.4, 13.6, 1.8
_1171_, 5.4, 13.6, 1.8
_1172_, 5.4, 13.6, 1.8
_1173_, 5.4, 13.6, 1.8
_1174_, 5.4, 13.6, 1.8
_1175_, 5.4, 13.6, 1.8
_1176_, 5.4, 13.6, 1.8
_1177_, 5.4, 13.6, 1.8
_1178_, 5.4, 13.6, 1.8
_1179_, 5.4, 13.6, 1.8
_1180_, 5.4, 13.6, 1.8
_1181_, 5.4, 13.6, 1.8
_1182_, 5.4, 13.6, 1.8
_1183_, 5.4, 13.6, 1.8
_1184_, 5.4, 13.6, 1.8
_1185_, 5.4, 13.6, 1.8
_1186_, 5.4, 13.6, 1.8
_1187_, 5.4, 13.6, 1.8
_1188_, 5.4, 13.6, 1.8
_1189_, 5.4, 13.6, 1.8
_1190_, 5.4, 13.6, 1.8
_1191_, 5.4, 13.6, 1.8
_1192_, 5.4, 13.6, 1.8
_1193_, 5.4, 13.6, 1.8
_1194_, 5.4, 13.6, 1.8
_1195_, 5.4, 13.6, 1.8
_1196_, 5.4, 13.6, 1.8
_1197_, 5.4, 13.6, 1.8
_1198_, 5.4, 13.6, 1.8
_1199_, 5.4, 13.6, 1.8
_1200_, 5.4, 13.6, 1.8
_1201_, 5.4, 13.6, 1.8
_1202_, 5.4, 13.6, 1.8
_1203_, 5.4, 13.6, 1.8
_1204_, 5.4, 13.6, 1.8
_1205_, 5.4, 13.6, 1.8
_1206_, 5.4, 13.6, 1.8
_1207_, 5.4, 13.6, 1.8
_1208_, 5.4, 13.6, 1.8
_1209_, 5.4, 13.6, 1.8
_1210_, 5.4, 13.6, 1.8
_1211_, 5.4, 13.6, 1.8
_1212_, 5.4, 13.6, 1.8
_1213_, 5.4, 13.6, 1.8
_1214_, 5.4, 13.6, 1.8
_1215_, 5.4, 13.6, 1.8
_1216_, 5.4, 13.6, 1.8
_1217_, 5.4, 13.6, 1.8
_1218_, 5.4, 13.6, 1.8
_1219_, 5.4, 13.6, 1.8
_1220_, 5.4, 13.6, 1.8
_1221_, 5.4, 13.6, 1.8
_1222_, 5.4, 13.6, 1.8
_1223_, 5.4, 13.6, 1.8
_1224_, 5.4, 13.6, 1.8
_1225_, 5.4, 13.6, 1.8
_1226_, 5.4, 13.6, 1.8
_1227_, 5.4, 13.6, 1.8
_1228_, 5.4, 13.6, 1.8
_1229_, 5.4, 13.6, 1.8
_1230_, 5.4, 13.6, 1.8
_1231_, 5.4, 13.6, 1.8
_1232_, 5.4, 13.6, 1.8
_1233_, 5.4, 13.6, 1.8
_1234_, 5.4, 13.6, 1.8
_1235_, 5.4, 13.6, 1.8
_1236_, 5.4, 13.6, 1.8
_1237_, 5.4, 13.6, 1.8
_1238_, 5.4, 13.6, 1.8
_1239_, 5.4, 13.6, 1.8
_1240_, 5.4, 13.6, 1.8
_1241_, 5.4, 13.6, 1.8
_1242_, 5.4, 13.6, 1.8
_1243_, 5.4, 13.6, 1.8
_1244_, 5.4, 13.6, 1.8
_1245_, 5.4, 13.6, 1.8
_1246_, 5.4, 13.6, 1.8
_1247_, 5.4, 13.6, 1.8
_1248_, 5.4, 13.6, 1.8
_1249_, 5.4, 13.6, 1.8
_1250_, 5.4, 13.6, 1.8
_1251_, 5.4, 13.6, 1.8
_1252_, 5.4, 13.6, 1.8
_1253_, 5.4, 13.6, 1.8
_1254_, 5.4, 13.6, 1.8
_1255_, 5.4, 13.6, 1.8
_1256_, 5.4, 13.6, 1.8
_1257_, 5.4, 13.6, 1.8
_1258_, 5.4, 13.6, 1.8
_1259_, 5.4, 13.6, 1.8
_1260_, 5.4, 13.6, 1.8
_1261_, 5.4, 13.6, 1.8
_1262_, 5.4, 13.6, 1.8
_1263_, 5.4, 13.6, 1.8
_1264_, 5.4, 13.6, 1.8
_1265_, 5.4, 13.6, 1.8
_1266_, 5.4, 13.6, 1.8
_1267_, 5.4, 13.6, 1.8
_1268_, 5.4, 13.6, 1.8
_1269_, 5.4, 13.6, 1.8
_1270_, 5.4, 13.6, 1.8
_1271_, 5.4, 13.6, 1.8
_1272_, 5.4, 13.6, 1.8
_1273_, 5.4, 13.6, 1.8
_1274_, 5.4, 13.6, 1.8
_1275_, 5.4, 13.6, 1.8
_1276_, 5.4, 13.6, 1.8
_1277_, 5.4, 13.6, 1.8
_1278_, 5.4, 13.6, 1.8
_1279_, 5.4, 13.6, 1.8
_1280_, 5.4, 13.6, 1.8
_1281_, 5.4, 13.6, 1.8
_1282_, 5.4, 13.6, 1.8
_1283_, 5.4, 13.6, 1.8
_1284_, 5.4, 13.6, 1.8
_1285_, 5.4, 13.6, 1.8
_1286_, 5.4, 13.6, 1.8
_1287_, 5.4, 13.6, 1.8
_1288_, 5.4, 13.6, 1.8
_1289_, 5.4, 13.6, 1.8
_1290_, 5.4, 13.6, 1.8
_1291_, 5.4, 13.6, 1.8
_1292_, 5.4, 13.6, 1.8
_1293_, 5.4, 13.6, 1.8
_1294_, 5.4, 13.6, 1.8
_1295_, 5.4, 13.6, 1.8
_1296_, 5.4, 13.6, 1.8
_1297_, 5.4, 13.6, 1.8
_1298_, 5.4, 13.6, 1.8
_1299_, 5.4, 13.6, 1.8
_1300_, 5.4, 13.6, 1.8
_1301_, 5.4, 13.6, 1.8
_1302_, 5.4, 13.6, 1.8
_1303_, 5.4, 13.6, 1.8
_1304_, 5.4, 13.6, 1.8
_1305_, 5.4, 13.6, 1.8
_1306_, 5.4, 13.6, 1.8
_1307_, 5.4, 13.6, 1.8
_1308_, 5.4, 13.6, 1.8
_1309_, 5.4, 13.6, 1.8
_1310_, 5.4, 13.6, 1.8
_1311_, 5.4, 13.6, 1.8
_1312_, 5.4, 13.6, 1.8
_1313_, 5.4, 13.6, 1.8
_1314_, 5.4, 13.6, 1.8
_1315_, 5.4, 13.6, 1.8
_1316_, 5.4, 13.6, 1.8
_1317_, 5.4, 13.6, 1.8
_1318_, 5.4, 13.6, 1.8
_1319_, 5.4, 13.6, 1.8
_1320_, 5.4, 13.6, 1.8
_1321_, 5.4, 13.6, 1.8
_1322_, 5.4, 13.6, 1.8
_1323_, 5.4, 13.6, 1.8
_1324_, 5.4, 13.6, 1.8
_1325_, 5.4, 13.6, 1.8
_1326_, 5.4, 13.6, 1.8
_1327_, 5.4, 13.6, 1.8
_1328_, 5.4, 13.6, 1.8
_1329_, 5.4, 13.6, 1.8
_1330_, 5.4, 13.6, 1.8
_1331_, 5.4, 13.6, 1.8
_1332_, 5.4, 13.6, 1.8
_1333_, 5.4, 13.6, 1.8
_1334_, 5.4, 13.6, 1.8
_1335_, 5.4, 13.6, 1.8
_1336_, 5.4, 13.6, 1.8
_1337_, 5.4, 13.6, 1.8
_1338_, 5.4, 13.6, 1.8
_1339_, 5.4, 13.6, 1.8
_1340_, 5.4, 13.6, 1.8
_1341_, 5.4, 13.6, 1.8
_1342_, 5.4, 13.6, 1.8
_1343_, 5.4, 13.6, 1.8
_1344_, 5.4, 13.6, 1.8
_1345_, 5.4, 13.6, 1.8
_1346_, 5.4, 13.6, 1.8
_1347_, 5.4, 13.6, 1.8
_1348_, 5.4, 13.6, 1.8
_1349_, 5.4, 13.6, 1.8
_1350_, 5.4, 13.6, 1.8
_1351_, 5.4, 13.6, 1.8
_1352_, 5.4, 13.6, 1.8
_1353_, 5.4, 13.6, 1.8
_1354_, 5.4, 13.6, 1.8
_1355_, 5.4, 13.6, 1.8
_1356_, 5.4, 13.6, 1.8
_1357_, 5.4, 13.6, 1.8
_1358_, 5.4, 13.6, 1.8
_1359_, 5.4, 13.6, 1.8
_1360_, 5.4, 13.6, 1.8
_1361_, 5.4, 13.6, 1.8
_1362_, 5.4, 13.6, 1.8
_1363_, 5.4, 13.6, 1.8
_1364_, 5.4, 13.6, 1.8
_1365_, 5.4, 13.6, 1.8
_1366_, 5.4, 13.6, 1.8
_1367_, 5.4, 13.6, 1.8
_1368_, 5.4, 13.6, 1.8
_1369_, 5.4, 13.6, 1.8
_1370_, 5.4, 13.6, 1.8
_1371_, 5.4, 13.6, 1.8
_1372_, 5.4, 13.6, 1.8
_1373_, 5.4, 13.6, 1.8
_1374_, 5.4, 13.6, 1.8
_1375_, 5.4, 13.6, 1.8
PHY_1, 1490.4, 13.6, 1.8
PHY_3, 1490.4, 13.6, 1.8

